[0.027s] Invoking command in '/home/wyq/docker/ros_ws/build/moveit_core': AMENT_PREFIX_PATH=/home/wyq/docker/ros_ws/install/moveit_resources_panda_moveit_config:/home/wyq/docker/ros_ws/install/moveit_resources_pr2_description:/home/wyq/docker/ros_ws/install/moveit_resources_panda_description:${AMENT_PREFIX_PATH} CMAKE_PREFIX_PATH=/home/wyq/docker/ros_ws/install/moveit_resources_panda_moveit_config:/home/wyq/docker/ros_ws/install/moveit_resources_pr2_description:/home/wyq/docker/ros_ws/install/moveit_resources_panda_description /usr/bin/cmake /home/wyq/docker/ros_ws/src/moveit/moveit_core -DCATKIN_INSTALL_INTO_PREFIX_ROOT=0 -DCMAKE_INSTALL_PREFIX=/home/wyq/docker/ros_ws/install/moveit_core
[0.270s] -- The C compiler identification is GNU 11.4.0
[0.544s] -- The CXX compiler identification is GNU 11.4.0
[0.563s] -- Detecting C compiler ABI info
[0.645s] -- Detecting C compiler ABI info - done
[0.650s] -- Check for working C compiler: /usr/bin/cc - skipped
[0.654s] -- Detecting C compile features
[0.655s] -- Detecting C compile features - done
[0.663s] -- Detecting CXX compiler ABI info
[0.757s] -- Detecting CXX compiler ABI info - done
[0.764s] -- Check for working CXX compiler: /usr/bin/c++ - skipped
[0.765s] -- Detecting CXX compile features
[0.765s] -- Detecting CXX compile features - done
[0.766s] [0mTODO: Analyse and fix gcc's maybe-uninitialized warnings[0m
[0.774s] [0mmoveit_core: You did not request a specific build type: Choosing 'Release' for maximum performance[0m
[1.141s] -- Found Boost: /usr/lib/x86_64-linux-gnu/cmake/Boost-1.74.0/BoostConfig.cmake (found version "1.74.0") found components: system filesystem date_time thread iostreams regex 
[1.166s] -- Found PkgConfig: /usr/bin/pkg-config (found version "0.29.2") 
[1.170s] -- Checking for module 'bullet'
[1.186s] --   Found bullet, version 3.05
[1.261s] -- Found Bullet: BulletSoftBody;BulletDynamics;BulletCollision;LinearMath (found suitable version "3.05", minimum required is "2.87") 
[1.264s] -- Compiling with Bullet
[1.296s] [31mCMake Error at CMakeLists.txt:47 (find_package):
[1.296s]   By not providing "Findruckig.cmake" in CMAKE_MODULE_PATH this project has
[1.297s]   asked CMake to find a package configuration file provided by "ruckig", but
[1.297s]   CMake did not find one.
[1.297s] 
[1.297s]   Could not find a package configuration file provided by "ruckig" with any
[1.297s]   of the following names:
[1.297s] 
[1.297s]     ruckigConfig.cmake
[1.297s]     ruckig-config.cmake
[1.297s] 
[1.297s]   Add the installation prefix of "ruckig" to CMAKE_PREFIX_PATH or set
[1.297s]   "ruckig_DIR" to a directory containing one of the above files.  If "ruckig"
[1.297s]   provides a separate development package or SDK, be sure it has been
[1.297s]   installed.
[1.297s] 
[1.297s] [0m
[1.300s] -- Configuring incomplete, errors occurred!
[1.300s] See also "/home/wyq/docker/ros_ws/build/moveit_core/CMakeFiles/CMakeOutput.log".
[1.315s] Invoked command in '/home/wyq/docker/ros_ws/build/moveit_core' returned '1': AMENT_PREFIX_PATH=/home/wyq/docker/ros_ws/install/moveit_resources_panda_moveit_config:/home/wyq/docker/ros_ws/install/moveit_resources_pr2_description:/home/wyq/docker/ros_ws/install/moveit_resources_panda_description:${AMENT_PREFIX_PATH} CMAKE_PREFIX_PATH=/home/wyq/docker/ros_ws/install/moveit_resources_panda_moveit_config:/home/wyq/docker/ros_ws/install/moveit_resources_pr2_description:/home/wyq/docker/ros_ws/install/moveit_resources_panda_description /usr/bin/cmake /home/wyq/docker/ros_ws/src/moveit/moveit_core -DCATKIN_INSTALL_INTO_PREFIX_ROOT=0 -DCMAKE_INSTALL_PREFIX=/home/wyq/docker/ros_ws/install/moveit_core
