[0.040s] Invoking command in '/home/wyq/docker/moveit2/ros_ws/build/assistant': CMAKE_PREFIX_PATH=${CMAKE_PREFIX_PATH}:/home/wyq/docker/moveit2/ros_ws/install/my_moveit2:/opt/ros/humble /usr/bin/cmake /home/wyq/docker/moveit2/ros_ws/src/assistant -DCMAKE_INSTALL_PREFIX=/home/wyq/docker/moveit2/ros_ws/install/assistant
[0.121s] -- The C compiler identification is GNU 11.4.0
[0.170s] -- The CXX compiler identification is GNU 11.4.0
[0.177s] -- Detecting C compiler ABI info
[0.247s] -- Detecting C compiler ABI info - done
[0.252s] -- Check for working C compiler: /usr/bin/cc - skipped
[0.252s] -- Detecting C compile features
[0.252s] -- Detecting C compile features - done
[0.254s] -- Detecting CXX compiler ABI info
[0.323s] -- Detecting CXX compiler ABI info - done
[0.326s] -- Check for working CXX compiler: /usr/bin/c++ - skipped
[0.327s] -- Detecting CXX compile features
[0.327s] -- Detecting CXX compile features - done
[0.331s] -- Found ament_cmake: 1.3.11 (/opt/ros/humble/share/ament_cmake/cmake)
[0.465s] -- Found Python3: /usr/bin/python3 (found version "3.10.12") found components: Interpreter 
[0.577s] -- Configuring done
[0.579s] -- Generating done
[0.581s] -- Build files have been written to: /home/wyq/docker/moveit2/ros_ws/build/assistant
[0.584s] Invoked command in '/home/wyq/docker/moveit2/ros_ws/build/assistant' returned '0': CMAKE_PREFIX_PATH=${CMAKE_PREFIX_PATH}:/home/wyq/docker/moveit2/ros_ws/install/my_moveit2:/opt/ros/humble /usr/bin/cmake /home/wyq/docker/moveit2/ros_ws/src/assistant -DCMAKE_INSTALL_PREFIX=/home/wyq/docker/moveit2/ros_ws/install/assistant
[0.586s] Invoking command in '/home/wyq/docker/moveit2/ros_ws/build/assistant': CMAKE_PREFIX_PATH=${CMAKE_PREFIX_PATH}:/home/wyq/docker/moveit2/ros_ws/install/my_moveit2:/opt/ros/humble /usr/bin/cmake --build /home/wyq/docker/moveit2/ros_ws/build/assistant -- -j4 -l4
[0.621s] Invoked command in '/home/wyq/docker/moveit2/ros_ws/build/assistant' returned '0': CMAKE_PREFIX_PATH=${CMAKE_PREFIX_PATH}:/home/wyq/docker/moveit2/ros_ws/install/my_moveit2:/opt/ros/humble /usr/bin/cmake --build /home/wyq/docker/moveit2/ros_ws/build/assistant -- -j4 -l4
[0.632s] Invoking command in '/home/wyq/docker/moveit2/ros_ws/build/assistant': CMAKE_PREFIX_PATH=${CMAKE_PREFIX_PATH}:/home/wyq/docker/moveit2/ros_ws/install/my_moveit2:/opt/ros/humble /usr/bin/cmake --install /home/wyq/docker/moveit2/ros_ws/build/assistant
[0.638s] -- Install configuration: ""
[0.638s] -- Installing: /home/wyq/docker/moveit2/ros_ws/install/assistant/share/ament_index/resource_index/package_run_dependencies/assistant
[0.638s] -- Installing: /home/wyq/docker/moveit2/ros_ws/install/assistant/share/ament_index/resource_index/parent_prefix_path/assistant
[0.638s] -- Installing: /home/wyq/docker/moveit2/ros_ws/install/assistant/share/assistant/environment/ament_prefix_path.sh
[0.638s] -- Installing: /home/wyq/docker/moveit2/ros_ws/install/assistant/share/assistant/environment/ament_prefix_path.dsv
[0.638s] -- Installing: /home/wyq/docker/moveit2/ros_ws/install/assistant/share/assistant/environment/path.sh
[0.638s] -- Installing: /home/wyq/docker/moveit2/ros_ws/install/assistant/share/assistant/environment/path.dsv
[0.639s] -- Installing: /home/wyq/docker/moveit2/ros_ws/install/assistant/share/assistant/local_setup.bash
[0.639s] -- Installing: /home/wyq/docker/moveit2/ros_ws/install/assistant/share/assistant/local_setup.sh
[0.639s] -- Installing: /home/wyq/docker/moveit2/ros_ws/install/assistant/share/assistant/local_setup.zsh
[0.639s] -- Installing: /home/wyq/docker/moveit2/ros_ws/install/assistant/share/assistant/local_setup.dsv
[0.639s] -- Installing: /home/wyq/docker/moveit2/ros_ws/install/assistant/share/assistant/package.dsv
[0.640s] -- Installing: /home/wyq/docker/moveit2/ros_ws/install/assistant/share/ament_index/resource_index/packages/assistant
[0.640s] -- Installing: /home/wyq/docker/moveit2/ros_ws/install/assistant/share/assistant/cmake/assistantConfig.cmake
[0.640s] -- Installing: /home/wyq/docker/moveit2/ros_ws/install/assistant/share/assistant/cmake/assistantConfig-version.cmake
[0.640s] -- Installing: /home/wyq/docker/moveit2/ros_ws/install/assistant/share/assistant/package.xml
[0.640s] -- Installing: /home/wyq/docker/moveit2/ros_ws/install/assistant/share/assistant/launch
[0.640s] -- Installing: /home/wyq/docker/moveit2/ros_ws/install/assistant/share/assistant/launch/move_group.launch.py
[0.640s] -- Installing: /home/wyq/docker/moveit2/ros_ws/install/assistant/share/assistant/launch/rsp.launch.py
[0.640s] -- Installing: /home/wyq/docker/moveit2/ros_ws/install/assistant/share/assistant/launch/moveit_rviz.launch.py
[0.640s] -- Installing: /home/wyq/docker/moveit2/ros_ws/install/assistant/share/assistant/launch/warehouse_db.launch.py
[0.640s] -- Installing: /home/wyq/docker/moveit2/ros_ws/install/assistant/share/assistant/launch/setup_assistant.launch.py
[0.640s] -- Installing: /home/wyq/docker/moveit2/ros_ws/install/assistant/share/assistant/launch/demo.launch.py
[0.641s] -- Installing: /home/wyq/docker/moveit2/ros_ws/install/assistant/share/assistant/launch/spawn_controllers.launch.py
[0.641s] -- Installing: /home/wyq/docker/moveit2/ros_ws/install/assistant/share/assistant/launch/static_virtual_joint_tfs.launch.py
[0.641s] -- Installing: /home/wyq/docker/moveit2/ros_ws/install/assistant/share/assistant/config
[0.641s] -- Installing: /home/wyq/docker/moveit2/ros_ws/install/assistant/share/assistant/config/initial_positions.yaml
[0.641s] -- Installing: /home/wyq/docker/moveit2/ros_ws/install/assistant/share/assistant/config/kinematics.yaml
[0.641s] -- Installing: /home/wyq/docker/moveit2/ros_ws/install/assistant/share/assistant/config/ros2_controllers.yaml
[0.641s] -- Installing: /home/wyq/docker/moveit2/ros_ws/install/assistant/share/assistant/config/moveit.rviz
[0.641s] -- Installing: /home/wyq/docker/moveit2/ros_ws/install/assistant/share/assistant/config/panda.ros2_control.xacro
[0.641s] -- Installing: /home/wyq/docker/moveit2/ros_ws/install/assistant/share/assistant/config/joint_limits.yaml
[0.641s] -- Installing: /home/wyq/docker/moveit2/ros_ws/install/assistant/share/assistant/config/panda.urdf.xacro
[0.642s] -- Installing: /home/wyq/docker/moveit2/ros_ws/install/assistant/share/assistant/config/moveit_controllers.yaml
[0.642s] -- Installing: /home/wyq/docker/moveit2/ros_ws/install/assistant/share/assistant/config/panda.srdf
[0.642s] -- Installing: /home/wyq/docker/moveit2/ros_ws/install/assistant/share/assistant/config/pilz_cartesian_limits.yaml
[0.642s] -- Installing: /home/wyq/docker/moveit2/ros_ws/install/assistant/share/assistant/.setup_assistant
[0.643s] Invoked command in '/home/wyq/docker/moveit2/ros_ws/build/assistant' returned '0': CMAKE_PREFIX_PATH=${CMAKE_PREFIX_PATH}:/home/wyq/docker/moveit2/ros_ws/install/my_moveit2:/opt/ros/humble /usr/bin/cmake --install /home/wyq/docker/moveit2/ros_ws/build/assistant
