[0.017s] Invoking command in '/ros_ws/build/assistant': CMAKE_PREFIX_PATH=${CMAKE_PREFIX_PATH}:/ros_ws/install/my_moveit2:/opt/ros/humble /usr/bin/cmake --build /ros_ws/build/assistant -- -j4 -l4
[0.185s] Invoked command in '/ros_ws/build/assistant' returned '0': CMAKE_PREFIX_PATH=${CMAKE_PREFIX_PATH}:/ros_ws/install/my_moveit2:/opt/ros/humble /usr/bin/cmake --build /ros_ws/build/assistant -- -j4 -l4
[0.220s] Invoking command in '/ros_ws/build/assistant': CMAKE_PREFIX_PATH=${CMAKE_PREFIX_PATH}:/ros_ws/install/my_moveit2:/opt/ros/humble /usr/bin/cmake --install /ros_ws/build/assistant
[0.227s] -- Install configuration: ""
[0.227s] -- Up-to-date: /ros_ws/install/assistant/share/ament_index/resource_index/package_run_dependencies/assistant
[0.227s] -- Up-to-date: /ros_ws/install/assistant/share/ament_index/resource_index/parent_prefix_path/assistant
[0.227s] -- Up-to-date: /ros_ws/install/assistant/share/assistant/environment/ament_prefix_path.sh
[0.228s] -- Up-to-date: /ros_ws/install/assistant/share/assistant/environment/ament_prefix_path.dsv
[0.228s] -- Up-to-date: /ros_ws/install/assistant/share/assistant/environment/path.sh
[0.229s] -- Up-to-date: /ros_ws/install/assistant/share/assistant/environment/path.dsv
[0.229s] -- Up-to-date: /ros_ws/install/assistant/share/assistant/local_setup.bash
[0.232s] -- Up-to-date: /ros_ws/install/assistant/share/assistant/local_setup.sh
[0.232s] -- Up-to-date: /ros_ws/install/assistant/share/assistant/local_setup.zsh
[0.232s] -- Up-to-date: /ros_ws/install/assistant/share/assistant/local_setup.dsv
[0.232s] -- Installing: /ros_ws/install/assistant/share/assistant/package.dsv
[0.232s] -- Up-to-date: /ros_ws/install/assistant/share/ament_index/resource_index/packages/assistant
[0.232s] -- Up-to-date: /ros_ws/install/assistant/share/assistant/cmake/assistantConfig.cmake
[0.232s] -- Up-to-date: /ros_ws/install/assistant/share/assistant/cmake/assistantConfig-version.cmake
[0.232s] -- Up-to-date: /ros_ws/install/assistant/share/assistant/package.xml
[0.233s] -- Up-to-date: /ros_ws/install/assistant/share/assistant/launch
[0.233s] -- Up-to-date: /ros_ws/install/assistant/share/assistant/launch/move_group.launch.py
[0.233s] -- Up-to-date: /ros_ws/install/assistant/share/assistant/launch/rsp.launch.py
[0.233s] -- Up-to-date: /ros_ws/install/assistant/share/assistant/launch/moveit_rviz.launch.py
[0.233s] -- Up-to-date: /ros_ws/install/assistant/share/assistant/launch/warehouse_db.launch.py
[0.233s] -- Up-to-date: /ros_ws/install/assistant/share/assistant/launch/setup_assistant.launch.py
[0.233s] -- Up-to-date: /ros_ws/install/assistant/share/assistant/launch/demo.launch.py
[0.233s] -- Up-to-date: /ros_ws/install/assistant/share/assistant/launch/spawn_controllers.launch.py
[0.233s] -- Up-to-date: /ros_ws/install/assistant/share/assistant/launch/static_virtual_joint_tfs.launch.py
[0.233s] -- Up-to-date: /ros_ws/install/assistant/share/assistant/config
[0.234s] -- Up-to-date: /ros_ws/install/assistant/share/assistant/config/initial_positions.yaml
[0.234s] -- Up-to-date: /ros_ws/install/assistant/share/assistant/config/kinematics.yaml
[0.234s] -- Up-to-date: /ros_ws/install/assistant/share/assistant/config/ros2_controllers.yaml
[0.234s] -- Up-to-date: /ros_ws/install/assistant/share/assistant/config/moveit.rviz
[0.234s] -- Up-to-date: /ros_ws/install/assistant/share/assistant/config/panda.ros2_control.xacro
[0.234s] -- Up-to-date: /ros_ws/install/assistant/share/assistant/config/joint_limits.yaml
[0.234s] -- Up-to-date: /ros_ws/install/assistant/share/assistant/config/panda.urdf.xacro
[0.234s] -- Up-to-date: /ros_ws/install/assistant/share/assistant/config/moveit_controllers.yaml
[0.234s] -- Up-to-date: /ros_ws/install/assistant/share/assistant/config/panda.srdf
[0.235s] -- Up-to-date: /ros_ws/install/assistant/share/assistant/config/pilz_cartesian_limits.yaml
[0.235s] -- Up-to-date: /ros_ws/install/assistant/share/assistant/.setup_assistant
[0.238s] Invoked command in '/ros_ws/build/assistant' returned '0': CMAKE_PREFIX_PATH=${CMAKE_PREFIX_PATH}:/ros_ws/install/my_moveit2:/opt/ros/humble /usr/bin/cmake --install /ros_ws/build/assistant
