-- Install configuration: ""
-- Up-to-date: /home/wyq/docker/ros_ws/install/dual_arm_panda_moveit_config/share/ament_index/resource_index/package_run_dependencies/dual_arm_panda_moveit_config
-- Up-to-date: /home/wyq/docker/ros_ws/install/dual_arm_panda_moveit_config/share/ament_index/resource_index/parent_prefix_path/dual_arm_panda_moveit_config
-- Up-to-date: /home/wyq/docker/ros_ws/install/dual_arm_panda_moveit_config/share/dual_arm_panda_moveit_config/environment/ament_prefix_path.sh
-- Up-to-date: /home/wyq/docker/ros_ws/install/dual_arm_panda_moveit_config/share/dual_arm_panda_moveit_config/environment/ament_prefix_path.dsv
-- Up-to-date: /home/wyq/docker/ros_ws/install/dual_arm_panda_moveit_config/share/dual_arm_panda_moveit_config/environment/path.sh
-- Up-to-date: /home/wyq/docker/ros_ws/install/dual_arm_panda_moveit_config/share/dual_arm_panda_moveit_config/environment/path.dsv
-- Up-to-date: /home/wyq/docker/ros_ws/install/dual_arm_panda_moveit_config/share/dual_arm_panda_moveit_config/local_setup.bash
-- Up-to-date: /home/wyq/docker/ros_ws/install/dual_arm_panda_moveit_config/share/dual_arm_panda_moveit_config/local_setup.sh
-- Up-to-date: /home/wyq/docker/ros_ws/install/dual_arm_panda_moveit_config/share/dual_arm_panda_moveit_config/local_setup.zsh
-- Up-to-date: /home/wyq/docker/ros_ws/install/dual_arm_panda_moveit_config/share/dual_arm_panda_moveit_config/local_setup.dsv
-- Up-to-date: /home/wyq/docker/ros_ws/install/dual_arm_panda_moveit_config/share/dual_arm_panda_moveit_config/package.dsv
-- Up-to-date: /home/wyq/docker/ros_ws/install/dual_arm_panda_moveit_config/share/ament_index/resource_index/packages/dual_arm_panda_moveit_config
-- Up-to-date: /home/wyq/docker/ros_ws/install/dual_arm_panda_moveit_config/share/dual_arm_panda_moveit_config/cmake/dual_arm_panda_moveit_configConfig.cmake
-- Up-to-date: /home/wyq/docker/ros_ws/install/dual_arm_panda_moveit_config/share/dual_arm_panda_moveit_config/cmake/dual_arm_panda_moveit_configConfig-version.cmake
-- Up-to-date: /home/wyq/docker/ros_ws/install/dual_arm_panda_moveit_config/share/dual_arm_panda_moveit_config/package.xml
-- Up-to-date: /home/wyq/docker/ros_ws/install/dual_arm_panda_moveit_config/share/dual_arm_panda_moveit_config/launch
-- Up-to-date: /home/wyq/docker/ros_ws/install/dual_arm_panda_moveit_config/share/dual_arm_panda_moveit_config/launch/moveit.rviz
-- Up-to-date: /home/wyq/docker/ros_ws/install/dual_arm_panda_moveit_config/share/dual_arm_panda_moveit_config/launch/demo.launch.py
-- Up-to-date: /home/wyq/docker/ros_ws/install/dual_arm_panda_moveit_config/share/dual_arm_panda_moveit_config/config
-- Up-to-date: /home/wyq/docker/ros_ws/install/dual_arm_panda_moveit_config/share/dual_arm_panda_moveit_config/config/kinematics.yaml
-- Up-to-date: /home/wyq/docker/ros_ws/install/dual_arm_panda_moveit_config/share/dual_arm_panda_moveit_config/config/ros2_controllers.yaml
-- Up-to-date: /home/wyq/docker/ros_ws/install/dual_arm_panda_moveit_config/share/dual_arm_panda_moveit_config/config/panda.ros2_control.xacro
-- Up-to-date: /home/wyq/docker/ros_ws/install/dual_arm_panda_moveit_config/share/dual_arm_panda_moveit_config/config/right_initial_positions.yaml
-- Up-to-date: /home/wyq/docker/ros_ws/install/dual_arm_panda_moveit_config/share/dual_arm_panda_moveit_config/config/panda_hand.ros2_control.xacro
-- Up-to-date: /home/wyq/docker/ros_ws/install/dual_arm_panda_moveit_config/share/dual_arm_panda_moveit_config/config/ompl_planning.yaml
-- Up-to-date: /home/wyq/docker/ros_ws/install/dual_arm_panda_moveit_config/share/dual_arm_panda_moveit_config/config/joint_limits.yaml
-- Up-to-date: /home/wyq/docker/ros_ws/install/dual_arm_panda_moveit_config/share/dual_arm_panda_moveit_config/config/hand.xacro
-- Up-to-date: /home/wyq/docker/ros_ws/install/dual_arm_panda_moveit_config/share/dual_arm_panda_moveit_config/config/panda_arm_macro.xacro
-- Up-to-date: /home/wyq/docker/ros_ws/install/dual_arm_panda_moveit_config/share/dual_arm_panda_moveit_config/config/panda.urdf.xacro
-- Up-to-date: /home/wyq/docker/ros_ws/install/dual_arm_panda_moveit_config/share/dual_arm_panda_moveit_config/config/left_initial_positions.yaml
-- Up-to-date: /home/wyq/docker/ros_ws/install/dual_arm_panda_moveit_config/share/dual_arm_panda_moveit_config/config/moveit_controllers.yaml
-- Up-to-date: /home/wyq/docker/ros_ws/install/dual_arm_panda_moveit_config/share/dual_arm_panda_moveit_config/config/panda.srdf
-- Up-to-date: /home/wyq/docker/ros_ws/install/dual_arm_panda_moveit_config/share/dual_arm_panda_moveit_config/config/pilz_cartesian_limits.yaml
