[0.020s] Invoking command in '/home/wyq/docker/ros_ws/build/dual_arm_panda_moveit_config': AMENT_PREFIX_PATH=/home/wyq/docker/ros_ws/install/moveit_resources_panda_description:${AMENT_PREFIX_PATH} CMAKE_PREFIX_PATH=/home/wyq/docker/ros_ws/install/moveit_resources_panda_description:/opt/ros/humble /usr/bin/cmake --build /home/wyq/docker/ros_ws/build/dual_arm_panda_moveit_config -- -j4 -l4
[0.056s] Invoked command in '/home/wyq/docker/ros_ws/build/dual_arm_panda_moveit_config' returned '0': AMENT_PREFIX_PATH=/home/wyq/docker/ros_ws/install/moveit_resources_panda_description:${AMENT_PREFIX_PATH} CMAKE_PREFIX_PATH=/home/wyq/docker/ros_ws/install/moveit_resources_panda_description:/opt/ros/humble /usr/bin/cmake --build /home/wyq/docker/ros_ws/build/dual_arm_panda_moveit_config -- -j4 -l4
[0.058s] Invoking command in '/home/wyq/docker/ros_ws/build/dual_arm_panda_moveit_config': AMENT_PREFIX_PATH=/home/wyq/docker/ros_ws/install/moveit_resources_panda_description:${AMENT_PREFIX_PATH} CMAKE_PREFIX_PATH=/home/wyq/docker/ros_ws/install/moveit_resources_panda_description:/opt/ros/humble /usr/bin/cmake --install /home/wyq/docker/ros_ws/build/dual_arm_panda_moveit_config
[0.071s] -- Install configuration: ""
[0.071s] -- Up-to-date: /home/wyq/docker/ros_ws/install/dual_arm_panda_moveit_config/share/ament_index/resource_index/package_run_dependencies/dual_arm_panda_moveit_config
[0.071s] -- Up-to-date: /home/wyq/docker/ros_ws/install/dual_arm_panda_moveit_config/share/ament_index/resource_index/parent_prefix_path/dual_arm_panda_moveit_config
[0.071s] -- Up-to-date: /home/wyq/docker/ros_ws/install/dual_arm_panda_moveit_config/share/dual_arm_panda_moveit_config/environment/ament_prefix_path.sh
[0.071s] -- Up-to-date: /home/wyq/docker/ros_ws/install/dual_arm_panda_moveit_config/share/dual_arm_panda_moveit_config/environment/ament_prefix_path.dsv
[0.071s] -- Up-to-date: /home/wyq/docker/ros_ws/install/dual_arm_panda_moveit_config/share/dual_arm_panda_moveit_config/environment/path.sh
[0.071s] -- Up-to-date: /home/wyq/docker/ros_ws/install/dual_arm_panda_moveit_config/share/dual_arm_panda_moveit_config/environment/path.dsv
[0.071s] -- Up-to-date: /home/wyq/docker/ros_ws/install/dual_arm_panda_moveit_config/share/dual_arm_panda_moveit_config/local_setup.bash
[0.073s] -- Up-to-date: /home/wyq/docker/ros_ws/install/dual_arm_panda_moveit_config/share/dual_arm_panda_moveit_config/local_setup.sh
[0.073s] -- Up-to-date: /home/wyq/docker/ros_ws/install/dual_arm_panda_moveit_config/share/dual_arm_panda_moveit_config/local_setup.zsh
[0.073s] -- Up-to-date: /home/wyq/docker/ros_ws/install/dual_arm_panda_moveit_config/share/dual_arm_panda_moveit_config/local_setup.dsv
[0.073s] -- Up-to-date: /home/wyq/docker/ros_ws/install/dual_arm_panda_moveit_config/share/dual_arm_panda_moveit_config/package.dsv
[0.073s] -- Up-to-date: /home/wyq/docker/ros_ws/install/dual_arm_panda_moveit_config/share/ament_index/resource_index/packages/dual_arm_panda_moveit_config
[0.073s] -- Up-to-date: /home/wyq/docker/ros_ws/install/dual_arm_panda_moveit_config/share/dual_arm_panda_moveit_config/cmake/dual_arm_panda_moveit_configConfig.cmake
[0.074s] -- Up-to-date: /home/wyq/docker/ros_ws/install/dual_arm_panda_moveit_config/share/dual_arm_panda_moveit_config/cmake/dual_arm_panda_moveit_configConfig-version.cmake
[0.074s] -- Up-to-date: /home/wyq/docker/ros_ws/install/dual_arm_panda_moveit_config/share/dual_arm_panda_moveit_config/package.xml
[0.074s] -- Up-to-date: /home/wyq/docker/ros_ws/install/dual_arm_panda_moveit_config/share/dual_arm_panda_moveit_config/launch
[0.074s] -- Up-to-date: /home/wyq/docker/ros_ws/install/dual_arm_panda_moveit_config/share/dual_arm_panda_moveit_config/launch/moveit.rviz
[0.074s] -- Up-to-date: /home/wyq/docker/ros_ws/install/dual_arm_panda_moveit_config/share/dual_arm_panda_moveit_config/launch/demo.launch.py
[0.074s] -- Up-to-date: /home/wyq/docker/ros_ws/install/dual_arm_panda_moveit_config/share/dual_arm_panda_moveit_config/config
[0.074s] -- Up-to-date: /home/wyq/docker/ros_ws/install/dual_arm_panda_moveit_config/share/dual_arm_panda_moveit_config/config/kinematics.yaml
[0.074s] -- Up-to-date: /home/wyq/docker/ros_ws/install/dual_arm_panda_moveit_config/share/dual_arm_panda_moveit_config/config/ros2_controllers.yaml
[0.074s] -- Up-to-date: /home/wyq/docker/ros_ws/install/dual_arm_panda_moveit_config/share/dual_arm_panda_moveit_config/config/panda.ros2_control.xacro
[0.074s] -- Up-to-date: /home/wyq/docker/ros_ws/install/dual_arm_panda_moveit_config/share/dual_arm_panda_moveit_config/config/right_initial_positions.yaml
[0.075s] -- Up-to-date: /home/wyq/docker/ros_ws/install/dual_arm_panda_moveit_config/share/dual_arm_panda_moveit_config/config/panda_hand.ros2_control.xacro
[0.075s] -- Up-to-date: /home/wyq/docker/ros_ws/install/dual_arm_panda_moveit_config/share/dual_arm_panda_moveit_config/config/ompl_planning.yaml
[0.075s] -- Up-to-date: /home/wyq/docker/ros_ws/install/dual_arm_panda_moveit_config/share/dual_arm_panda_moveit_config/config/joint_limits.yaml
[0.075s] -- Up-to-date: /home/wyq/docker/ros_ws/install/dual_arm_panda_moveit_config/share/dual_arm_panda_moveit_config/config/hand.xacro
[0.075s] -- Up-to-date: /home/wyq/docker/ros_ws/install/dual_arm_panda_moveit_config/share/dual_arm_panda_moveit_config/config/panda_arm_macro.xacro
[0.075s] -- Up-to-date: /home/wyq/docker/ros_ws/install/dual_arm_panda_moveit_config/share/dual_arm_panda_moveit_config/config/panda.urdf.xacro
[0.075s] -- Up-to-date: /home/wyq/docker/ros_ws/install/dual_arm_panda_moveit_config/share/dual_arm_panda_moveit_config/config/left_initial_positions.yaml
[0.075s] -- Up-to-date: /home/wyq/docker/ros_ws/install/dual_arm_panda_moveit_config/share/dual_arm_panda_moveit_config/config/moveit_controllers.yaml
[0.075s] -- Up-to-date: /home/wyq/docker/ros_ws/install/dual_arm_panda_moveit_config/share/dual_arm_panda_moveit_config/config/panda.srdf
[0.075s] -- Up-to-date: /home/wyq/docker/ros_ws/install/dual_arm_panda_moveit_config/share/dual_arm_panda_moveit_config/config/pilz_cartesian_limits.yaml
[0.103s] Invoked command in '/home/wyq/docker/ros_ws/build/dual_arm_panda_moveit_config' returned '0': AMENT_PREFIX_PATH=/home/wyq/docker/ros_ws/install/moveit_resources_panda_description:${AMENT_PREFIX_PATH} CMAKE_PREFIX_PATH=/home/wyq/docker/ros_ws/install/moveit_resources_panda_description:/opt/ros/humble /usr/bin/cmake --install /home/wyq/docker/ros_ws/build/dual_arm_panda_moveit_config
