[0.075s] DEBUG:colcon:Command line arguments: ['/usr/bin/colcon', 'build']
[0.075s] DEBUG:colcon:Parsed command line arguments: Namespace(log_base=None, log_level=None, verb_name='build', build_base='build', install_base='install', merge_install=False, symlink_install=False, test_result_base=None, continue_on_error=False, executor='parallel', parallel_workers=4, event_handlers=None, ignore_user_meta=False, metas=['./colcon.meta'], base_paths=['.'], packages_ignore=None, packages_ignore_regex=None, paths=None, packages_up_to=None, packages_up_to_regex=None, packages_above=None, packages_above_and_dependencies=None, packages_above_depth=None, packages_select_by_dep=None, packages_skip_by_dep=None, packages_skip_up_to=None, packages_select_build_failed=False, packages_skip_build_finished=False, packages_select_test_failures=False, packages_skip_test_passed=False, packages_select=None, packages_skip=None, packages_select_regex=None, packages_skip_regex=None, packages_start=None, packages_end=None, cmake_args=None, cmake_target=None, cmake_target_skip_unavailable=False, cmake_clean_cache=False, cmake_clean_first=False, cmake_force_configure=False, ament_cmake_args=None, catkin_cmake_args=None, catkin_skip_building_tests=False, mixin_files=None, mixin=None, verb_parser=<colcon_mixin.mixin.mixin_argument.MixinArgumentDecorator object at 0x7f84228c4490>, verb_extension=<colcon_core.verb.build.BuildVerb object at 0x7f842288bee0>, main=<bound method BuildVerb.main of <colcon_core.verb.build.BuildVerb object at 0x7f842288bee0>>, mixin_verb=('build',))
[0.162s] Level 1:colcon.colcon_core.package_discovery:discover_packages(colcon_meta) check parameters
[0.162s] INFO:colcon.colcon_metadata.package_discovery.colcon_meta:Using configuration from '/root/.colcon/metadata/default/Gazebo.meta'
[0.163s] INFO:colcon.colcon_metadata.package_discovery.colcon_meta:Using configuration from '/root/.colcon/metadata/default/fastrtps.meta'
[0.163s] Level 1:colcon.colcon_core.package_discovery:discover_packages(recursive) check parameters
[0.163s] Level 1:colcon.colcon_core.package_discovery:discover_packages(ignore) check parameters
[0.163s] Level 1:colcon.colcon_core.package_discovery:discover_packages(path) check parameters
[0.163s] Level 1:colcon.colcon_core.package_discovery:discover_packages(colcon_meta) discover
[0.163s] Level 1:colcon.colcon_core.package_discovery:discover_packages(recursive) discover
[0.163s] INFO:colcon.colcon_core.package_discovery:Crawling recursively for packages in '/ros_ws'
[0.163s] Level 1:colcon.colcon_core.package_identification:_identify(.) by extensions ['ignore', 'ignore_ament_install']
[0.163s] Level 1:colcon.colcon_core.package_identification:_identify(.) by extension 'ignore'
[0.163s] Level 1:colcon.colcon_core.package_identification:_identify(.) by extension 'ignore_ament_install'
[0.163s] Level 1:colcon.colcon_core.package_identification:_identify(.) by extensions ['colcon_pkg']
[0.163s] Level 1:colcon.colcon_core.package_identification:_identify(.) by extension 'colcon_pkg'
[0.163s] Level 1:colcon.colcon_core.package_identification:_identify(.) by extensions ['colcon_meta']
[0.164s] Level 1:colcon.colcon_core.package_identification:_identify(.) by extension 'colcon_meta'
[0.164s] Level 1:colcon.colcon_core.package_identification:_identify(.) by extensions ['ros']
[0.164s] Level 1:colcon.colcon_core.package_identification:_identify(.) by extension 'ros'
[0.172s] Level 1:colcon.colcon_core.package_identification:_identify(.) by extensions ['cmake', 'python']
[0.172s] Level 1:colcon.colcon_core.package_identification:_identify(.) by extension 'cmake'
[0.172s] Level 1:colcon.colcon_core.package_identification:_identify(.) by extension 'python'
[0.172s] Level 1:colcon.colcon_core.package_identification:_identify(.) by extensions ['python_setup_py']
[0.172s] Level 1:colcon.colcon_core.package_identification:_identify(.) by extension 'python_setup_py'
[0.172s] Level 1:colcon.colcon_core.package_identification:_identify(build) by extensions ['ignore', 'ignore_ament_install']
[0.172s] Level 1:colcon.colcon_core.package_identification:_identify(build) by extension 'ignore'
[0.172s] Level 1:colcon.colcon_core.package_identification:_identify(build) ignored
[0.173s] Level 1:colcon.colcon_core.package_identification:_identify(install) by extensions ['ignore', 'ignore_ament_install']
[0.173s] Level 1:colcon.colcon_core.package_identification:_identify(install) by extension 'ignore'
[0.173s] Level 1:colcon.colcon_core.package_identification:_identify(install) ignored
[0.173s] Level 1:colcon.colcon_core.package_identification:_identify(log) by extensions ['ignore', 'ignore_ament_install']
[0.173s] Level 1:colcon.colcon_core.package_identification:_identify(log) by extension 'ignore'
[0.173s] Level 1:colcon.colcon_core.package_identification:_identify(log) ignored
[0.173s] Level 1:colcon.colcon_core.package_identification:_identify(src) by extensions ['ignore', 'ignore_ament_install']
[0.173s] Level 1:colcon.colcon_core.package_identification:_identify(src) by extension 'ignore'
[0.173s] Level 1:colcon.colcon_core.package_identification:_identify(src) by extension 'ignore_ament_install'
[0.173s] Level 1:colcon.colcon_core.package_identification:_identify(src) by extensions ['colcon_pkg']
[0.173s] Level 1:colcon.colcon_core.package_identification:_identify(src) by extension 'colcon_pkg'
[0.173s] Level 1:colcon.colcon_core.package_identification:_identify(src) by extensions ['colcon_meta']
[0.173s] Level 1:colcon.colcon_core.package_identification:_identify(src) by extension 'colcon_meta'
[0.173s] Level 1:colcon.colcon_core.package_identification:_identify(src) by extensions ['ros']
[0.173s] Level 1:colcon.colcon_core.package_identification:_identify(src) by extension 'ros'
[0.173s] Level 1:colcon.colcon_core.package_identification:_identify(src) by extensions ['cmake', 'python']
[0.173s] Level 1:colcon.colcon_core.package_identification:_identify(src) by extension 'cmake'
[0.173s] Level 1:colcon.colcon_core.package_identification:_identify(src) by extension 'python'
[0.173s] Level 1:colcon.colcon_core.package_identification:_identify(src) by extensions ['python_setup_py']
[0.174s] Level 1:colcon.colcon_core.package_identification:_identify(src) by extension 'python_setup_py'
[0.174s] Level 1:colcon.colcon_core.package_identification:_identify(src/my_moveit2) by extensions ['ignore', 'ignore_ament_install']
[0.174s] Level 1:colcon.colcon_core.package_identification:_identify(src/my_moveit2) by extension 'ignore'
[0.174s] Level 1:colcon.colcon_core.package_identification:_identify(src/my_moveit2) by extension 'ignore_ament_install'
[0.174s] Level 1:colcon.colcon_core.package_identification:_identify(src/my_moveit2) by extensions ['colcon_pkg']
[0.174s] Level 1:colcon.colcon_core.package_identification:_identify(src/my_moveit2) by extension 'colcon_pkg'
[0.174s] Level 1:colcon.colcon_core.package_identification:_identify(src/my_moveit2) by extensions ['colcon_meta']
[0.174s] Level 1:colcon.colcon_core.package_identification:_identify(src/my_moveit2) by extension 'colcon_meta'
[0.174s] Level 1:colcon.colcon_core.package_identification:_identify(src/my_moveit2) by extensions ['ros']
[0.174s] Level 1:colcon.colcon_core.package_identification:_identify(src/my_moveit2) by extension 'ros'
[0.176s] DEBUG:colcon.colcon_core.package_identification:Package 'src/my_moveit2' with type 'ros.ament_python' and name 'my_moveit2'
[0.176s] Level 1:colcon.colcon_core.package_identification:_identify(src/urdf_config) by extensions ['ignore', 'ignore_ament_install']
[0.176s] Level 1:colcon.colcon_core.package_identification:_identify(src/urdf_config) by extension 'ignore'
[0.176s] Level 1:colcon.colcon_core.package_identification:_identify(src/urdf_config) by extension 'ignore_ament_install'
[0.176s] Level 1:colcon.colcon_core.package_identification:_identify(src/urdf_config) by extensions ['colcon_pkg']
[0.176s] Level 1:colcon.colcon_core.package_identification:_identify(src/urdf_config) by extension 'colcon_pkg'
[0.176s] Level 1:colcon.colcon_core.package_identification:_identify(src/urdf_config) by extensions ['colcon_meta']
[0.176s] Level 1:colcon.colcon_core.package_identification:_identify(src/urdf_config) by extension 'colcon_meta'
[0.176s] Level 1:colcon.colcon_core.package_identification:_identify(src/urdf_config) by extensions ['ros']
[0.176s] Level 1:colcon.colcon_core.package_identification:_identify(src/urdf_config) by extension 'ros'
[0.177s] DEBUG:colcon.colcon_core.package_identification:Package 'src/urdf_config' with type 'ros.ament_cmake' and name 'urdf_config'
[0.177s] Level 1:colcon.colcon_core.package_discovery:discover_packages(recursive) using defaults
[0.177s] Level 1:colcon.colcon_core.package_discovery:discover_packages(ignore) discover
[0.177s] Level 1:colcon.colcon_core.package_discovery:discover_packages(ignore) using defaults
[0.177s] Level 1:colcon.colcon_core.package_discovery:discover_packages(path) discover
[0.177s] Level 1:colcon.colcon_core.package_discovery:discover_packages(path) using defaults
[0.192s] Level 5:colcon.colcon_core.verb:set package 'my_moveit2' build argument 'cmake_args' from command line to 'None'
[0.192s] Level 5:colcon.colcon_core.verb:set package 'my_moveit2' build argument 'cmake_target' from command line to 'None'
[0.192s] Level 5:colcon.colcon_core.verb:set package 'my_moveit2' build argument 'cmake_target_skip_unavailable' from command line to 'False'
[0.192s] Level 5:colcon.colcon_core.verb:set package 'my_moveit2' build argument 'cmake_clean_cache' from command line to 'False'
[0.192s] Level 5:colcon.colcon_core.verb:set package 'my_moveit2' build argument 'cmake_clean_first' from command line to 'False'
[0.192s] Level 5:colcon.colcon_core.verb:set package 'my_moveit2' build argument 'cmake_force_configure' from command line to 'False'
[0.192s] Level 5:colcon.colcon_core.verb:set package 'my_moveit2' build argument 'ament_cmake_args' from command line to 'None'
[0.193s] Level 5:colcon.colcon_core.verb:set package 'my_moveit2' build argument 'catkin_cmake_args' from command line to 'None'
[0.193s] Level 5:colcon.colcon_core.verb:set package 'my_moveit2' build argument 'catkin_skip_building_tests' from command line to 'False'
[0.193s] DEBUG:colcon.colcon_core.verb:Building package 'my_moveit2' with the following arguments: {'ament_cmake_args': None, 'build_base': '/ros_ws/build/my_moveit2', 'catkin_cmake_args': None, 'catkin_skip_building_tests': False, 'cmake_args': None, 'cmake_clean_cache': False, 'cmake_clean_first': False, 'cmake_force_configure': False, 'cmake_target': None, 'cmake_target_skip_unavailable': False, 'install_base': '/ros_ws/install/my_moveit2', 'merge_install': False, 'path': '/ros_ws/src/my_moveit2', 'symlink_install': False, 'test_result_base': None}
[0.193s] Level 5:colcon.colcon_core.verb:set package 'urdf_config' build argument 'cmake_args' from command line to 'None'
[0.193s] Level 5:colcon.colcon_core.verb:set package 'urdf_config' build argument 'cmake_target' from command line to 'None'
[0.193s] Level 5:colcon.colcon_core.verb:set package 'urdf_config' build argument 'cmake_target_skip_unavailable' from command line to 'False'
[0.193s] Level 5:colcon.colcon_core.verb:set package 'urdf_config' build argument 'cmake_clean_cache' from command line to 'False'
[0.193s] Level 5:colcon.colcon_core.verb:set package 'urdf_config' build argument 'cmake_clean_first' from command line to 'False'
[0.193s] Level 5:colcon.colcon_core.verb:set package 'urdf_config' build argument 'cmake_force_configure' from command line to 'False'
[0.193s] Level 5:colcon.colcon_core.verb:set package 'urdf_config' build argument 'ament_cmake_args' from command line to 'None'
[0.193s] Level 5:colcon.colcon_core.verb:set package 'urdf_config' build argument 'catkin_cmake_args' from command line to 'None'
[0.193s] Level 5:colcon.colcon_core.verb:set package 'urdf_config' build argument 'catkin_skip_building_tests' from command line to 'False'
[0.193s] DEBUG:colcon.colcon_core.verb:Building package 'urdf_config' with the following arguments: {'ament_cmake_args': None, 'build_base': '/ros_ws/build/urdf_config', 'catkin_cmake_args': None, 'catkin_skip_building_tests': False, 'cmake_args': None, 'cmake_clean_cache': False, 'cmake_clean_first': False, 'cmake_force_configure': False, 'cmake_target': None, 'cmake_target_skip_unavailable': False, 'install_base': '/ros_ws/install/urdf_config', 'merge_install': False, 'path': '/ros_ws/src/urdf_config', 'symlink_install': False, 'test_result_base': None}
[0.193s] INFO:colcon.colcon_core.executor:Executing jobs using 'parallel' executor
[0.194s] DEBUG:colcon.colcon_parallel_executor.executor.parallel:run_until_complete
[0.194s] INFO:colcon.colcon_ros.task.ament_python.build:Building ROS package in '/ros_ws/src/my_moveit2' with build type 'ament_python'
[0.194s] Level 1:colcon.colcon_core.shell:create_environment_hook('my_moveit2', 'ament_prefix_path')
[0.196s] INFO:colcon.colcon_core.plugin_system:Skipping extension 'colcon_core.shell.bat': Not used on non-Windows systems
[0.196s] INFO:colcon.colcon_core.shell:Creating environment hook '/ros_ws/install/my_moveit2/share/my_moveit2/hook/ament_prefix_path.ps1'
[0.197s] INFO:colcon.colcon_core.shell:Creating environment descriptor '/ros_ws/install/my_moveit2/share/my_moveit2/hook/ament_prefix_path.dsv'
[0.198s] INFO:colcon.colcon_core.shell:Creating environment hook '/ros_ws/install/my_moveit2/share/my_moveit2/hook/ament_prefix_path.sh'
[0.198s] INFO:colcon.colcon_core.shell:Skip shell extension 'powershell' for command environment: Not usable outside of PowerShell
[0.198s] DEBUG:colcon.colcon_core.shell:Skip shell extension 'dsv' for command environment
[0.202s] INFO:colcon.colcon_ros.task.ament_cmake.build:Building ROS package in '/ros_ws/src/urdf_config' with build type 'ament_cmake'
[0.202s] INFO:colcon.colcon_cmake.task.cmake.build:Building CMake package in '/ros_ws/src/urdf_config'
[0.202s] INFO:colcon.colcon_core.shell:Skip shell extension 'powershell' for command environment: Not usable outside of PowerShell
[0.202s] DEBUG:colcon.colcon_core.shell:Skip shell extension 'dsv' for command environment
[0.372s] INFO:colcon.colcon_core.task.python.build:Building Python package in '/ros_ws/src/my_moveit2'
[0.373s] INFO:colcon.colcon_core.shell:Skip shell extension 'powershell' for command environment: Not usable outside of PowerShell
[0.373s] DEBUG:colcon.colcon_core.shell:Skip shell extension 'dsv' for command environment
[0.379s] DEBUG:colcon.colcon_core.event_handler.log_command:Invoking command in '/ros_ws/build/urdf_config': CMAKE_PREFIX_PATH=/opt/ros/humble /usr/bin/cmake /ros_ws/src/urdf_config -DCMAKE_INSTALL_PREFIX=/ros_ws/install/urdf_config
[0.533s] DEBUG:colcon.colcon_core.event_handler.log_command:Invoked command in '/ros_ws/build/urdf_config' returned '0': CMAKE_PREFIX_PATH=/opt/ros/humble /usr/bin/cmake /ros_ws/src/urdf_config -DCMAKE_INSTALL_PREFIX=/ros_ws/install/urdf_config
[0.535s] DEBUG:colcon.colcon_core.event_handler.log_command:Invoking command in '/ros_ws/build/urdf_config': CMAKE_PREFIX_PATH=/opt/ros/humble /usr/bin/cmake --build /ros_ws/build/urdf_config -- -j4 -l4
[0.564s] DEBUG:colcon.colcon_core.event_handler.log_command:Invoked command in '/ros_ws/build/urdf_config' returned '0': CMAKE_PREFIX_PATH=/opt/ros/humble /usr/bin/cmake --build /ros_ws/build/urdf_config -- -j4 -l4
[0.594s] DEBUG:colcon.colcon_core.event_handler.log_command:Invoking command in '/ros_ws/build/urdf_config': CMAKE_PREFIX_PATH=/opt/ros/humble /usr/bin/cmake --install /ros_ws/build/urdf_config
[0.605s] DEBUG:colcon.colcon_core.event_handler.log_command:Invoking command in '/ros_ws/build/my_moveit2': PYTHONPATH=/ros_ws/build/my_moveit2/prefix_override:/usr/lib/python3/dist-packages/colcon_core/task/python/colcon_distutils_commands:/ros_ws/install/my_moveit2/lib/python3.10/site-packages:${PYTHONPATH} /usr/bin/python3 -W ignore:setup.py install is deprecated setup.py develop --uninstall --editable --build-directory /ros_ws/build/my_moveit2/build
[0.614s] Level 1:colcon.colcon_core.environment:create_environment_scripts_only(urdf_config)
[0.615s] DEBUG:colcon.colcon_core.event_handler.log_command:Invoked command in '/ros_ws/build/urdf_config' returned '0': CMAKE_PREFIX_PATH=/opt/ros/humble /usr/bin/cmake --install /ros_ws/build/urdf_config
[0.616s] Level 1:colcon.colcon_core.environment:checking '/ros_ws/install/urdf_config' for CMake module files
[0.617s] Level 1:colcon.colcon_core.environment:checking '/ros_ws/install/urdf_config' for CMake config files
[0.617s] Level 1:colcon.colcon_core.shell:create_environment_hook('urdf_config', 'cmake_prefix_path')
[0.617s] INFO:colcon.colcon_core.shell:Creating environment hook '/ros_ws/install/urdf_config/share/urdf_config/hook/cmake_prefix_path.ps1'
[0.617s] INFO:colcon.colcon_core.shell:Creating environment descriptor '/ros_ws/install/urdf_config/share/urdf_config/hook/cmake_prefix_path.dsv'
[0.618s] INFO:colcon.colcon_core.shell:Creating environment hook '/ros_ws/install/urdf_config/share/urdf_config/hook/cmake_prefix_path.sh'
[0.618s] Level 1:colcon.colcon_core.environment:checking '/ros_ws/install/urdf_config/bin'
[0.619s] Level 1:colcon.colcon_core.environment:checking '/ros_ws/install/urdf_config/lib/pkgconfig/urdf_config.pc'
[0.619s] Level 1:colcon.colcon_core.environment:checking '/ros_ws/install/urdf_config/lib/python3.10/site-packages'
[0.619s] Level 1:colcon.colcon_core.environment:checking '/ros_ws/install/urdf_config/bin'
[0.619s] INFO:colcon.colcon_core.shell:Creating package script '/ros_ws/install/urdf_config/share/urdf_config/package.ps1'
[0.620s] INFO:colcon.colcon_core.shell:Creating package descriptor '/ros_ws/install/urdf_config/share/urdf_config/package.dsv'
[0.620s] INFO:colcon.colcon_core.shell:Creating package script '/ros_ws/install/urdf_config/share/urdf_config/package.sh'
[0.620s] INFO:colcon.colcon_core.shell:Creating package script '/ros_ws/install/urdf_config/share/urdf_config/package.bash'
[0.621s] INFO:colcon.colcon_core.shell:Creating package script '/ros_ws/install/urdf_config/share/urdf_config/package.zsh'
[0.622s] Level 1:colcon.colcon_core.environment:create_file_with_runtime_dependencies(/ros_ws/install/urdf_config/share/colcon-core/packages/urdf_config)
[0.644s] Level 1:colcon.colcon_core.environment:create_environment_scripts_only(urdf_config)
[0.644s] Level 1:colcon.colcon_core.environment:checking '/ros_ws/install/urdf_config' for CMake module files
[0.644s] Level 1:colcon.colcon_core.environment:checking '/ros_ws/install/urdf_config' for CMake config files
[0.645s] Level 1:colcon.colcon_core.shell:create_environment_hook('urdf_config', 'cmake_prefix_path')
[0.645s] INFO:colcon.colcon_core.shell:Creating environment hook '/ros_ws/install/urdf_config/share/urdf_config/hook/cmake_prefix_path.ps1'
[0.645s] INFO:colcon.colcon_core.shell:Creating environment descriptor '/ros_ws/install/urdf_config/share/urdf_config/hook/cmake_prefix_path.dsv'
[0.646s] INFO:colcon.colcon_core.shell:Creating environment hook '/ros_ws/install/urdf_config/share/urdf_config/hook/cmake_prefix_path.sh'
[0.647s] Level 1:colcon.colcon_core.environment:checking '/ros_ws/install/urdf_config/bin'
[0.647s] Level 1:colcon.colcon_core.environment:checking '/ros_ws/install/urdf_config/lib/pkgconfig/urdf_config.pc'
[0.647s] Level 1:colcon.colcon_core.environment:checking '/ros_ws/install/urdf_config/lib/python3.10/site-packages'
[0.647s] Level 1:colcon.colcon_core.environment:checking '/ros_ws/install/urdf_config/bin'
[0.647s] INFO:colcon.colcon_core.shell:Creating package script '/ros_ws/install/urdf_config/share/urdf_config/package.ps1'
[0.648s] INFO:colcon.colcon_core.shell:Creating package descriptor '/ros_ws/install/urdf_config/share/urdf_config/package.dsv'
[0.648s] INFO:colcon.colcon_core.shell:Creating package script '/ros_ws/install/urdf_config/share/urdf_config/package.sh'
[0.648s] INFO:colcon.colcon_core.shell:Creating package script '/ros_ws/install/urdf_config/share/urdf_config/package.bash'
[0.649s] INFO:colcon.colcon_core.shell:Creating package script '/ros_ws/install/urdf_config/share/urdf_config/package.zsh'
[0.649s] Level 1:colcon.colcon_core.environment:create_file_with_runtime_dependencies(/ros_ws/install/urdf_config/share/colcon-core/packages/urdf_config)
[0.839s] DEBUG:colcon.colcon_core.event_handler.log_command:Invoked command in '/ros_ws/build/my_moveit2' returned '0': PYTHONPATH=/ros_ws/build/my_moveit2/prefix_override:/usr/lib/python3/dist-packages/colcon_core/task/python/colcon_distutils_commands:/ros_ws/install/my_moveit2/lib/python3.10/site-packages:${PYTHONPATH} /usr/bin/python3 -W ignore:setup.py install is deprecated setup.py develop --uninstall --editable --build-directory /ros_ws/build/my_moveit2/build
[0.840s] DEBUG:colcon.colcon_core.event_handler.log_command:Invoking command in '/ros_ws/src/my_moveit2': PYTHONPATH=/ros_ws/build/my_moveit2/prefix_override:/usr/lib/python3/dist-packages/colcon_core/task/python/colcon_distutils_commands:/ros_ws/install/my_moveit2/lib/python3.10/site-packages:${PYTHONPATH} /usr/bin/python3 -W ignore:setup.py install is deprecated setup.py egg_info --egg-base ../../build/my_moveit2 build --build-base /ros_ws/build/my_moveit2/build install --record /ros_ws/build/my_moveit2/install.log --single-version-externally-managed install_data --force
[1.004s] Level 1:colcon.colcon_core.environment:checking '/ros_ws/install/my_moveit2' for CMake module files
[1.005s] DEBUG:colcon.colcon_core.event_handler.log_command:Invoked command in '/ros_ws/src/my_moveit2' returned '0': PYTHONPATH=/ros_ws/build/my_moveit2/prefix_override:/usr/lib/python3/dist-packages/colcon_core/task/python/colcon_distutils_commands:/ros_ws/install/my_moveit2/lib/python3.10/site-packages:${PYTHONPATH} /usr/bin/python3 -W ignore:setup.py install is deprecated setup.py egg_info --egg-base ../../build/my_moveit2 build --build-base /ros_ws/build/my_moveit2/build install --record /ros_ws/build/my_moveit2/install.log --single-version-externally-managed install_data --force
[1.005s] Level 1:colcon.colcon_core.environment:checking '/ros_ws/install/my_moveit2' for CMake config files
[1.005s] Level 1:colcon.colcon_core.environment:checking '/ros_ws/install/my_moveit2/lib'
[1.006s] Level 1:colcon.colcon_core.environment:checking '/ros_ws/install/my_moveit2/bin'
[1.006s] Level 1:colcon.colcon_core.environment:checking '/ros_ws/install/my_moveit2/lib/pkgconfig/my_moveit2.pc'
[1.006s] Level 1:colcon.colcon_core.environment:checking '/ros_ws/install/my_moveit2/lib/python3.10/site-packages'
[1.006s] Level 1:colcon.colcon_core.shell:create_environment_hook('my_moveit2', 'pythonpath')
[1.006s] INFO:colcon.colcon_core.shell:Creating environment hook '/ros_ws/install/my_moveit2/share/my_moveit2/hook/pythonpath.ps1'
[1.007s] INFO:colcon.colcon_core.shell:Creating environment descriptor '/ros_ws/install/my_moveit2/share/my_moveit2/hook/pythonpath.dsv'
[1.007s] INFO:colcon.colcon_core.shell:Creating environment hook '/ros_ws/install/my_moveit2/share/my_moveit2/hook/pythonpath.sh'
[1.008s] Level 1:colcon.colcon_core.environment:checking '/ros_ws/install/my_moveit2/bin'
[1.008s] Level 1:colcon.colcon_core.environment:create_environment_scripts_only(my_moveit2)
[1.008s] INFO:colcon.colcon_core.shell:Creating package script '/ros_ws/install/my_moveit2/share/my_moveit2/package.ps1'
[1.009s] INFO:colcon.colcon_core.shell:Creating package descriptor '/ros_ws/install/my_moveit2/share/my_moveit2/package.dsv'
[1.009s] INFO:colcon.colcon_core.shell:Creating package script '/ros_ws/install/my_moveit2/share/my_moveit2/package.sh'
[1.009s] INFO:colcon.colcon_core.shell:Creating package script '/ros_ws/install/my_moveit2/share/my_moveit2/package.bash'
[1.010s] INFO:colcon.colcon_core.shell:Creating package script '/ros_ws/install/my_moveit2/share/my_moveit2/package.zsh'
[1.010s] Level 1:colcon.colcon_core.environment:create_file_with_runtime_dependencies(/ros_ws/install/my_moveit2/share/colcon-core/packages/my_moveit2)
[1.010s] DEBUG:colcon.colcon_parallel_executor.executor.parallel:closing loop
[1.011s] DEBUG:colcon.colcon_parallel_executor.executor.parallel:loop closed
[1.011s] DEBUG:colcon.colcon_parallel_executor.executor.parallel:run_until_complete finished with '0'
[1.011s] DEBUG:colcon.colcon_core.event_reactor:joining thread
[1.014s] INFO:colcon.colcon_core.plugin_system:Skipping extension 'colcon_notification.desktop_notification.notify_send': Could not find 'notify-send'
[1.015s] INFO:colcon.colcon_core.plugin_system:Skipping extension 'colcon_notification.desktop_notification.terminal_notifier': Not used on non-Darwin systems
[1.015s] INFO:colcon.colcon_core.plugin_system:Skipping extension 'colcon_notification.desktop_notification.win32': Not used on non-Windows systems
[1.015s] INFO:colcon.colcon_notification.desktop_notification:Sending desktop notification using 'notify2'
[1.016s] DEBUG:colcon.colcon_notification.desktop_notification.notify2:Failed to initialize notify2: org.freedesktop.DBus.Error.Spawn.ExecFailed: /usr/bin/dbus-launch terminated abnormally without any error message
[1.017s] DEBUG:colcon.colcon_core.event_reactor:joined thread
[1.017s] INFO:colcon.colcon_core.shell:Creating prefix script '/ros_ws/install/local_setup.ps1'
[1.018s] INFO:colcon.colcon_core.shell:Creating prefix util module '/ros_ws/install/_local_setup_util_ps1.py'
[1.019s] INFO:colcon.colcon_core.shell:Creating prefix chain script '/ros_ws/install/setup.ps1'
[1.020s] INFO:colcon.colcon_core.shell:Creating prefix script '/ros_ws/install/local_setup.sh'
[1.020s] INFO:colcon.colcon_core.shell:Creating prefix util module '/ros_ws/install/_local_setup_util_sh.py'
[1.021s] INFO:colcon.colcon_core.shell:Creating prefix chain script '/ros_ws/install/setup.sh'
[1.021s] INFO:colcon.colcon_core.shell:Creating prefix script '/ros_ws/install/local_setup.bash'
[1.022s] INFO:colcon.colcon_core.shell:Creating prefix chain script '/ros_ws/install/setup.bash'
[1.023s] INFO:colcon.colcon_core.shell:Creating prefix script '/ros_ws/install/local_setup.zsh'
[1.023s] INFO:colcon.colcon_core.shell:Creating prefix chain script '/ros_ws/install/setup.zsh'
