[0.150s] Invoking command in '/ros_ws/build/urdf_config': /usr/bin/cmake /ros_ws/src/urdf_config -DAMENT_CMAKE_SYMLINK_INSTALL=1 -DCMAKE_INSTALL_PREFIX=/ros_ws/install/urdf_config
[0.192s] -- The C compiler identification is GNU 11.4.0
[0.232s] -- The CXX compiler identification is GNU 11.4.0
[0.242s] -- Detecting C compiler ABI info
[0.295s] -- Detecting C compiler ABI info - done
[0.299s] -- Check for working C compiler: /usr/bin/cc - skipped
[0.300s] -- Detecting C compile features
[0.300s] -- Detecting C compile features - done
[0.302s] -- Detecting CXX compiler ABI info
[0.368s] -- Detecting CXX compiler ABI info - done
[0.373s] -- Check for working CXX compiler: /usr/bin/c++ - skipped
[0.374s] -- Detecting CXX compile features
[0.374s] -- Detecting CXX compile features - done
[0.378s] -- Found ament_cmake: 1.3.11 (/opt/ros/humble/share/ament_cmake/cmake)
[0.492s] -- Found Python3: /usr/bin/python3 (found version "3.10.12") found components: Interpreter 
[0.544s] -- Override CMake install command with custom implementation using symlinks instead of copying resources
[0.634s] -- Configuring done
[0.641s] -- Generating done
[0.641s] -- Build files have been written to: /ros_ws/build/urdf_config
[0.652s] Invoked command in '/ros_ws/build/urdf_config' returned '0': /usr/bin/cmake /ros_ws/src/urdf_config -DAMENT_CMAKE_SYMLINK_INSTALL=1 -DCMAKE_INSTALL_PREFIX=/ros_ws/install/urdf_config
[0.654s] Invoking command in '/ros_ws/build/urdf_config': /usr/bin/cmake --build /ros_ws/build/urdf_config -- -j4 -l4
[0.687s] Invoked command in '/ros_ws/build/urdf_config' returned '0': /usr/bin/cmake --build /ros_ws/build/urdf_config -- -j4 -l4
[0.718s] Invoking command in '/ros_ws/build/urdf_config': /usr/bin/cmake --install /ros_ws/build/urdf_config
[0.724s] -- Install configuration: ""
[0.724s] -- Execute custom install script
[0.724s] -- Symlinking: /ros_ws/install/urdf_config/share/ament_index/resource_index/package_run_dependencies/urdf_config
[0.732s] -- Symlinking: /ros_ws/install/urdf_config/share/ament_index/resource_index/parent_prefix_path/urdf_config
[0.739s] -- Symlinking: /ros_ws/install/urdf_config/share/urdf_config/environment/ament_prefix_path.sh
[0.746s] -- Symlinking: /ros_ws/install/urdf_config/share/urdf_config/environment/ament_prefix_path.dsv
[0.752s] -- Symlinking: /ros_ws/install/urdf_config/share/urdf_config/environment/path.sh
[0.757s] -- Symlinking: /ros_ws/install/urdf_config/share/urdf_config/environment/path.dsv
[0.764s] -- Symlinking: /ros_ws/install/urdf_config/share/urdf_config/local_setup.bash
[0.772s] -- Symlinking: /ros_ws/install/urdf_config/share/urdf_config/local_setup.sh
[0.779s] -- Symlinking: /ros_ws/install/urdf_config/share/urdf_config/local_setup.zsh
[0.787s] -- Symlinking: /ros_ws/install/urdf_config/share/urdf_config/local_setup.dsv
[0.795s] -- Symlinking: /ros_ws/install/urdf_config/share/urdf_config/package.dsv
[0.802s] -- Symlinking: /ros_ws/install/urdf_config/share/ament_index/resource_index/packages/urdf_config
[0.810s] -- Symlinking: /ros_ws/install/urdf_config/share/urdf_config/cmake/urdf_configConfig.cmake
[0.817s] -- Symlinking: /ros_ws/install/urdf_config/share/urdf_config/cmake/urdf_configConfig-version.cmake
[0.824s] -- Symlinking: /ros_ws/install/urdf_config/share/urdf_config/package.xml
[0.832s] -- Symlinking: /ros_ws/install/urdf_config/share/urdf_config/launch/demo.launch.py
[0.841s] -- Symlinking: /ros_ws/install/urdf_config/share/urdf_config/launch/move_group.launch.py
[0.847s] -- Symlinking: /ros_ws/install/urdf_config/share/urdf_config/launch/moveit_rviz.launch.py
[0.855s] -- Symlinking: /ros_ws/install/urdf_config/share/urdf_config/launch/rsp.launch.py
[0.866s] -- Symlinking: /ros_ws/install/urdf_config/share/urdf_config/launch/setup_assistant.launch.py
[0.871s] -- Symlinking: /ros_ws/install/urdf_config/share/urdf_config/launch/spawn_controllers.launch.py
[0.879s] -- Symlinking: /ros_ws/install/urdf_config/share/urdf_config/launch/static_virtual_joint_tfs.launch.py
[0.885s] -- Symlinking: /ros_ws/install/urdf_config/share/urdf_config/launch/warehouse_db.launch.py
[0.892s] -- Up-to-date symlink: /ros_ws/install/urdf_config/share/urdf_config/launch/demo.launch.py
[0.893s] -- Symlinking: /ros_ws/install/urdf_config/share/urdf_config/config/initial_positions.yaml
[0.901s] -- Symlinking: /ros_ws/install/urdf_config/share/urdf_config/config/joint_limits.yaml
[0.908s] -- Symlinking: /ros_ws/install/urdf_config/share/urdf_config/config/kinematics.yaml
[0.917s] -- Symlinking: /ros_ws/install/urdf_config/share/urdf_config/config/moveit.rviz
[0.924s] -- Symlinking: /ros_ws/install/urdf_config/share/urdf_config/config/moveit_controllers.yaml
[0.930s] -- Symlinking: /ros_ws/install/urdf_config/share/urdf_config/config/panda.ros2_control.xacro
[0.937s] -- Symlinking: /ros_ws/install/urdf_config/share/urdf_config/config/panda.srdf
[0.943s] -- Symlinking: /ros_ws/install/urdf_config/share/urdf_config/config/panda.urdf.xacro
[0.950s] -- Symlinking: /ros_ws/install/urdf_config/share/urdf_config/config/pilz_cartesian_limits.yaml
[0.956s] -- Symlinking: /ros_ws/install/urdf_config/share/urdf_config/config/ros2_controllers.yaml
[0.962s] -- Symlinking: /ros_ws/install/urdf_config/share/urdf_config/.setup_assistant
[0.970s] Invoked command in '/ros_ws/build/urdf_config' returned '0': /usr/bin/cmake --install /ros_ws/build/urdf_config
