[0.805s] Invoking command in '/home/wyq/docker/ros_ws/src/wyq': PYTHONPATH=/home/wyq/docker/ros_ws/build/wyq/prefix_override:/usr/lib/python3/dist-packages/colcon_core/task/python/colcon_distutils_commands:/home/wyq/docker/ros_ws/install/wyq/lib/python3.10/site-packages:${PYTHONPATH} /usr/bin/python3 -W ignore:setup.py install is deprecated -W ignore:easy_install command is deprecated setup.py egg_info --egg-base ../../build/wyq build --build-base /home/wyq/docker/ros_ws/build/wyq/build install --record /home/wyq/docker/ros_ws/build/wyq/install.log --single-version-externally-managed install_data
[1.053s] running egg_info
[1.053s] writing ../../build/wyq/wyq.egg-info/PKG-INFO
[1.053s] writing dependency_links to ../../build/wyq/wyq.egg-info/dependency_links.txt
[1.053s] writing entry points to ../../build/wyq/wyq.egg-info/entry_points.txt
[1.053s] writing requirements to ../../build/wyq/wyq.egg-info/requires.txt
[1.053s] writing top-level names to ../../build/wyq/wyq.egg-info/top_level.txt
[1.054s] reading manifest file '../../build/wyq/wyq.egg-info/SOURCES.txt'
[1.054s] adding license file 'LICENSE'
[1.054s] writing manifest file '../../build/wyq/wyq.egg-info/SOURCES.txt'
[1.055s] running build
[1.055s] running build_py
[1.056s] running install
[1.057s] running install_lib
[1.057s] running install_data
[1.057s] running install_egg_info
[1.060s] removing '/home/wyq/docker/ros_ws/install/wyq/lib/python3.10/site-packages/wyq-0.0.0-py3.10.egg-info' (and everything under it)
[1.066s] Copying ../../build/wyq/wyq.egg-info to /home/wyq/docker/ros_ws/install/wyq/lib/python3.10/site-packages/wyq-0.0.0-py3.10.egg-info
[1.066s] running install_scripts
[1.101s] Installing moveit_demo script to /home/wyq/docker/ros_ws/install/wyq/lib/wyq
[1.101s] writing list of installed files to '/home/wyq/docker/ros_ws/build/wyq/install.log'
[1.121s] Invoked command in '/home/wyq/docker/ros_ws/src/wyq' returned '0': PYTHONPATH=/home/wyq/docker/ros_ws/build/wyq/prefix_override:/usr/lib/python3/dist-packages/colcon_core/task/python/colcon_distutils_commands:/home/wyq/docker/ros_ws/install/wyq/lib/python3.10/site-packages:${PYTHONPATH} /usr/bin/python3 -W ignore:setup.py install is deprecated -W ignore:easy_install command is deprecated setup.py egg_info --egg-base ../../build/wyq build --build-base /home/wyq/docker/ros_ws/build/wyq/build install --record /home/wyq/docker/ros_ws/build/wyq/install.log --single-version-externally-managed install_data
