[0.034s] Invoking command in '/home/wyq/docker/ros_ws/build/moveit_resources_panda_moveit_config': AMENT_PREFIX_PATH=/home/wyq/docker/ros_ws/install/moveit_resources_panda_description:${AMENT_PREFIX_PATH} CMAKE_PREFIX_PATH=/home/wyq/docker/ros_ws/install/moveit_resources_panda_description:/opt/ros/humble /usr/bin/cmake /home/wyq/docker/ros_ws/src/moveit_resources/panda_moveit_config -DCMAKE_INSTALL_PREFIX=/home/wyq/docker/ros_ws/install/moveit_resources_panda_moveit_config
[0.088s] -- The C compiler identification is GNU 11.4.0
[0.148s] -- The CXX compiler identification is GNU 11.4.0
[0.155s] -- Detecting C compiler ABI info
[0.232s] -- Detecting C compiler ABI info - done
[0.241s] -- Check for working C compiler: /usr/bin/cc - skipped
[0.241s] -- Detecting C compile features
[0.245s] -- Detecting C compile features - done
[0.249s] -- Detecting CXX compiler ABI info
[0.327s] -- Detecting CXX compiler ABI info - done
[0.333s] -- Check for working CXX compiler: /usr/bin/c++ - skipped
[0.333s] -- Detecting CXX compile features
[0.335s] -- Detecting CXX compile features - done
[0.336s] -- Found ament_cmake: 1.3.11 (/opt/ros/humble/share/ament_cmake/cmake)
[0.457s] -- Found Python3: /usr/bin/python3 (found version "3.10.12") found components: Interpreter 
[0.584s] -- Configuring done
[0.588s] -- Generating done
[0.588s] -- Build files have been written to: /home/wyq/docker/ros_ws/build/moveit_resources_panda_moveit_config
[0.600s] Invoked command in '/home/wyq/docker/ros_ws/build/moveit_resources_panda_moveit_config' returned '0': AMENT_PREFIX_PATH=/home/wyq/docker/ros_ws/install/moveit_resources_panda_description:${AMENT_PREFIX_PATH} CMAKE_PREFIX_PATH=/home/wyq/docker/ros_ws/install/moveit_resources_panda_description:/opt/ros/humble /usr/bin/cmake /home/wyq/docker/ros_ws/src/moveit_resources/panda_moveit_config -DCMAKE_INSTALL_PREFIX=/home/wyq/docker/ros_ws/install/moveit_resources_panda_moveit_config
[0.603s] Invoking command in '/home/wyq/docker/ros_ws/build/moveit_resources_panda_moveit_config': AMENT_PREFIX_PATH=/home/wyq/docker/ros_ws/install/moveit_resources_panda_description:${AMENT_PREFIX_PATH} CMAKE_PREFIX_PATH=/home/wyq/docker/ros_ws/install/moveit_resources_panda_description:/opt/ros/humble /usr/bin/cmake --build /home/wyq/docker/ros_ws/build/moveit_resources_panda_moveit_config -- -j4 -l4
[0.664s] Invoked command in '/home/wyq/docker/ros_ws/build/moveit_resources_panda_moveit_config' returned '0': AMENT_PREFIX_PATH=/home/wyq/docker/ros_ws/install/moveit_resources_panda_description:${AMENT_PREFIX_PATH} CMAKE_PREFIX_PATH=/home/wyq/docker/ros_ws/install/moveit_resources_panda_description:/opt/ros/humble /usr/bin/cmake --build /home/wyq/docker/ros_ws/build/moveit_resources_panda_moveit_config -- -j4 -l4
[0.665s] Invoking command in '/home/wyq/docker/ros_ws/build/moveit_resources_panda_moveit_config': AMENT_PREFIX_PATH=/home/wyq/docker/ros_ws/install/moveit_resources_panda_description:${AMENT_PREFIX_PATH} CMAKE_PREFIX_PATH=/home/wyq/docker/ros_ws/install/moveit_resources_panda_description:/opt/ros/humble /usr/bin/cmake --install /home/wyq/docker/ros_ws/build/moveit_resources_panda_moveit_config
[0.675s] -- Install configuration: ""
[0.675s] -- Installing: /home/wyq/docker/ros_ws/install/moveit_resources_panda_moveit_config/share/ament_index/resource_index/package_run_dependencies/moveit_resources_panda_moveit_config
[0.678s] -- Installing: /home/wyq/docker/ros_ws/install/moveit_resources_panda_moveit_config/share/ament_index/resource_index/parent_prefix_path/moveit_resources_panda_moveit_config
[0.678s] -- Installing: /home/wyq/docker/ros_ws/install/moveit_resources_panda_moveit_config/share/moveit_resources_panda_moveit_config/environment/ament_prefix_path.sh
[0.678s] -- Installing: /home/wyq/docker/ros_ws/install/moveit_resources_panda_moveit_config/share/moveit_resources_panda_moveit_config/environment/ament_prefix_path.dsv
[0.678s] -- Installing: /home/wyq/docker/ros_ws/install/moveit_resources_panda_moveit_config/share/moveit_resources_panda_moveit_config/environment/path.sh
[0.678s] -- Installing: /home/wyq/docker/ros_ws/install/moveit_resources_panda_moveit_config/share/moveit_resources_panda_moveit_config/environment/path.dsv
[0.678s] -- Installing: /home/wyq/docker/ros_ws/install/moveit_resources_panda_moveit_config/share/moveit_resources_panda_moveit_config/local_setup.bash
[0.679s] -- Installing: /home/wyq/docker/ros_ws/install/moveit_resources_panda_moveit_config/share/moveit_resources_panda_moveit_config/local_setup.sh
[0.679s] -- Installing: /home/wyq/docker/ros_ws/install/moveit_resources_panda_moveit_config/share/moveit_resources_panda_moveit_config/local_setup.zsh
[0.679s] -- Installing: /home/wyq/docker/ros_ws/install/moveit_resources_panda_moveit_config/share/moveit_resources_panda_moveit_config/local_setup.dsv
[0.680s] -- Installing: /home/wyq/docker/ros_ws/install/moveit_resources_panda_moveit_config/share/moveit_resources_panda_moveit_config/package.dsv
[0.680s] -- Installing: /home/wyq/docker/ros_ws/install/moveit_resources_panda_moveit_config/share/ament_index/resource_index/packages/moveit_resources_panda_moveit_config
[0.680s] -- Installing: /home/wyq/docker/ros_ws/install/moveit_resources_panda_moveit_config/share/moveit_resources_panda_moveit_config/cmake/moveit_resources_panda_moveit_configConfig.cmake
[0.681s] -- Installing: /home/wyq/docker/ros_ws/install/moveit_resources_panda_moveit_config/share/moveit_resources_panda_moveit_config/cmake/moveit_resources_panda_moveit_configConfig-version.cmake
[0.681s] -- Installing: /home/wyq/docker/ros_ws/install/moveit_resources_panda_moveit_config/share/moveit_resources_panda_moveit_config/package.xml
[0.681s] -- Installing: /home/wyq/docker/ros_ws/install/moveit_resources_panda_moveit_config/share/moveit_resources_panda_moveit_config/launch
[0.681s] -- Installing: /home/wyq/docker/ros_ws/install/moveit_resources_panda_moveit_config/share/moveit_resources_panda_moveit_config/launch/moveit_empty.rviz
[0.681s] -- Installing: /home/wyq/docker/ros_ws/install/moveit_resources_panda_moveit_config/share/moveit_resources_panda_moveit_config/launch/moveit_rviz.launch.py
[0.681s] -- Installing: /home/wyq/docker/ros_ws/install/moveit_resources_panda_moveit_config/share/moveit_resources_panda_moveit_config/launch/moveit.rviz
[0.682s] -- Installing: /home/wyq/docker/ros_ws/install/moveit_resources_panda_moveit_config/share/moveit_resources_panda_moveit_config/launch/demo.launch.py
[0.682s] -- Installing: /home/wyq/docker/ros_ws/install/moveit_resources_panda_moveit_config/share/moveit_resources_panda_moveit_config/config
[0.682s] -- Installing: /home/wyq/docker/ros_ws/install/moveit_resources_panda_moveit_config/share/moveit_resources_panda_moveit_config/config/initial_positions.yaml
[0.682s] -- Installing: /home/wyq/docker/ros_ws/install/moveit_resources_panda_moveit_config/share/moveit_resources_panda_moveit_config/config/gripper_moveit_controllers.yaml
[0.682s] -- Installing: /home/wyq/docker/ros_ws/install/moveit_resources_panda_moveit_config/share/moveit_resources_panda_moveit_config/config/sensors_kinect_pointcloud.yaml
[0.682s] -- Installing: /home/wyq/docker/ros_ws/install/moveit_resources_panda_moveit_config/share/moveit_resources_panda_moveit_config/config/chomp_planning.yaml
[0.683s] -- Installing: /home/wyq/docker/ros_ws/install/moveit_resources_panda_moveit_config/share/moveit_resources_panda_moveit_config/config/kinematics.yaml
[0.683s] -- Installing: /home/wyq/docker/ros_ws/install/moveit_resources_panda_moveit_config/share/moveit_resources_panda_moveit_config/config/sensors_kinect_depthmap.yaml
[0.683s] -- Installing: /home/wyq/docker/ros_ws/install/moveit_resources_panda_moveit_config/share/moveit_resources_panda_moveit_config/config/bio_ik_kinematics.yaml
[0.684s] -- Installing: /home/wyq/docker/ros_ws/install/moveit_resources_panda_moveit_config/share/moveit_resources_panda_moveit_config/config/panda_arm.srdf.xacro
[0.684s] -- Installing: /home/wyq/docker/ros_ws/install/moveit_resources_panda_moveit_config/share/moveit_resources_panda_moveit_config/config/ros2_controllers.yaml
[0.685s] -- Installing: /home/wyq/docker/ros_ws/install/moveit_resources_panda_moveit_config/share/moveit_resources_panda_moveit_config/config/panda_arm.xacro
[0.686s] -- Installing: /home/wyq/docker/ros_ws/install/moveit_resources_panda_moveit_config/share/moveit_resources_panda_moveit_config/config/panda.ros2_control.xacro
[0.686s] -- Installing: /home/wyq/docker/ros_ws/install/moveit_resources_panda_moveit_config/share/moveit_resources_panda_moveit_config/config/panda_hand.ros2_control.xacro
[0.687s] -- Installing: /home/wyq/docker/ros_ws/install/moveit_resources_panda_moveit_config/share/moveit_resources_panda_moveit_config/config/pilz_industrial_motion_planner_planning.yaml
[0.687s] -- Installing: /home/wyq/docker/ros_ws/install/moveit_resources_panda_moveit_config/share/moveit_resources_panda_moveit_config/config/trac_ik_kinematics.yaml
[0.687s] -- Installing: /home/wyq/docker/ros_ws/install/moveit_resources_panda_moveit_config/share/moveit_resources_panda_moveit_config/config/hard_joint_limits.yaml
[0.687s] -- Installing: /home/wyq/docker/ros_ws/install/moveit_resources_panda_moveit_config/share/moveit_resources_panda_moveit_config/config/panda_arm_hand.srdf.xacro
[0.687s] -- Installing: /home/wyq/docker/ros_ws/install/moveit_resources_panda_moveit_config/share/moveit_resources_panda_moveit_config/config/stomp_planning.yaml
[0.687s] -- Installing: /home/wyq/docker/ros_ws/install/moveit_resources_panda_moveit_config/share/moveit_resources_panda_moveit_config/config/ompl_planning.yaml
[0.687s] -- Installing: /home/wyq/docker/ros_ws/install/moveit_resources_panda_moveit_config/share/moveit_resources_panda_moveit_config/config/joint_limits.yaml
[0.687s] -- Installing: /home/wyq/docker/ros_ws/install/moveit_resources_panda_moveit_config/share/moveit_resources_panda_moveit_config/config/hand.xacro
[0.687s] -- Installing: /home/wyq/docker/ros_ws/install/moveit_resources_panda_moveit_config/share/moveit_resources_panda_moveit_config/config/panda.urdf.xacro
[0.687s] -- Installing: /home/wyq/docker/ros_ws/install/moveit_resources_panda_moveit_config/share/moveit_resources_panda_moveit_config/config/moveit_controllers.yaml
[0.687s] -- Installing: /home/wyq/docker/ros_ws/install/moveit_resources_panda_moveit_config/share/moveit_resources_panda_moveit_config/config/panda.srdf
[0.687s] -- Installing: /home/wyq/docker/ros_ws/install/moveit_resources_panda_moveit_config/share/moveit_resources_panda_moveit_config/config/pilz_cartesian_limits.yaml
[0.687s] -- Installing: /home/wyq/docker/ros_ws/install/moveit_resources_panda_moveit_config/share/moveit_resources_panda_moveit_config/.setup_assistant
[0.689s] Invoked command in '/home/wyq/docker/ros_ws/build/moveit_resources_panda_moveit_config' returned '0': AMENT_PREFIX_PATH=/home/wyq/docker/ros_ws/install/moveit_resources_panda_description:${AMENT_PREFIX_PATH} CMAKE_PREFIX_PATH=/home/wyq/docker/ros_ws/install/moveit_resources_panda_description:/opt/ros/humble /usr/bin/cmake --install /home/wyq/docker/ros_ws/build/moveit_resources_panda_moveit_config
