[1.067s] Invoking command in '/home/wyq/docker/ros_ws/src/wyq': PYTHONPATH=/home/wyq/docker/ros_ws/build/wyq/prefix_override:/usr/lib/python3/dist-packages/colcon_core/task/python/colcon_distutils_commands:/home/wyq/docker/ros_ws/install/wyq/lib/python3.10/site-packages:${PYTHONPATH} /usr/bin/python3 -W ignore:setup.py install is deprecated -W ignore:easy_install command is deprecated setup.py egg_info --egg-base ../../build/wyq build --build-base /home/wyq/docker/ros_ws/build/wyq/build install --record /home/wyq/docker/ros_ws/build/wyq/install.log --single-version-externally-managed install_data
[1.496s] running egg_info
[1.497s] writing ../../build/wyq/wyq.egg-info/PKG-INFO
[1.498s] writing dependency_links to ../../build/wyq/wyq.egg-info/dependency_links.txt
[1.499s] writing entry points to ../../build/wyq/wyq.egg-info/entry_points.txt
[1.499s] writing requirements to ../../build/wyq/wyq.egg-info/requires.txt
[1.500s] writing top-level names to ../../build/wyq/wyq.egg-info/top_level.txt
[1.503s] reading manifest file '../../build/wyq/wyq.egg-info/SOURCES.txt'
[1.503s] adding license file 'LICENSE'
[1.503s] writing manifest file '../../build/wyq/wyq.egg-info/SOURCES.txt'
[1.503s] running build
[1.503s] running build_py
[1.504s] copying wyq/moveit_demo.py -> /home/wyq/docker/ros_ws/build/wyq/build/lib/wyq
[1.504s] running install
[1.504s] running install_lib
[1.510s] copying /home/wyq/docker/ros_ws/build/wyq/build/lib/wyq/moveit_demo.py -> /home/wyq/docker/ros_ws/install/wyq/lib/python3.10/site-packages/wyq
[1.511s] byte-compiling /home/wyq/docker/ros_ws/install/wyq/lib/python3.10/site-packages/wyq/moveit_demo.py to moveit_demo.cpython-310.pyc
[1.516s] Sorry: IndentationError: expected an indented block after 'else' statement on line 34 (moveit_demo.py, line 35)
[1.516s] running install_data
[1.516s] running install_egg_info
[1.516s] removing '/home/wyq/docker/ros_ws/install/wyq/lib/python3.10/site-packages/wyq-0.0.0-py3.10.egg-info' (and everything under it)
[1.520s] Copying ../../build/wyq/wyq.egg-info to /home/wyq/docker/ros_ws/install/wyq/lib/python3.10/site-packages/wyq-0.0.0-py3.10.egg-info
[1.522s] running install_scripts
[1.541s] Installing moveit_demo script to /home/wyq/docker/ros_ws/install/wyq/lib/wyq
[1.541s] writing list of installed files to '/home/wyq/docker/ros_ws/build/wyq/install.log'
[1.578s] Invoked command in '/home/wyq/docker/ros_ws/src/wyq' returned '0': PYTHONPATH=/home/wyq/docker/ros_ws/build/wyq/prefix_override:/usr/lib/python3/dist-packages/colcon_core/task/python/colcon_distutils_commands:/home/wyq/docker/ros_ws/install/wyq/lib/python3.10/site-packages:${PYTHONPATH} /usr/bin/python3 -W ignore:setup.py install is deprecated -W ignore:easy_install command is deprecated setup.py egg_info --egg-base ../../build/wyq build --build-base /home/wyq/docker/ros_ws/build/wyq/build install --record /home/wyq/docker/ros_ws/build/wyq/install.log --single-version-externally-managed install_data
