[0.014s] Invoking command in '/ros_ws/build/assistant': CMAKE_PREFIX_PATH=${CMAKE_PREFIX_PATH}:/ros_ws/install/my_moveit2:/opt/ros/humble /usr/bin/cmake /ros_ws/src/assistant -DCMAKE_INSTALL_PREFIX=/ros_ws/install/assistant
[0.177s] -- The C compiler identification is GNU 11.4.0
[0.284s] -- The CXX compiler identification is GNU 11.4.0
[0.296s] -- Detecting C compiler ABI info
[0.360s] -- Detecting C compiler ABI info - done
[0.364s] -- Check for working C compiler: /usr/bin/cc - skipped
[0.365s] -- Detecting C compile features
[0.366s] -- Detecting C compile features - done
[0.369s] -- Detecting CXX compiler ABI info
[0.442s] -- Detecting CXX compiler ABI info - done
[0.446s] -- Check for working CXX compiler: /usr/bin/c++ - skipped
[0.446s] -- Detecting CXX compile features
[0.447s] -- Detecting CXX compile features - done
[0.462s] -- Found ament_cmake: 1.3.10 (/opt/ros/humble/share/ament_cmake/cmake)
[0.568s] -- Found Python3: /usr/bin/python3 (found version "3.10.12") found components: Interpreter 
[0.712s] -- Configuring done
[0.714s] -- Generating done
[0.714s] -- Build files have been written to: /ros_ws/build/assistant
[0.718s] Invoked command in '/ros_ws/build/assistant' returned '0': CMAKE_PREFIX_PATH=${CMAKE_PREFIX_PATH}:/ros_ws/install/my_moveit2:/opt/ros/humble /usr/bin/cmake /ros_ws/src/assistant -DCMAKE_INSTALL_PREFIX=/ros_ws/install/assistant
[0.719s] Invoking command in '/ros_ws/build/assistant': CMAKE_PREFIX_PATH=${CMAKE_PREFIX_PATH}:/ros_ws/install/my_moveit2:/opt/ros/humble /usr/bin/cmake --build /ros_ws/build/assistant -- -j4 -l4
[0.746s] Invoked command in '/ros_ws/build/assistant' returned '0': CMAKE_PREFIX_PATH=${CMAKE_PREFIX_PATH}:/ros_ws/install/my_moveit2:/opt/ros/humble /usr/bin/cmake --build /ros_ws/build/assistant -- -j4 -l4
[0.774s] Invoking command in '/ros_ws/build/assistant': CMAKE_PREFIX_PATH=${CMAKE_PREFIX_PATH}:/ros_ws/install/my_moveit2:/opt/ros/humble /usr/bin/cmake --install /ros_ws/build/assistant
[0.778s] -- Install configuration: ""
[0.778s] -- Installing: /ros_ws/install/assistant/share/ament_index/resource_index/package_run_dependencies/assistant
[0.778s] -- Installing: /ros_ws/install/assistant/share/ament_index/resource_index/parent_prefix_path/assistant
[0.778s] -- Installing: /ros_ws/install/assistant/share/assistant/environment/ament_prefix_path.sh
[0.779s] -- Installing: /ros_ws/install/assistant/share/assistant/environment/ament_prefix_path.dsv
[0.779s] -- Installing: /ros_ws/install/assistant/share/assistant/environment/path.sh
[0.779s] -- Installing: /ros_ws/install/assistant/share/assistant/environment/path.dsv
[0.779s] -- Installing: /ros_ws/install/assistant/share/assistant/local_setup.bash
[0.779s] -- Installing: /ros_ws/install/assistant/share/assistant/local_setup.sh
[0.779s] -- Installing: /ros_ws/install/assistant/share/assistant/local_setup.zsh
[0.779s] -- Installing: /ros_ws/install/assistant/share/assistant/local_setup.dsv
[0.780s] -- Installing: /ros_ws/install/assistant/share/assistant/package.dsv
[0.780s] -- Installing: /ros_ws/install/assistant/share/ament_index/resource_index/packages/assistant
[0.780s] -- Installing: /ros_ws/install/assistant/share/assistant/cmake/assistantConfig.cmake
[0.780s] -- Installing: /ros_ws/install/assistant/share/assistant/cmake/assistantConfig-version.cmake
[0.780s] -- Installing: /ros_ws/install/assistant/share/assistant/package.xml
[0.780s] -- Installing: /ros_ws/install/assistant/share/assistant/launch
[0.780s] -- Installing: /ros_ws/install/assistant/share/assistant/launch/move_group.launch.py
[0.780s] -- Installing: /ros_ws/install/assistant/share/assistant/launch/rsp.launch.py
[0.780s] -- Installing: /ros_ws/install/assistant/share/assistant/launch/moveit_rviz.launch.py
[0.780s] -- Installing: /ros_ws/install/assistant/share/assistant/launch/warehouse_db.launch.py
[0.780s] -- Installing: /ros_ws/install/assistant/share/assistant/launch/setup_assistant.launch.py
[0.780s] -- Installing: /ros_ws/install/assistant/share/assistant/launch/demo.launch.py
[0.781s] -- Installing: /ros_ws/install/assistant/share/assistant/launch/spawn_controllers.launch.py
[0.781s] -- Installing: /ros_ws/install/assistant/share/assistant/launch/static_virtual_joint_tfs.launch.py
[0.781s] -- Installing: /ros_ws/install/assistant/share/assistant/config
[0.781s] -- Installing: /ros_ws/install/assistant/share/assistant/config/initial_positions.yaml
[0.781s] -- Installing: /ros_ws/install/assistant/share/assistant/config/kinematics.yaml
[0.782s] -- Installing: /ros_ws/install/assistant/share/assistant/config/ros2_controllers.yaml
[0.783s] -- Installing: /ros_ws/install/assistant/share/assistant/config/moveit.rviz
[0.783s] -- Installing: /ros_ws/install/assistant/share/assistant/config/panda.ros2_control.xacro
[0.783s] -- Installing: /ros_ws/install/assistant/share/assistant/config/joint_limits.yaml
[0.784s] -- Installing: /ros_ws/install/assistant/share/assistant/config/panda.urdf.xacro
[0.784s] -- Installing: /ros_ws/install/assistant/share/assistant/config/moveit_controllers.yaml
[0.784s] -- Installing: /ros_ws/install/assistant/share/assistant/config/panda.srdf
[0.785s] -- Installing: /ros_ws/install/assistant/share/assistant/config/pilz_cartesian_limits.yaml
[0.786s] -- Installing: /ros_ws/install/assistant/share/assistant/.setup_assistant
[0.788s] Invoked command in '/ros_ws/build/assistant' returned '0': CMAKE_PREFIX_PATH=${CMAKE_PREFIX_PATH}:/ros_ws/install/my_moveit2:/opt/ros/humble /usr/bin/cmake --install /ros_ws/build/assistant
