[0.182s] Invoking command in '/home/wyq/docker/moveit2/ros_ws/build/urdf_config': CMAKE_PREFIX_PATH=/opt/ros/humble /usr/bin/cmake --build /home/wyq/docker/moveit2/ros_ws/build/urdf_config -- -j4 -l4
[0.205s] -- Found ament_cmake: 1.3.11 (/opt/ros/humble/share/ament_cmake/cmake)
[0.342s] -- Configuring done
[0.344s] -- Generating done
[0.346s] -- Build files have been written to: /home/wyq/docker/moveit2/ros_ws/build/urdf_config
[0.367s] Invoked command in '/home/wyq/docker/moveit2/ros_ws/build/urdf_config' returned '0': CMAKE_PREFIX_PATH=/opt/ros/humble /usr/bin/cmake --build /home/wyq/docker/moveit2/ros_ws/build/urdf_config -- -j4 -l4
[0.367s] Invoking command in '/home/wyq/docker/moveit2/ros_ws/build/urdf_config': CMAKE_PREFIX_PATH=/opt/ros/humble /usr/bin/cmake --install /home/wyq/docker/moveit2/ros_ws/build/urdf_config
[0.372s] -- Install configuration: ""
[0.372s] -- Up-to-date: /home/wyq/docker/moveit2/ros_ws/install/urdf_config/share/ament_index/resource_index/package_run_dependencies/urdf_config
[0.372s] -- Up-to-date: /home/wyq/docker/moveit2/ros_ws/install/urdf_config/share/ament_index/resource_index/parent_prefix_path/urdf_config
[0.372s] -- Up-to-date: /home/wyq/docker/moveit2/ros_ws/install/urdf_config/share/urdf_config/environment/ament_prefix_path.sh
[0.373s] -- Installing: /home/wyq/docker/moveit2/ros_ws/install/urdf_config/share/urdf_config/environment/ament_prefix_path.dsv
[0.373s] -- Up-to-date: /home/wyq/docker/moveit2/ros_ws/install/urdf_config/share/urdf_config/environment/path.sh
[0.373s] -- Installing: /home/wyq/docker/moveit2/ros_ws/install/urdf_config/share/urdf_config/environment/path.dsv
[0.373s] -- Up-to-date: /home/wyq/docker/moveit2/ros_ws/install/urdf_config/share/urdf_config/local_setup.bash
[0.373s] -- Up-to-date: /home/wyq/docker/moveit2/ros_ws/install/urdf_config/share/urdf_config/local_setup.sh
[0.373s] -- Up-to-date: /home/wyq/docker/moveit2/ros_ws/install/urdf_config/share/urdf_config/local_setup.zsh
[0.373s] -- Installing: /home/wyq/docker/moveit2/ros_ws/install/urdf_config/share/urdf_config/local_setup.dsv
[0.373s] -- Installing: /home/wyq/docker/moveit2/ros_ws/install/urdf_config/share/urdf_config/package.dsv
[0.374s] -- Up-to-date: /home/wyq/docker/moveit2/ros_ws/install/urdf_config/share/ament_index/resource_index/packages/urdf_config
[0.374s] -- Up-to-date: /home/wyq/docker/moveit2/ros_ws/install/urdf_config/share/urdf_config/cmake/urdf_configConfig.cmake
[0.374s] -- Up-to-date: /home/wyq/docker/moveit2/ros_ws/install/urdf_config/share/urdf_config/cmake/urdf_configConfig-version.cmake
[0.374s] -- Up-to-date: /home/wyq/docker/moveit2/ros_ws/install/urdf_config/share/urdf_config/package.xml
[0.374s] -- Up-to-date: /home/wyq/docker/moveit2/ros_ws/install/urdf_config/share/urdf_config/launch
[0.375s] -- Up-to-date: /home/wyq/docker/moveit2/ros_ws/install/urdf_config/share/urdf_config/launch/move_group.launch.py
[0.375s] -- Up-to-date: /home/wyq/docker/moveit2/ros_ws/install/urdf_config/share/urdf_config/launch/rsp.launch.py
[0.375s] -- Up-to-date: /home/wyq/docker/moveit2/ros_ws/install/urdf_config/share/urdf_config/launch/moveit_rviz.launch.py
[0.375s] -- Up-to-date: /home/wyq/docker/moveit2/ros_ws/install/urdf_config/share/urdf_config/launch/warehouse_db.launch.py
[0.375s] -- Up-to-date: /home/wyq/docker/moveit2/ros_ws/install/urdf_config/share/urdf_config/launch/setup_assistant.launch.py
[0.375s] -- Up-to-date: /home/wyq/docker/moveit2/ros_ws/install/urdf_config/share/urdf_config/launch/demo.launch.py
[0.375s] -- Up-to-date: /home/wyq/docker/moveit2/ros_ws/install/urdf_config/share/urdf_config/launch/spawn_controllers.launch.py
[0.375s] -- Up-to-date: /home/wyq/docker/moveit2/ros_ws/install/urdf_config/share/urdf_config/launch/static_virtual_joint_tfs.launch.py
[0.375s] -- Up-to-date: /home/wyq/docker/moveit2/ros_ws/install/urdf_config/share/urdf_config/launch/demo.launch.py
[0.375s] -- Up-to-date: /home/wyq/docker/moveit2/ros_ws/install/urdf_config/share/urdf_config/config
[0.375s] -- Up-to-date: /home/wyq/docker/moveit2/ros_ws/install/urdf_config/share/urdf_config/config/initial_positions.yaml
[0.375s] -- Up-to-date: /home/wyq/docker/moveit2/ros_ws/install/urdf_config/share/urdf_config/config/kinematics.yaml
[0.375s] -- Up-to-date: /home/wyq/docker/moveit2/ros_ws/install/urdf_config/share/urdf_config/config/ros2_controllers.yaml
[0.375s] -- Up-to-date: /home/wyq/docker/moveit2/ros_ws/install/urdf_config/share/urdf_config/config/moveit.rviz
[0.375s] -- Up-to-date: /home/wyq/docker/moveit2/ros_ws/install/urdf_config/share/urdf_config/config/panda.ros2_control.xacro
[0.375s] -- Up-to-date: /home/wyq/docker/moveit2/ros_ws/install/urdf_config/share/urdf_config/config/joint_limits.yaml
[0.375s] -- Up-to-date: /home/wyq/docker/moveit2/ros_ws/install/urdf_config/share/urdf_config/config/panda.urdf.xacro
[0.375s] -- Up-to-date: /home/wyq/docker/moveit2/ros_ws/install/urdf_config/share/urdf_config/config/moveit_controllers.yaml
[0.375s] -- Up-to-date: /home/wyq/docker/moveit2/ros_ws/install/urdf_config/share/urdf_config/config/panda.srdf
[0.375s] -- Up-to-date: /home/wyq/docker/moveit2/ros_ws/install/urdf_config/share/urdf_config/config/pilz_cartesian_limits.yaml
[0.375s] -- Up-to-date: /home/wyq/docker/moveit2/ros_ws/install/urdf_config/share/urdf_config/.setup_assistant
[0.378s] Invoked command in '/home/wyq/docker/moveit2/ros_ws/build/urdf_config' returned '0': CMAKE_PREFIX_PATH=/opt/ros/humble /usr/bin/cmake --install /home/wyq/docker/moveit2/ros_ws/build/urdf_config
