[0.852s] Invoking command in '/ros_ws/src/my_moveit2': PYTHONPATH=/ros_ws/build/my_moveit2/prefix_override:/usr/lib/python3/dist-packages/colcon_core/task/python/colcon_distutils_commands:/ros_ws/install/my_moveit2/lib/python3.10/site-packages:${PYTHONPATH} /usr/bin/python3 -W ignore:setup.py install is deprecated setup.py egg_info --egg-base ../../build/my_moveit2 build --build-base /ros_ws/build/my_moveit2/build install --record /ros_ws/build/my_moveit2/install.log --single-version-externally-managed install_data
[1.012s] running egg_info
[1.014s] writing ../../build/my_moveit2/my_moveit2.egg-info/PKG-INFO
[1.014s] writing dependency_links to ../../build/my_moveit2/my_moveit2.egg-info/dependency_links.txt
[1.014s] writing entry points to ../../build/my_moveit2/my_moveit2.egg-info/entry_points.txt
[1.014s] writing requirements to ../../build/my_moveit2/my_moveit2.egg-info/requires.txt
[1.014s] writing top-level names to ../../build/my_moveit2/my_moveit2.egg-info/top_level.txt
[1.015s] reading manifest file '../../build/my_moveit2/my_moveit2.egg-info/SOURCES.txt'
[1.016s] adding license file 'LICENSE'
[1.016s] writing manifest file '../../build/my_moveit2/my_moveit2.egg-info/SOURCES.txt'
[1.016s] running build
[1.016s] running build_py
[1.019s] running install
[1.019s] running install_lib
[1.019s] running install_data
[1.019s] running install_egg_info
[1.020s] removing '/ros_ws/install/my_moveit2/lib/python3.10/site-packages/my_moveit2-0.0.0-py3.10.egg-info' (and everything under it)
[1.025s] Copying ../../build/my_moveit2/my_moveit2.egg-info to /ros_ws/install/my_moveit2/lib/python3.10/site-packages/my_moveit2-0.0.0-py3.10.egg-info
[1.026s] running install_scripts
[1.038s] Installing demo_moveit_node script to /ros_ws/install/my_moveit2/lib/my_moveit2
[1.040s] writing list of installed files to '/ros_ws/build/my_moveit2/install.log'
[1.058s] Invoked command in '/ros_ws/src/my_moveit2' returned '0': PYTHONPATH=/ros_ws/build/my_moveit2/prefix_override:/usr/lib/python3/dist-packages/colcon_core/task/python/colcon_distutils_commands:/ros_ws/install/my_moveit2/lib/python3.10/site-packages:${PYTHONPATH} /usr/bin/python3 -W ignore:setup.py install is deprecated setup.py egg_info --egg-base ../../build/my_moveit2 build --build-base /ros_ws/build/my_moveit2/build install --record /ros_ws/build/my_moveit2/install.log --single-version-externally-managed install_data
