[0.183s] Invoking command in '/ros_ws/build/urdf_config': CMAKE_PREFIX_PATH=${CMAKE_PREFIX_PATH}:/ros_ws/install/my_moveit2:/opt/ros/humble /usr/bin/cmake /ros_ws/src/urdf_config -DCMAKE_INSTALL_PREFIX=/ros_ws/install/urdf_config
[0.403s] -- The C compiler identification is GNU 11.4.0
[0.565s] -- The CXX compiler identification is GNU 11.4.0
[0.583s] -- Detecting C compiler ABI info
[0.667s] -- Detecting C compiler ABI info - done
[0.671s] -- Check for working C compiler: /usr/bin/cc - skipped
[0.672s] -- Detecting C compile features
[0.673s] -- Detecting C compile features - done
[0.677s] -- Detecting CXX compiler ABI info
[0.747s] -- Detecting CXX compiler ABI info - done
[0.756s] -- Check for working CXX compiler: /usr/bin/c++ - skipped
[0.756s] -- Detecting CXX compile features
[0.756s] -- Detecting CXX compile features - done
[0.769s] -- Found ament_cmake: 1.3.10 (/opt/ros/humble/share/ament_cmake/cmake)
[0.904s] -- Found Python3: /usr/bin/python3 (found version "3.10.12") found components: Interpreter 
[1.112s] -- Configuring done
[1.115s] -- Generating done
[1.115s] -- Build files have been written to: /ros_ws/build/urdf_config
[1.121s] Invoked command in '/ros_ws/build/urdf_config' returned '0': CMAKE_PREFIX_PATH=${CMAKE_PREFIX_PATH}:/ros_ws/install/my_moveit2:/opt/ros/humble /usr/bin/cmake /ros_ws/src/urdf_config -DCMAKE_INSTALL_PREFIX=/ros_ws/install/urdf_config
[1.123s] Invoking command in '/ros_ws/build/urdf_config': CMAKE_PREFIX_PATH=${CMAKE_PREFIX_PATH}:/ros_ws/install/my_moveit2:/opt/ros/humble /usr/bin/cmake --build /ros_ws/build/urdf_config -- -j4 -l4
[1.158s] Invoked command in '/ros_ws/build/urdf_config' returned '0': CMAKE_PREFIX_PATH=${CMAKE_PREFIX_PATH}:/ros_ws/install/my_moveit2:/opt/ros/humble /usr/bin/cmake --build /ros_ws/build/urdf_config -- -j4 -l4
[1.179s] Invoking command in '/ros_ws/build/urdf_config': CMAKE_PREFIX_PATH=${CMAKE_PREFIX_PATH}:/ros_ws/install/my_moveit2:/opt/ros/humble /usr/bin/cmake --install /ros_ws/build/urdf_config
[1.185s] -- Install configuration: ""
[1.185s] -- Installing: /ros_ws/install/urdf_config/share/ament_index/resource_index/package_run_dependencies/urdf_config
[1.185s] -- Installing: /ros_ws/install/urdf_config/share/ament_index/resource_index/parent_prefix_path/urdf_config
[1.185s] -- Installing: /ros_ws/install/urdf_config/share/urdf_config/environment/ament_prefix_path.sh
[1.185s] -- Installing: /ros_ws/install/urdf_config/share/urdf_config/environment/ament_prefix_path.dsv
[1.186s] -- Installing: /ros_ws/install/urdf_config/share/urdf_config/environment/path.sh
[1.186s] -- Installing: /ros_ws/install/urdf_config/share/urdf_config/environment/path.dsv
[1.186s] -- Installing: /ros_ws/install/urdf_config/share/urdf_config/local_setup.bash
[1.186s] -- Installing: /ros_ws/install/urdf_config/share/urdf_config/local_setup.sh
[1.186s] -- Installing: /ros_ws/install/urdf_config/share/urdf_config/local_setup.zsh
[1.186s] -- Installing: /ros_ws/install/urdf_config/share/urdf_config/local_setup.dsv
[1.186s] -- Installing: /ros_ws/install/urdf_config/share/urdf_config/package.dsv
[1.186s] -- Installing: /ros_ws/install/urdf_config/share/ament_index/resource_index/packages/urdf_config
[1.186s] -- Installing: /ros_ws/install/urdf_config/share/urdf_config/cmake/urdf_configConfig.cmake
[1.186s] -- Installing: /ros_ws/install/urdf_config/share/urdf_config/cmake/urdf_configConfig-version.cmake
[1.186s] -- Installing: /ros_ws/install/urdf_config/share/urdf_config/package.xml
[1.186s] -- Installing: /ros_ws/install/urdf_config/share/urdf_config/launch
[1.187s] -- Installing: /ros_ws/install/urdf_config/share/urdf_config/launch/move_group.launch.py
[1.187s] -- Installing: /ros_ws/install/urdf_config/share/urdf_config/launch/rsp.launch.py
[1.187s] -- Installing: /ros_ws/install/urdf_config/share/urdf_config/launch/moveit_rviz.launch.py
[1.187s] -- Installing: /ros_ws/install/urdf_config/share/urdf_config/launch/warehouse_db.launch.py
[1.187s] -- Installing: /ros_ws/install/urdf_config/share/urdf_config/launch/setup_assistant.launch.py
[1.187s] -- Installing: /ros_ws/install/urdf_config/share/urdf_config/launch/demo.launch.py
[1.187s] -- Installing: /ros_ws/install/urdf_config/share/urdf_config/launch/spawn_controllers.launch.py
[1.187s] -- Installing: /ros_ws/install/urdf_config/share/urdf_config/launch/static_virtual_joint_tfs.launch.py
[1.187s] -- Installing: /ros_ws/install/urdf_config/share/urdf_config/config
[1.187s] -- Installing: /ros_ws/install/urdf_config/share/urdf_config/config/initial_positions.yaml
[1.187s] -- Installing: /ros_ws/install/urdf_config/share/urdf_config/config/kinematics.yaml
[1.188s] -- Installing: /ros_ws/install/urdf_config/share/urdf_config/config/ros2_controllers.yaml
[1.188s] -- Installing: /ros_ws/install/urdf_config/share/urdf_config/config/moveit.rviz
[1.188s] -- Installing: /ros_ws/install/urdf_config/share/urdf_config/config/panda.ros2_control.xacro
[1.188s] -- Installing: /ros_ws/install/urdf_config/share/urdf_config/config/joint_limits.yaml
[1.188s] -- Installing: /ros_ws/install/urdf_config/share/urdf_config/config/panda.urdf.xacro
[1.188s] -- Installing: /ros_ws/install/urdf_config/share/urdf_config/config/moveit_controllers.yaml
[1.188s] -- Installing: /ros_ws/install/urdf_config/share/urdf_config/config/panda.srdf
[1.188s] -- Installing: /ros_ws/install/urdf_config/share/urdf_config/config/pilz_cartesian_limits.yaml
[1.188s] -- Installing: /ros_ws/install/urdf_config/share/urdf_config/.setup_assistant
[1.192s] Invoked command in '/ros_ws/build/urdf_config' returned '0': CMAKE_PREFIX_PATH=${CMAKE_PREFIX_PATH}:/ros_ws/install/my_moveit2:/opt/ros/humble /usr/bin/cmake --install /ros_ws/build/urdf_config
