[0.682s] Invoking command in '/home/wyq/docker/moveit2/ros_ws/src/my_moveit2': PYTHONPATH=/home/wyq/docker/moveit2/ros_ws/build/my_moveit2/prefix_override:/usr/lib/python3/dist-packages/colcon_core/task/python/colcon_distutils_commands:/home/wyq/docker/moveit2/ros_ws/install/my_moveit2/lib/python3.10/site-packages:${PYTHONPATH} /usr/bin/python3 -W ignore:setup.py install is deprecated -W ignore:easy_install command is deprecated setup.py egg_info --egg-base ../../build/my_moveit2 build --build-base /home/wyq/docker/moveit2/ros_ws/build/my_moveit2/build install --record /home/wyq/docker/moveit2/ros_ws/build/my_moveit2/install.log --single-version-externally-managed install_data
[0.943s] running egg_info
[0.945s] creating ../../build/my_moveit2/my_moveit2.egg-info
[0.945s] writing ../../build/my_moveit2/my_moveit2.egg-info/PKG-INFO
[0.945s] writing dependency_links to ../../build/my_moveit2/my_moveit2.egg-info/dependency_links.txt
[0.945s] writing entry points to ../../build/my_moveit2/my_moveit2.egg-info/entry_points.txt
[0.945s] writing requirements to ../../build/my_moveit2/my_moveit2.egg-info/requires.txt
[0.945s] writing top-level names to ../../build/my_moveit2/my_moveit2.egg-info/top_level.txt
[0.945s] writing manifest file '../../build/my_moveit2/my_moveit2.egg-info/SOURCES.txt'
[0.945s] reading manifest file '../../build/my_moveit2/my_moveit2.egg-info/SOURCES.txt'
[0.945s] adding license file 'LICENSE'
[0.947s] writing manifest file '../../build/my_moveit2/my_moveit2.egg-info/SOURCES.txt'
[0.947s] running build
[0.947s] running build_py
[0.947s] creating /home/wyq/docker/moveit2/ros_ws/build/my_moveit2/build
[0.947s] creating /home/wyq/docker/moveit2/ros_ws/build/my_moveit2/build/lib
[0.947s] creating /home/wyq/docker/moveit2/ros_ws/build/my_moveit2/build/lib/my_moveit2
[0.947s] copying my_moveit2/demo_moveit_node.py -> /home/wyq/docker/moveit2/ros_ws/build/my_moveit2/build/lib/my_moveit2
[0.947s] copying my_moveit2/__init__.py -> /home/wyq/docker/moveit2/ros_ws/build/my_moveit2/build/lib/my_moveit2
[0.950s] running install
[0.950s] running install_lib
[0.951s] creating /home/wyq/docker/moveit2/ros_ws/install/my_moveit2/lib/python3.10/site-packages/my_moveit2
[0.951s] copying /home/wyq/docker/moveit2/ros_ws/build/my_moveit2/build/lib/my_moveit2/demo_moveit_node.py -> /home/wyq/docker/moveit2/ros_ws/install/my_moveit2/lib/python3.10/site-packages/my_moveit2
[0.951s] copying /home/wyq/docker/moveit2/ros_ws/build/my_moveit2/build/lib/my_moveit2/__init__.py -> /home/wyq/docker/moveit2/ros_ws/install/my_moveit2/lib/python3.10/site-packages/my_moveit2
[0.955s] byte-compiling /home/wyq/docker/moveit2/ros_ws/install/my_moveit2/lib/python3.10/site-packages/my_moveit2/demo_moveit_node.py to demo_moveit_node.cpython-310.pyc
[0.955s] byte-compiling /home/wyq/docker/moveit2/ros_ws/install/my_moveit2/lib/python3.10/site-packages/my_moveit2/__init__.py to __init__.cpython-310.pyc
[0.955s] running install_data
[0.955s] creating /home/wyq/docker/moveit2/ros_ws/install/my_moveit2/share/ament_index
[0.957s] creating /home/wyq/docker/moveit2/ros_ws/install/my_moveit2/share/ament_index/resource_index
[0.958s] creating /home/wyq/docker/moveit2/ros_ws/install/my_moveit2/share/ament_index/resource_index/packages
[0.958s] copying resource/my_moveit2 -> /home/wyq/docker/moveit2/ros_ws/install/my_moveit2/share/ament_index/resource_index/packages
[0.958s] copying package.xml -> /home/wyq/docker/moveit2/ros_ws/install/my_moveit2/share/my_moveit2
[0.958s] creating /home/wyq/docker/moveit2/ros_ws/install/my_moveit2/share/my_moveit2/launch
[0.958s] copying launch/launch.py -> /home/wyq/docker/moveit2/ros_ws/install/my_moveit2/share/my_moveit2/launch
[0.958s] creating /home/wyq/docker/moveit2/ros_ws/install/my_moveit2/share/my_moveit2/urdf
[0.958s] copying urdf/panda.urdf -> /home/wyq/docker/moveit2/ros_ws/install/my_moveit2/share/my_moveit2/urdf
[0.958s] running install_egg_info
[0.959s] Copying ../../build/my_moveit2/my_moveit2.egg-info to /home/wyq/docker/moveit2/ros_ws/install/my_moveit2/lib/python3.10/site-packages/my_moveit2-0.0.0-py3.10.egg-info
[0.960s] running install_scripts
[0.984s] Installing demo_moveit_node script to /home/wyq/docker/moveit2/ros_ws/install/my_moveit2/lib/my_moveit2
[0.984s] writing list of installed files to '/home/wyq/docker/moveit2/ros_ws/build/my_moveit2/install.log'
[1.017s] Invoked command in '/home/wyq/docker/moveit2/ros_ws/src/my_moveit2' returned '0': PYTHONPATH=/home/wyq/docker/moveit2/ros_ws/build/my_moveit2/prefix_override:/usr/lib/python3/dist-packages/colcon_core/task/python/colcon_distutils_commands:/home/wyq/docker/moveit2/ros_ws/install/my_moveit2/lib/python3.10/site-packages:${PYTHONPATH} /usr/bin/python3 -W ignore:setup.py install is deprecated -W ignore:easy_install command is deprecated setup.py egg_info --egg-base ../../build/my_moveit2 build --build-base /home/wyq/docker/moveit2/ros_ws/build/my_moveit2/build install --record /home/wyq/docker/moveit2/ros_ws/build/my_moveit2/install.log --single-version-externally-managed install_data
