[0.399s] Invoking command in '/ros_ws/src/my_moveit2': PYTHONPATH=/ros_ws/build/my_moveit2/prefix_override:/usr/lib/python3/dist-packages/colcon_core/task/python/colcon_distutils_commands:/ros_ws/install/my_moveit2/lib/python3.10/site-packages:${PYTHONPATH} /usr/bin/python3 -W ignore:setup.py install is deprecated setup.py egg_info --egg-base ../../build/my_moveit2 build --build-base /ros_ws/build/my_moveit2/build install --record /ros_ws/build/my_moveit2/install.log --single-version-externally-managed install_data
[0.529s] running egg_info
[0.530s] creating ../../build/my_moveit2/my_moveit2.egg-info
[0.532s] writing ../../build/my_moveit2/my_moveit2.egg-info/PKG-INFO
[0.532s] writing dependency_links to ../../build/my_moveit2/my_moveit2.egg-info/dependency_links.txt
[0.532s] writing entry points to ../../build/my_moveit2/my_moveit2.egg-info/entry_points.txt
[0.532s] writing requirements to ../../build/my_moveit2/my_moveit2.egg-info/requires.txt
[0.532s] writing top-level names to ../../build/my_moveit2/my_moveit2.egg-info/top_level.txt
[0.532s] writing manifest file '../../build/my_moveit2/my_moveit2.egg-info/SOURCES.txt'
[0.533s] reading manifest file '../../build/my_moveit2/my_moveit2.egg-info/SOURCES.txt'
[0.533s] adding license file 'LICENSE'
[0.533s] writing manifest file '../../build/my_moveit2/my_moveit2.egg-info/SOURCES.txt'
[0.533s] running build
[0.533s] running build_py
[0.533s] creating /ros_ws/build/my_moveit2/build
[0.533s] creating /ros_ws/build/my_moveit2/build/lib
[0.533s] creating /ros_ws/build/my_moveit2/build/lib/my_moveit2
[0.533s] copying my_moveit2/demo_moveit_node.py -> /ros_ws/build/my_moveit2/build/lib/my_moveit2
[0.533s] copying my_moveit2/__init__.py -> /ros_ws/build/my_moveit2/build/lib/my_moveit2
[0.533s] running install
[0.533s] running install_lib
[0.533s] creating /ros_ws/install/my_moveit2/lib/python3.10/site-packages/my_moveit2
[0.533s] copying /ros_ws/build/my_moveit2/build/lib/my_moveit2/demo_moveit_node.py -> /ros_ws/install/my_moveit2/lib/python3.10/site-packages/my_moveit2
[0.534s] copying /ros_ws/build/my_moveit2/build/lib/my_moveit2/__init__.py -> /ros_ws/install/my_moveit2/lib/python3.10/site-packages/my_moveit2
[0.534s] byte-compiling /ros_ws/install/my_moveit2/lib/python3.10/site-packages/my_moveit2/demo_moveit_node.py to demo_moveit_node.cpython-310.pyc
[0.534s] byte-compiling /ros_ws/install/my_moveit2/lib/python3.10/site-packages/my_moveit2/__init__.py to __init__.cpython-310.pyc
[0.534s] running install_data
[0.534s] creating /ros_ws/install/my_moveit2/share/ament_index
[0.535s] creating /ros_ws/install/my_moveit2/share/ament_index/resource_index
[0.535s] creating /ros_ws/install/my_moveit2/share/ament_index/resource_index/packages
[0.535s] copying resource/my_moveit2 -> /ros_ws/install/my_moveit2/share/ament_index/resource_index/packages
[0.535s] copying package.xml -> /ros_ws/install/my_moveit2/share/my_moveit2
[0.535s] creating /ros_ws/install/my_moveit2/share/my_moveit2/launch
[0.535s] copying launch/launch.py -> /ros_ws/install/my_moveit2/share/my_moveit2/launch
[0.535s] running install_egg_info
[0.536s] Copying ../../build/my_moveit2/my_moveit2.egg-info to /ros_ws/install/my_moveit2/lib/python3.10/site-packages/my_moveit2-0.0.0-py3.10.egg-info
[0.536s] running install_scripts
[0.550s] Installing demo_moveit_node script to /ros_ws/install/my_moveit2/lib/my_moveit2
[0.550s] writing list of installed files to '/ros_ws/build/my_moveit2/install.log'
[0.563s] Invoked command in '/ros_ws/src/my_moveit2' returned '0': PYTHONPATH=/ros_ws/build/my_moveit2/prefix_override:/usr/lib/python3/dist-packages/colcon_core/task/python/colcon_distutils_commands:/ros_ws/install/my_moveit2/lib/python3.10/site-packages:${PYTHONPATH} /usr/bin/python3 -W ignore:setup.py install is deprecated setup.py egg_info --egg-base ../../build/my_moveit2 build --build-base /ros_ws/build/my_moveit2/build install --record /ros_ws/build/my_moveit2/install.log --single-version-externally-managed install_data
