running egg_info
writing ../../build/my_moveit2/my_moveit2.egg-info/PKG-INFO
writing dependency_links to ../../build/my_moveit2/my_moveit2.egg-info/dependency_links.txt
writing entry points to ../../build/my_moveit2/my_moveit2.egg-info/entry_points.txt
writing requirements to ../../build/my_moveit2/my_moveit2.egg-info/requires.txt
writing top-level names to ../../build/my_moveit2/my_moveit2.egg-info/top_level.txt
reading manifest file '../../build/my_moveit2/my_moveit2.egg-info/SOURCES.txt'
adding license file 'LICENSE'
writing manifest file '../../build/my_moveit2/my_moveit2.egg-info/SOURCES.txt'
running build
running build_py
running install
running install_lib
running install_data
running install_egg_info
removing '/home/wyq/docker/moveit2/ros_ws/install/my_moveit2/lib/python3.10/site-packages/my_moveit2-0.0.0-py3.10.egg-info' (and everything under it)
Copying ../../build/my_moveit2/my_moveit2.egg-info to /home/wyq/docker/moveit2/ros_ws/install/my_moveit2/lib/python3.10/site-packages/my_moveit2-0.0.0-py3.10.egg-info
running install_scripts
Installing demo_moveit_node script to /home/wyq/docker/moveit2/ros_ws/install/my_moveit2/lib/my_moveit2
writing list of installed files to '/home/wyq/docker/moveit2/ros_ws/build/my_moveit2/install.log'
