[0.019s] Invoking command in '/home/wyq/docker/ros_ws/build/moveit_resources_fanuc_description': CMAKE_PREFIX_PATH=/opt/ros/humble /usr/bin/cmake --build /home/wyq/docker/ros_ws/build/moveit_resources_fanuc_description -- -j4 -l4
[0.222s] Invoked command in '/home/wyq/docker/ros_ws/build/moveit_resources_fanuc_description' returned '0': CMAKE_PREFIX_PATH=/opt/ros/humble /usr/bin/cmake --build /home/wyq/docker/ros_ws/build/moveit_resources_fanuc_description -- -j4 -l4
[0.222s] Invoking command in '/home/wyq/docker/ros_ws/build/moveit_resources_fanuc_description': CMAKE_PREFIX_PATH=/opt/ros/humble /usr/bin/cmake --install /home/wyq/docker/ros_ws/build/moveit_resources_fanuc_description
[0.259s] -- Install configuration: ""
[0.259s] -- Up-to-date: /home/wyq/docker/ros_ws/install/moveit_resources_fanuc_description/share/ament_index/resource_index/package_run_dependencies/moveit_resources_fanuc_description
[0.259s] -- Up-to-date: /home/wyq/docker/ros_ws/install/moveit_resources_fanuc_description/share/ament_index/resource_index/parent_prefix_path/moveit_resources_fanuc_description
[0.259s] -- Up-to-date: /home/wyq/docker/ros_ws/install/moveit_resources_fanuc_description/share/moveit_resources_fanuc_description/environment/ament_prefix_path.sh
[0.259s] -- Up-to-date: /home/wyq/docker/ros_ws/install/moveit_resources_fanuc_description/share/moveit_resources_fanuc_description/environment/ament_prefix_path.dsv
[0.259s] -- Up-to-date: /home/wyq/docker/ros_ws/install/moveit_resources_fanuc_description/share/moveit_resources_fanuc_description/environment/path.sh
[0.259s] -- Up-to-date: /home/wyq/docker/ros_ws/install/moveit_resources_fanuc_description/share/moveit_resources_fanuc_description/environment/path.dsv
[0.259s] -- Up-to-date: /home/wyq/docker/ros_ws/install/moveit_resources_fanuc_description/share/moveit_resources_fanuc_description/local_setup.bash
[0.259s] -- Up-to-date: /home/wyq/docker/ros_ws/install/moveit_resources_fanuc_description/share/moveit_resources_fanuc_description/local_setup.sh
[0.259s] -- Up-to-date: /home/wyq/docker/ros_ws/install/moveit_resources_fanuc_description/share/moveit_resources_fanuc_description/local_setup.zsh
[0.259s] -- Up-to-date: /home/wyq/docker/ros_ws/install/moveit_resources_fanuc_description/share/moveit_resources_fanuc_description/local_setup.dsv
[0.259s] -- Installing: /home/wyq/docker/ros_ws/install/moveit_resources_fanuc_description/share/moveit_resources_fanuc_description/package.dsv
[0.259s] -- Up-to-date: /home/wyq/docker/ros_ws/install/moveit_resources_fanuc_description/share/ament_index/resource_index/packages/moveit_resources_fanuc_description
[0.260s] -- Up-to-date: /home/wyq/docker/ros_ws/install/moveit_resources_fanuc_description/share/moveit_resources_fanuc_description/cmake/moveit_resources_fanuc_descriptionConfig.cmake
[0.260s] -- Up-to-date: /home/wyq/docker/ros_ws/install/moveit_resources_fanuc_description/share/moveit_resources_fanuc_description/cmake/moveit_resources_fanuc_descriptionConfig-version.cmake
[0.260s] -- Up-to-date: /home/wyq/docker/ros_ws/install/moveit_resources_fanuc_description/share/moveit_resources_fanuc_description/package.xml
[0.260s] -- Up-to-date: /home/wyq/docker/ros_ws/install/moveit_resources_fanuc_description/share/moveit_resources_fanuc_description/meshes
[0.260s] -- Up-to-date: /home/wyq/docker/ros_ws/install/moveit_resources_fanuc_description/share/moveit_resources_fanuc_description/meshes/collision
[0.262s] -- Up-to-date: /home/wyq/docker/ros_ws/install/moveit_resources_fanuc_description/share/moveit_resources_fanuc_description/meshes/collision/link_2.stl
[0.263s] -- Up-to-date: /home/wyq/docker/ros_ws/install/moveit_resources_fanuc_description/share/moveit_resources_fanuc_description/meshes/collision/base_link.stl
[0.263s] -- Up-to-date: /home/wyq/docker/ros_ws/install/moveit_resources_fanuc_description/share/moveit_resources_fanuc_description/meshes/collision/link_1.stl
[0.264s] -- Up-to-date: /home/wyq/docker/ros_ws/install/moveit_resources_fanuc_description/share/moveit_resources_fanuc_description/meshes/collision/link_4.stl
[0.264s] -- Up-to-date: /home/wyq/docker/ros_ws/install/moveit_resources_fanuc_description/share/moveit_resources_fanuc_description/meshes/collision/link_3.stl
[0.264s] -- Up-to-date: /home/wyq/docker/ros_ws/install/moveit_resources_fanuc_description/share/moveit_resources_fanuc_description/meshes/collision/link_6.stl
[0.264s] -- Up-to-date: /home/wyq/docker/ros_ws/install/moveit_resources_fanuc_description/share/moveit_resources_fanuc_description/meshes/collision/link_5.stl
[0.264s] -- Up-to-date: /home/wyq/docker/ros_ws/install/moveit_resources_fanuc_description/share/moveit_resources_fanuc_description/meshes/visual
[0.264s] -- Up-to-date: /home/wyq/docker/ros_ws/install/moveit_resources_fanuc_description/share/moveit_resources_fanuc_description/meshes/visual/link_2.stl
[0.264s] -- Up-to-date: /home/wyq/docker/ros_ws/install/moveit_resources_fanuc_description/share/moveit_resources_fanuc_description/meshes/visual/base_link.stl
[0.264s] -- Up-to-date: /home/wyq/docker/ros_ws/install/moveit_resources_fanuc_description/share/moveit_resources_fanuc_description/meshes/visual/link_1.stl
[0.264s] -- Up-to-date: /home/wyq/docker/ros_ws/install/moveit_resources_fanuc_description/share/moveit_resources_fanuc_description/meshes/visual/link_4.stl
[0.264s] -- Up-to-date: /home/wyq/docker/ros_ws/install/moveit_resources_fanuc_description/share/moveit_resources_fanuc_description/meshes/visual/link_3.stl
[0.264s] -- Up-to-date: /home/wyq/docker/ros_ws/install/moveit_resources_fanuc_description/share/moveit_resources_fanuc_description/meshes/visual/link_6.stl
[0.265s] -- Up-to-date: /home/wyq/docker/ros_ws/install/moveit_resources_fanuc_description/share/moveit_resources_fanuc_description/meshes/visual/link_5.stl
[0.265s] -- Up-to-date: /home/wyq/docker/ros_ws/install/moveit_resources_fanuc_description/share/moveit_resources_fanuc_description/urdf
[0.265s] -- Up-to-date: /home/wyq/docker/ros_ws/install/moveit_resources_fanuc_description/share/moveit_resources_fanuc_description/urdf/fanuc.urdf
[0.284s] Invoked command in '/home/wyq/docker/ros_ws/build/moveit_resources_fanuc_description' returned '0': CMAKE_PREFIX_PATH=/opt/ros/humble /usr/bin/cmake --install /home/wyq/docker/ros_ws/build/moveit_resources_fanuc_description
