[0.199s] Invoking command in '/home/wyq/docker/moveit2/ros_ws/build/qwer': CMAKE_PREFIX_PATH=${CMAKE_PREFIX_PATH}:/home/wyq/docker/moveit2/ros_ws/install/my_moveit2:/opt/ros/humble /usr/bin/cmake --build /home/wyq/docker/moveit2/ros_ws/build/qwer -- -j4 -l4
[0.239s] Invoked command in '/home/wyq/docker/moveit2/ros_ws/build/qwer' returned '0': CMAKE_PREFIX_PATH=${CMAKE_PREFIX_PATH}:/home/wyq/docker/moveit2/ros_ws/install/my_moveit2:/opt/ros/humble /usr/bin/cmake --build /home/wyq/docker/moveit2/ros_ws/build/qwer -- -j4 -l4
[0.247s] Invoking command in '/home/wyq/docker/moveit2/ros_ws/build/qwer': CMAKE_PREFIX_PATH=${CMAKE_PREFIX_PATH}:/home/wyq/docker/moveit2/ros_ws/install/my_moveit2:/opt/ros/humble /usr/bin/cmake --install /home/wyq/docker/moveit2/ros_ws/build/qwer
[0.252s] -- Install configuration: ""
[0.252s] -- Up-to-date: /home/wyq/docker/moveit2/ros_ws/install/qwer/share/ament_index/resource_index/package_run_dependencies/qwer
[0.252s] -- Up-to-date: /home/wyq/docker/moveit2/ros_ws/install/qwer/share/ament_index/resource_index/parent_prefix_path/qwer
[0.252s] -- Up-to-date: /home/wyq/docker/moveit2/ros_ws/install/qwer/share/qwer/environment/ament_prefix_path.sh
[0.252s] -- Up-to-date: /home/wyq/docker/moveit2/ros_ws/install/qwer/share/qwer/environment/ament_prefix_path.dsv
[0.252s] -- Up-to-date: /home/wyq/docker/moveit2/ros_ws/install/qwer/share/qwer/environment/path.sh
[0.252s] -- Up-to-date: /home/wyq/docker/moveit2/ros_ws/install/qwer/share/qwer/environment/path.dsv
[0.252s] -- Up-to-date: /home/wyq/docker/moveit2/ros_ws/install/qwer/share/qwer/local_setup.bash
[0.253s] -- Up-to-date: /home/wyq/docker/moveit2/ros_ws/install/qwer/share/qwer/local_setup.sh
[0.253s] -- Up-to-date: /home/wyq/docker/moveit2/ros_ws/install/qwer/share/qwer/local_setup.zsh
[0.254s] -- Up-to-date: /home/wyq/docker/moveit2/ros_ws/install/qwer/share/qwer/local_setup.dsv
[0.254s] -- Installing: /home/wyq/docker/moveit2/ros_ws/install/qwer/share/qwer/package.dsv
[0.254s] -- Up-to-date: /home/wyq/docker/moveit2/ros_ws/install/qwer/share/ament_index/resource_index/packages/qwer
[0.254s] -- Up-to-date: /home/wyq/docker/moveit2/ros_ws/install/qwer/share/qwer/cmake/qwerConfig.cmake
[0.254s] -- Up-to-date: /home/wyq/docker/moveit2/ros_ws/install/qwer/share/qwer/cmake/qwerConfig-version.cmake
[0.254s] -- Up-to-date: /home/wyq/docker/moveit2/ros_ws/install/qwer/share/qwer/package.xml
[0.254s] -- Up-to-date: /home/wyq/docker/moveit2/ros_ws/install/qwer/share/qwer/launch
[0.254s] -- Up-to-date: /home/wyq/docker/moveit2/ros_ws/install/qwer/share/qwer/launch/move_group.launch.py
[0.254s] -- Up-to-date: /home/wyq/docker/moveit2/ros_ws/install/qwer/share/qwer/launch/rsp.launch.py
[0.255s] -- Up-to-date: /home/wyq/docker/moveit2/ros_ws/install/qwer/share/qwer/launch/moveit_rviz.launch.py
[0.256s] -- Up-to-date: /home/wyq/docker/moveit2/ros_ws/install/qwer/share/qwer/launch/warehouse_db.launch.py
[0.256s] -- Up-to-date: /home/wyq/docker/moveit2/ros_ws/install/qwer/share/qwer/launch/setup_assistant.launch.py
[0.256s] -- Up-to-date: /home/wyq/docker/moveit2/ros_ws/install/qwer/share/qwer/launch/demo.launch.py
[0.256s] -- Up-to-date: /home/wyq/docker/moveit2/ros_ws/install/qwer/share/qwer/launch/spawn_controllers.launch.py
[0.256s] -- Up-to-date: /home/wyq/docker/moveit2/ros_ws/install/qwer/share/qwer/launch/static_virtual_joint_tfs.launch.py
[0.257s] -- Up-to-date: /home/wyq/docker/moveit2/ros_ws/install/qwer/share/qwer/config
[0.257s] -- Up-to-date: /home/wyq/docker/moveit2/ros_ws/install/qwer/share/qwer/config/initial_positions.yaml
[0.257s] -- Up-to-date: /home/wyq/docker/moveit2/ros_ws/install/qwer/share/qwer/config/kinematics.yaml
[0.257s] -- Up-to-date: /home/wyq/docker/moveit2/ros_ws/install/qwer/share/qwer/config/ros2_controllers.yaml
[0.258s] -- Up-to-date: /home/wyq/docker/moveit2/ros_ws/install/qwer/share/qwer/config/moveit.rviz
[0.258s] -- Up-to-date: /home/wyq/docker/moveit2/ros_ws/install/qwer/share/qwer/config/panda.ros2_control.xacro
[0.258s] -- Up-to-date: /home/wyq/docker/moveit2/ros_ws/install/qwer/share/qwer/config/joint_limits.yaml
[0.258s] -- Up-to-date: /home/wyq/docker/moveit2/ros_ws/install/qwer/share/qwer/config/panda.urdf.xacro
[0.259s] -- Up-to-date: /home/wyq/docker/moveit2/ros_ws/install/qwer/share/qwer/config/moveit_controllers.yaml
[0.259s] -- Up-to-date: /home/wyq/docker/moveit2/ros_ws/install/qwer/share/qwer/config/panda.srdf
[0.260s] -- Up-to-date: /home/wyq/docker/moveit2/ros_ws/install/qwer/share/qwer/config/pilz_cartesian_limits.yaml
[0.260s] -- Up-to-date: /home/wyq/docker/moveit2/ros_ws/install/qwer/share/qwer/.setup_assistant
[0.260s] Invoked command in '/home/wyq/docker/moveit2/ros_ws/build/qwer' returned '0': CMAKE_PREFIX_PATH=${CMAKE_PREFIX_PATH}:/home/wyq/docker/moveit2/ros_ws/install/my_moveit2:/opt/ros/humble /usr/bin/cmake --install /home/wyq/docker/moveit2/ros_ws/build/qwer
