-- Install configuration: ""
-- Up-to-date: /home/wyq/docker/moveit2/ros_ws/install/assistant/share/ament_index/resource_index/package_run_dependencies/assistant
-- Up-to-date: /home/wyq/docker/moveit2/ros_ws/install/assistant/share/ament_index/resource_index/parent_prefix_path/assistant
-- Up-to-date: /home/wyq/docker/moveit2/ros_ws/install/assistant/share/assistant/environment/ament_prefix_path.sh
-- Up-to-date: /home/wyq/docker/moveit2/ros_ws/install/assistant/share/assistant/environment/ament_prefix_path.dsv
-- Up-to-date: /home/wyq/docker/moveit2/ros_ws/install/assistant/share/assistant/environment/path.sh
-- Up-to-date: /home/wyq/docker/moveit2/ros_ws/install/assistant/share/assistant/environment/path.dsv
-- Up-to-date: /home/wyq/docker/moveit2/ros_ws/install/assistant/share/assistant/local_setup.bash
-- Up-to-date: /home/wyq/docker/moveit2/ros_ws/install/assistant/share/assistant/local_setup.sh
-- Up-to-date: /home/wyq/docker/moveit2/ros_ws/install/assistant/share/assistant/local_setup.zsh
-- Up-to-date: /home/wyq/docker/moveit2/ros_ws/install/assistant/share/assistant/local_setup.dsv
-- Installing: /home/wyq/docker/moveit2/ros_ws/install/assistant/share/assistant/package.dsv
-- Up-to-date: /home/wyq/docker/moveit2/ros_ws/install/assistant/share/ament_index/resource_index/packages/assistant
-- Up-to-date: /home/wyq/docker/moveit2/ros_ws/install/assistant/share/assistant/cmake/assistantConfig.cmake
-- Up-to-date: /home/wyq/docker/moveit2/ros_ws/install/assistant/share/assistant/cmake/assistantConfig-version.cmake
-- Up-to-date: /home/wyq/docker/moveit2/ros_ws/install/assistant/share/assistant/package.xml
-- Up-to-date: /home/wyq/docker/moveit2/ros_ws/install/assistant/share/assistant/launch
-- Up-to-date: /home/wyq/docker/moveit2/ros_ws/install/assistant/share/assistant/launch/move_group.launch.py
-- Up-to-date: /home/wyq/docker/moveit2/ros_ws/install/assistant/share/assistant/launch/rsp.launch.py
-- Up-to-date: /home/wyq/docker/moveit2/ros_ws/install/assistant/share/assistant/launch/moveit_rviz.launch.py
-- Up-to-date: /home/wyq/docker/moveit2/ros_ws/install/assistant/share/assistant/launch/warehouse_db.launch.py
-- Up-to-date: /home/wyq/docker/moveit2/ros_ws/install/assistant/share/assistant/launch/setup_assistant.launch.py
-- Up-to-date: /home/wyq/docker/moveit2/ros_ws/install/assistant/share/assistant/launch/demo.launch.py
-- Up-to-date: /home/wyq/docker/moveit2/ros_ws/install/assistant/share/assistant/launch/spawn_controllers.launch.py
-- Up-to-date: /home/wyq/docker/moveit2/ros_ws/install/assistant/share/assistant/launch/static_virtual_joint_tfs.launch.py
-- Up-to-date: /home/wyq/docker/moveit2/ros_ws/install/assistant/share/assistant/config
-- Up-to-date: /home/wyq/docker/moveit2/ros_ws/install/assistant/share/assistant/config/initial_positions.yaml
-- Up-to-date: /home/wyq/docker/moveit2/ros_ws/install/assistant/share/assistant/config/kinematics.yaml
-- Up-to-date: /home/wyq/docker/moveit2/ros_ws/install/assistant/share/assistant/config/ros2_controllers.yaml
-- Up-to-date: /home/wyq/docker/moveit2/ros_ws/install/assistant/share/assistant/config/moveit.rviz
-- Up-to-date: /home/wyq/docker/moveit2/ros_ws/install/assistant/share/assistant/config/panda.ros2_control.xacro
-- Up-to-date: /home/wyq/docker/moveit2/ros_ws/install/assistant/share/assistant/config/joint_limits.yaml
-- Up-to-date: /home/wyq/docker/moveit2/ros_ws/install/assistant/share/assistant/config/panda.urdf.xacro
-- Up-to-date: /home/wyq/docker/moveit2/ros_ws/install/assistant/share/assistant/config/moveit_controllers.yaml
-- Up-to-date: /home/wyq/docker/moveit2/ros_ws/install/assistant/share/assistant/config/panda.srdf
-- Up-to-date: /home/wyq/docker/moveit2/ros_ws/install/assistant/share/assistant/config/pilz_cartesian_limits.yaml
-- Up-to-date: /home/wyq/docker/moveit2/ros_ws/install/assistant/share/assistant/.setup_assistant
