[0.000000] (-) TimerEvent: {}
[0.000387] (moveit_resources_fanuc_description) JobQueued: {'identifier': 'moveit_resources_fanuc_description', 'dependencies': OrderedDict()}
[0.000445] (moveit_resources_panda_description) JobQueued: {'identifier': 'moveit_resources_panda_description', 'dependencies': OrderedDict()}
[0.000459] (moveit_resources_pr2_description) JobQueued: {'identifier': 'moveit_resources_pr2_description', 'dependencies': OrderedDict()}
[0.000468] (dual_arm_panda_moveit_config) JobQueued: {'identifier': 'dual_arm_panda_moveit_config', 'dependencies': OrderedDict([('moveit_resources_panda_description', '/home/wyq/docker/ros_ws/install/moveit_resources_panda_description')])}
[0.000479] (moveit_resources_fanuc_moveit_config) JobQueued: {'identifier': 'moveit_resources_fanuc_moveit_config', 'dependencies': OrderedDict([('moveit_resources_fanuc_description', '/home/wyq/docker/ros_ws/install/moveit_resources_fanuc_description')])}
[0.000489] (moveit_resources_panda_moveit_config) JobQueued: {'identifier': 'moveit_resources_panda_moveit_config', 'dependencies': OrderedDict([('moveit_resources_panda_description', '/home/wyq/docker/ros_ws/install/moveit_resources_panda_description')])}
[0.000498] (qwer) JobQueued: {'identifier': 'qwer', 'dependencies': OrderedDict([('moveit_resources_panda_description', '/home/wyq/docker/ros_ws/install/moveit_resources_panda_description')])}
[0.000507] (moveit_resources) JobQueued: {'identifier': 'moveit_resources', 'dependencies': OrderedDict([('moveit_resources_fanuc_description', '/home/wyq/docker/ros_ws/install/moveit_resources_fanuc_description'), ('moveit_resources_panda_description', '/home/wyq/docker/ros_ws/install/moveit_resources_panda_description'), ('moveit_resources_pr2_description', '/home/wyq/docker/ros_ws/install/moveit_resources_pr2_description'), ('moveit_resources_fanuc_moveit_config', '/home/wyq/docker/ros_ws/install/moveit_resources_fanuc_moveit_config'), ('moveit_resources_panda_moveit_config', '/home/wyq/docker/ros_ws/install/moveit_resources_panda_moveit_config')])}
[0.000686] (moveit_resources_panda_description) JobStarted: {'identifier': 'moveit_resources_panda_description'}
[0.006759] (moveit_resources_fanuc_description) JobStarted: {'identifier': 'moveit_resources_fanuc_description'}
[0.013062] (moveit_resources_pr2_description) JobStarted: {'identifier': 'moveit_resources_pr2_description'}
[0.027744] (moveit_resources_panda_description) StderrLine: {'line': b'Traceback (most recent call last):\n  File "/usr/lib/python3/dist-packages/colcon_core/executor/__init__.py", line 91, in __call__\n    rc = await self.task(*args, **kwargs)\n  File "/usr/lib/python3/dist-packages/colcon_core/task/__init__.py", line 93, in __call__\n    return await task_method(*args, **kwargs)\n  File "/usr/lib/python3/dist-packages/colcon_ros/task/ament_cmake/build.py", line 84, in build\n    create_environment_scripts(\n  File "/usr/lib/python3/dist-packages/colcon_core/environment/__init__.py", line 91, in create_environment_scripts\n    create_file_with_runtime_dependencies(prefix_path, pkg))\n  File "/usr/lib/python3/dist-packages/colcon_core/environment/__init__.py", line 174, in create_file_with_runtime_dependencies\n    path.write_text(\n  File "/usr/lib/python3.10/pathlib.py", line 1154, in write_text\n    with self.open(mode=\'w\', encoding=encoding, errors=errors, newline=newline) as f:\n  File "/usr/lib/python3.10/pathlib.py", line 1119, in open\n    return self._accessor.open(self, mode, buffering, encoding, errors,\nPermissionError: [Errno 13] Permission denied: \'/home/wyq/docker/ros_ws/install/moveit_resources_panda_description/share/colcon-core/packages/moveit_resources_panda_description\'\n'}
[0.028040] (moveit_resources_panda_description) JobEnded: {'identifier': 'moveit_resources_panda_description', 'rc': 1}
[0.033172] (moveit_resources_fanuc_description) StderrLine: {'line': b'Traceback (most recent call last):\n  File "/usr/lib/python3/dist-packages/colcon_core/executor/__init__.py", line 91, in __call__\n    rc = await self.task(*args, **kwargs)\n  File "/usr/lib/python3/dist-packages/colcon_core/task/__init__.py", line 93, in __call__\n    return await task_method(*args, **kwargs)\n  File "/usr/lib/python3/dist-packages/colcon_ros/task/ament_cmake/build.py", line 84, in build\n    create_environment_scripts(\n  File "/usr/lib/python3/dist-packages/colcon_core/environment/__init__.py", line 91, in create_environment_scripts\n    create_file_with_runtime_dependencies(prefix_path, pkg))\n  File "/usr/lib/python3/dist-packages/colcon_core/environment/__init__.py", line 174, in create_file_with_runtime_dependencies\n    path.write_text(\n  File "/usr/lib/python3.10/pathlib.py", line 1154, in write_text\n    with self.open(mode=\'w\', encoding=encoding, errors=errors, newline=newline) as f:\n  File "/usr/lib/python3.10/pathlib.py", line 1119, in open\n    return self._accessor.open(self, mode, buffering, encoding, errors,\nPermissionError: [Errno 13] Permission denied: \'/home/wyq/docker/ros_ws/install/moveit_resources_fanuc_description/share/colcon-core/packages/moveit_resources_fanuc_description\'\n'}
[0.034011] (moveit_resources_fanuc_description) JobEnded: {'identifier': 'moveit_resources_fanuc_description', 'rc': 1}
[0.034406] (moveit_resources_pr2_description) JobEnded: {'identifier': 'moveit_resources_pr2_description', 'rc': 'SIGINT'}
[0.044981] (dual_arm_panda_moveit_config) JobSkipped: {'identifier': 'dual_arm_panda_moveit_config'}
[0.045034] (moveit_resources_fanuc_moveit_config) JobSkipped: {'identifier': 'moveit_resources_fanuc_moveit_config'}
[0.045045] (moveit_resources_panda_moveit_config) JobSkipped: {'identifier': 'moveit_resources_panda_moveit_config'}
[0.045054] (qwer) JobSkipped: {'identifier': 'qwer'}
[0.045062] (moveit_resources) JobSkipped: {'identifier': 'moveit_resources'}
[0.045071] (-) EventReactorShutdown: {}
