[0.685s] Invoking command in '/home/wyq/docker/ros_ws/src/wyq': PYTHONPATH=/home/wyq/docker/ros_ws/build/wyq/prefix_override:/usr/lib/python3/dist-packages/colcon_core/task/python/colcon_distutils_commands:/home/wyq/docker/ros_ws/install/wyq/lib/python3.10/site-packages:${PYTHONPATH} /usr/bin/python3 -W ignore:setup.py install is deprecated -W ignore:easy_install command is deprecated setup.py egg_info --egg-base ../../build/wyq build --build-base /home/wyq/docker/ros_ws/build/wyq/build install --record /home/wyq/docker/ros_ws/build/wyq/install.log --single-version-externally-managed install_data
[0.833s] running egg_info
[0.833s] creating ../../build/wyq/wyq.egg-info
[0.833s] writing ../../build/wyq/wyq.egg-info/PKG-INFO
[0.834s] writing dependency_links to ../../build/wyq/wyq.egg-info/dependency_links.txt
[0.834s] writing entry points to ../../build/wyq/wyq.egg-info/entry_points.txt
[0.834s] writing requirements to ../../build/wyq/wyq.egg-info/requires.txt
[0.834s] writing top-level names to ../../build/wyq/wyq.egg-info/top_level.txt
[0.834s] writing manifest file '../../build/wyq/wyq.egg-info/SOURCES.txt'
[0.835s] reading manifest file '../../build/wyq/wyq.egg-info/SOURCES.txt'
[0.835s] adding license file 'LICENSE'
[0.835s] writing manifest file '../../build/wyq/wyq.egg-info/SOURCES.txt'
[0.836s] running build
[0.836s] running build_py
[0.836s] creating /home/wyq/docker/ros_ws/build/wyq/build
[0.836s] creating /home/wyq/docker/ros_ws/build/wyq/build/lib
[0.836s] creating /home/wyq/docker/ros_ws/build/wyq/build/lib/wyq
[0.836s] copying wyq/moveit_demo.py -> /home/wyq/docker/ros_ws/build/wyq/build/lib/wyq
[0.836s] copying wyq/__init__.py -> /home/wyq/docker/ros_ws/build/wyq/build/lib/wyq
[0.836s] running install
[0.836s] running install_lib
[0.837s] creating /home/wyq/docker/ros_ws/install/wyq/lib/python3.10/site-packages/wyq
[0.837s] copying /home/wyq/docker/ros_ws/build/wyq/build/lib/wyq/moveit_demo.py -> /home/wyq/docker/ros_ws/install/wyq/lib/python3.10/site-packages/wyq
[0.837s] copying /home/wyq/docker/ros_ws/build/wyq/build/lib/wyq/__init__.py -> /home/wyq/docker/ros_ws/install/wyq/lib/python3.10/site-packages/wyq
[0.837s] byte-compiling /home/wyq/docker/ros_ws/install/wyq/lib/python3.10/site-packages/wyq/moveit_demo.py to moveit_demo.cpython-310.pyc
[0.837s] byte-compiling /home/wyq/docker/ros_ws/install/wyq/lib/python3.10/site-packages/wyq/__init__.py to __init__.cpython-310.pyc
[0.837s] running install_data
[0.837s] creating /home/wyq/docker/ros_ws/install/wyq/share/ament_index
[0.837s] creating /home/wyq/docker/ros_ws/install/wyq/share/ament_index/resource_index
[0.838s] creating /home/wyq/docker/ros_ws/install/wyq/share/ament_index/resource_index/packages
[0.838s] copying resource/wyq -> /home/wyq/docker/ros_ws/install/wyq/share/ament_index/resource_index/packages
[0.839s] copying package.xml -> /home/wyq/docker/ros_ws/install/wyq/share/wyq
[0.839s] running install_egg_info
[0.839s] Copying ../../build/wyq/wyq.egg-info to /home/wyq/docker/ros_ws/install/wyq/lib/python3.10/site-packages/wyq-0.0.0-py3.10.egg-info
[0.840s] running install_scripts
[0.852s] writing list of installed files to '/home/wyq/docker/ros_ws/build/wyq/install.log'
[0.867s] Invoked command in '/home/wyq/docker/ros_ws/src/wyq' returned '0': PYTHONPATH=/home/wyq/docker/ros_ws/build/wyq/prefix_override:/usr/lib/python3/dist-packages/colcon_core/task/python/colcon_distutils_commands:/home/wyq/docker/ros_ws/install/wyq/lib/python3.10/site-packages:${PYTHONPATH} /usr/bin/python3 -W ignore:setup.py install is deprecated -W ignore:easy_install command is deprecated setup.py egg_info --egg-base ../../build/wyq build --build-base /home/wyq/docker/ros_ws/build/wyq/build install --record /home/wyq/docker/ros_ws/build/wyq/install.log --single-version-externally-managed install_data
