[0.041s] Invoking command in '/home/wyq/docker/ros_ws/build/moveit_resources_fanuc_moveit_config': AMENT_PREFIX_PATH=/home/wyq/docker/ros_ws/install/moveit_resources_fanuc_description:${AMENT_PREFIX_PATH} CMAKE_PREFIX_PATH=/home/wyq/docker/ros_ws/install/moveit_resources_fanuc_description:/opt/ros/humble /usr/bin/cmake /home/wyq/docker/ros_ws/src/moveit_resources/fanuc_moveit_config -DCMAKE_INSTALL_PREFIX=/home/wyq/docker/ros_ws/install/moveit_resources_fanuc_moveit_config
[0.098s] -- The C compiler identification is GNU 11.4.0
[0.168s] -- The CXX compiler identification is GNU 11.4.0
[0.179s] -- Detecting C compiler ABI info
[0.260s] -- Detecting C compiler ABI info - done
[0.265s] -- Check for working C compiler: /usr/bin/cc - skipped
[0.265s] -- Detecting C compile features
[0.267s] -- Detecting C compile features - done
[0.267s] -- Detecting CXX compiler ABI info
[0.341s] -- Detecting CXX compiler ABI info - done
[0.351s] -- Check for working CXX compiler: /usr/bin/c++ - skipped
[0.352s] -- Detecting CXX compile features
[0.352s] -- Detecting CXX compile features - done
[0.355s] -- Found ament_cmake: 1.3.11 (/opt/ros/humble/share/ament_cmake/cmake)
[0.471s] -- Found Python3: /usr/bin/python3 (found version "3.10.12") found components: Interpreter 
[0.578s] -- Configuring done
[0.579s] -- Generating done
[0.581s] -- Build files have been written to: /home/wyq/docker/ros_ws/build/moveit_resources_fanuc_moveit_config
[0.588s] Invoked command in '/home/wyq/docker/ros_ws/build/moveit_resources_fanuc_moveit_config' returned '0': AMENT_PREFIX_PATH=/home/wyq/docker/ros_ws/install/moveit_resources_fanuc_description:${AMENT_PREFIX_PATH} CMAKE_PREFIX_PATH=/home/wyq/docker/ros_ws/install/moveit_resources_fanuc_description:/opt/ros/humble /usr/bin/cmake /home/wyq/docker/ros_ws/src/moveit_resources/fanuc_moveit_config -DCMAKE_INSTALL_PREFIX=/home/wyq/docker/ros_ws/install/moveit_resources_fanuc_moveit_config
[0.590s] Invoking command in '/home/wyq/docker/ros_ws/build/moveit_resources_fanuc_moveit_config': AMENT_PREFIX_PATH=/home/wyq/docker/ros_ws/install/moveit_resources_fanuc_description:${AMENT_PREFIX_PATH} CMAKE_PREFIX_PATH=/home/wyq/docker/ros_ws/install/moveit_resources_fanuc_description:/opt/ros/humble /usr/bin/cmake --build /home/wyq/docker/ros_ws/build/moveit_resources_fanuc_moveit_config -- -j4 -l4
[0.632s] Invoked command in '/home/wyq/docker/ros_ws/build/moveit_resources_fanuc_moveit_config' returned '0': AMENT_PREFIX_PATH=/home/wyq/docker/ros_ws/install/moveit_resources_fanuc_description:${AMENT_PREFIX_PATH} CMAKE_PREFIX_PATH=/home/wyq/docker/ros_ws/install/moveit_resources_fanuc_description:/opt/ros/humble /usr/bin/cmake --build /home/wyq/docker/ros_ws/build/moveit_resources_fanuc_moveit_config -- -j4 -l4
[0.632s] Invoking command in '/home/wyq/docker/ros_ws/build/moveit_resources_fanuc_moveit_config': AMENT_PREFIX_PATH=/home/wyq/docker/ros_ws/install/moveit_resources_fanuc_description:${AMENT_PREFIX_PATH} CMAKE_PREFIX_PATH=/home/wyq/docker/ros_ws/install/moveit_resources_fanuc_description:/opt/ros/humble /usr/bin/cmake --install /home/wyq/docker/ros_ws/build/moveit_resources_fanuc_moveit_config
[0.641s] -- Install configuration: ""
[0.641s] -- Installing: /home/wyq/docker/ros_ws/install/moveit_resources_fanuc_moveit_config/share/ament_index/resource_index/package_run_dependencies/moveit_resources_fanuc_moveit_config
[0.642s] -- Installing: /home/wyq/docker/ros_ws/install/moveit_resources_fanuc_moveit_config/share/ament_index/resource_index/parent_prefix_path/moveit_resources_fanuc_moveit_config
[0.642s] -- Installing: /home/wyq/docker/ros_ws/install/moveit_resources_fanuc_moveit_config/share/moveit_resources_fanuc_moveit_config/environment/ament_prefix_path.sh
[0.642s] -- Installing: /home/wyq/docker/ros_ws/install/moveit_resources_fanuc_moveit_config/share/moveit_resources_fanuc_moveit_config/environment/ament_prefix_path.dsv
[0.642s] -- Installing: /home/wyq/docker/ros_ws/install/moveit_resources_fanuc_moveit_config/share/moveit_resources_fanuc_moveit_config/environment/path.sh
[0.643s] -- Installing: /home/wyq/docker/ros_ws/install/moveit_resources_fanuc_moveit_config/share/moveit_resources_fanuc_moveit_config/environment/path.dsv
[0.643s] -- Installing: /home/wyq/docker/ros_ws/install/moveit_resources_fanuc_moveit_config/share/moveit_resources_fanuc_moveit_config/local_setup.bash
[0.649s] -- Installing: /home/wyq/docker/ros_ws/install/moveit_resources_fanuc_moveit_config/share/moveit_resources_fanuc_moveit_config/local_setup.sh
[0.649s] -- Installing: /home/wyq/docker/ros_ws/install/moveit_resources_fanuc_moveit_config/share/moveit_resources_fanuc_moveit_config/local_setup.zsh
[0.649s] -- Installing: /home/wyq/docker/ros_ws/install/moveit_resources_fanuc_moveit_config/share/moveit_resources_fanuc_moveit_config/local_setup.dsv
[0.649s] -- Installing: /home/wyq/docker/ros_ws/install/moveit_resources_fanuc_moveit_config/share/moveit_resources_fanuc_moveit_config/package.dsv
[0.649s] -- Installing: /home/wyq/docker/ros_ws/install/moveit_resources_fanuc_moveit_config/share/ament_index/resource_index/packages/moveit_resources_fanuc_moveit_config
[0.649s] -- Installing: /home/wyq/docker/ros_ws/install/moveit_resources_fanuc_moveit_config/share/moveit_resources_fanuc_moveit_config/cmake/moveit_resources_fanuc_moveit_configConfig.cmake
[0.649s] -- Installing: /home/wyq/docker/ros_ws/install/moveit_resources_fanuc_moveit_config/share/moveit_resources_fanuc_moveit_config/cmake/moveit_resources_fanuc_moveit_configConfig-version.cmake
[0.649s] -- Installing: /home/wyq/docker/ros_ws/install/moveit_resources_fanuc_moveit_config/share/moveit_resources_fanuc_moveit_config/package.xml
[0.649s] -- Installing: /home/wyq/docker/ros_ws/install/moveit_resources_fanuc_moveit_config/share/moveit_resources_fanuc_moveit_config/launch
[0.649s] -- Installing: /home/wyq/docker/ros_ws/install/moveit_resources_fanuc_moveit_config/share/moveit_resources_fanuc_moveit_config/launch/moveit.rviz
[0.649s] -- Installing: /home/wyq/docker/ros_ws/install/moveit_resources_fanuc_moveit_config/share/moveit_resources_fanuc_moveit_config/launch/demo.launch.py
[0.649s] -- Installing: /home/wyq/docker/ros_ws/install/moveit_resources_fanuc_moveit_config/share/moveit_resources_fanuc_moveit_config/config
[0.649s] -- Installing: /home/wyq/docker/ros_ws/install/moveit_resources_fanuc_moveit_config/share/moveit_resources_fanuc_moveit_config/config/initial_positions.yaml
[0.649s] -- Installing: /home/wyq/docker/ros_ws/install/moveit_resources_fanuc_moveit_config/share/moveit_resources_fanuc_moveit_config/config/fanuc.ros2_control.xacro
[0.649s] -- Installing: /home/wyq/docker/ros_ws/install/moveit_resources_fanuc_moveit_config/share/moveit_resources_fanuc_moveit_config/config/chomp_planning.yaml
[0.650s] -- Installing: /home/wyq/docker/ros_ws/install/moveit_resources_fanuc_moveit_config/share/moveit_resources_fanuc_moveit_config/config/kinematics.yaml
[0.650s] -- Installing: /home/wyq/docker/ros_ws/install/moveit_resources_fanuc_moveit_config/share/moveit_resources_fanuc_moveit_config/config/fanuc.urdf.xacro
[0.650s] -- Installing: /home/wyq/docker/ros_ws/install/moveit_resources_fanuc_moveit_config/share/moveit_resources_fanuc_moveit_config/config/sensors_3d.yaml
[0.650s] -- Installing: /home/wyq/docker/ros_ws/install/moveit_resources_fanuc_moveit_config/share/moveit_resources_fanuc_moveit_config/config/ros2_controllers.yaml
[0.650s] -- Installing: /home/wyq/docker/ros_ws/install/moveit_resources_fanuc_moveit_config/share/moveit_resources_fanuc_moveit_config/config/fanuc.srdf
[0.650s] -- Installing: /home/wyq/docker/ros_ws/install/moveit_resources_fanuc_moveit_config/share/moveit_resources_fanuc_moveit_config/config/ompl_planning.yaml
[0.650s] -- Installing: /home/wyq/docker/ros_ws/install/moveit_resources_fanuc_moveit_config/share/moveit_resources_fanuc_moveit_config/config/joint_limits.yaml
[0.650s] -- Installing: /home/wyq/docker/ros_ws/install/moveit_resources_fanuc_moveit_config/share/moveit_resources_fanuc_moveit_config/config/moveit_controllers.yaml
[0.650s] -- Installing: /home/wyq/docker/ros_ws/install/moveit_resources_fanuc_moveit_config/share/moveit_resources_fanuc_moveit_config/config/pilz_cartesian_limits.yaml
[0.650s] -- Installing: /home/wyq/docker/ros_ws/install/moveit_resources_fanuc_moveit_config/share/moveit_resources_fanuc_moveit_config/.setup_assistant
[0.654s] Invoked command in '/home/wyq/docker/ros_ws/build/moveit_resources_fanuc_moveit_config' returned '0': AMENT_PREFIX_PATH=/home/wyq/docker/ros_ws/install/moveit_resources_fanuc_description:${AMENT_PREFIX_PATH} CMAKE_PREFIX_PATH=/home/wyq/docker/ros_ws/install/moveit_resources_fanuc_description:/opt/ros/humble /usr/bin/cmake --install /home/wyq/docker/ros_ws/build/moveit_resources_fanuc_moveit_config
