[0.064s] DEBUG:colcon:Command line arguments: ['/usr/bin/colcon', 'build']
[0.064s] DEBUG:colcon:Parsed command line arguments: Namespace(log_base=None, log_level=None, verb_name='build', build_base='build', install_base='install', merge_install=False, symlink_install=False, test_result_base=None, continue_on_error=False, executor='parallel', parallel_workers=4, event_handlers=None, ignore_user_meta=False, metas=['./colcon.meta'], base_paths=['.'], packages_ignore=None, packages_ignore_regex=None, paths=None, packages_up_to=None, packages_up_to_regex=None, packages_above=None, packages_above_and_dependencies=None, packages_above_depth=None, packages_select_by_dep=None, packages_skip_by_dep=None, packages_skip_up_to=None, packages_select_build_failed=False, packages_skip_build_finished=False, packages_select_test_failures=False, packages_skip_test_passed=False, packages_select=None, packages_skip=None, packages_select_regex=None, packages_skip_regex=None, packages_start=None, packages_end=None, allow_overriding=[], cmake_args=None, cmake_target=None, cmake_target_skip_unavailable=False, cmake_clean_cache=False, cmake_clean_first=False, cmake_force_configure=False, ament_cmake_args=None, catkin_cmake_args=None, catkin_skip_building_tests=False, verb_parser=<colcon_defaults.argument_parser.defaults.DefaultArgumentsDecorator object at 0x76f992264550>, verb_extension=<colcon_core.verb.build.BuildVerb object at 0x76f992227fa0>, main=<bound method BuildVerb.main of <colcon_core.verb.build.BuildVerb object at 0x76f992227fa0>>)
[0.167s] Level 1:colcon.colcon_core.package_discovery:discover_packages(colcon_meta) check parameters
[0.167s] Level 1:colcon.colcon_core.package_discovery:discover_packages(recursive) check parameters
[0.167s] Level 1:colcon.colcon_core.package_discovery:discover_packages(ignore) check parameters
[0.167s] Level 1:colcon.colcon_core.package_discovery:discover_packages(path) check parameters
[0.167s] Level 1:colcon.colcon_core.package_discovery:discover_packages(colcon_meta) discover
[0.168s] Level 1:colcon.colcon_core.package_discovery:discover_packages(recursive) discover
[0.168s] INFO:colcon.colcon_core.package_discovery:Crawling recursively for packages in '/home/wyq/docker/moveit2/ros_ws'
[0.168s] Level 1:colcon.colcon_core.package_identification:_identify(.) by extensions ['ignore', 'ignore_ament_install']
[0.168s] Level 1:colcon.colcon_core.package_identification:_identify(.) by extension 'ignore'
[0.168s] Level 1:colcon.colcon_core.package_identification:_identify(.) by extension 'ignore_ament_install'
[0.168s] Level 1:colcon.colcon_core.package_identification:_identify(.) by extensions ['colcon_pkg']
[0.168s] Level 1:colcon.colcon_core.package_identification:_identify(.) by extension 'colcon_pkg'
[0.168s] Level 1:colcon.colcon_core.package_identification:_identify(.) by extensions ['colcon_meta']
[0.168s] Level 1:colcon.colcon_core.package_identification:_identify(.) by extension 'colcon_meta'
[0.168s] Level 1:colcon.colcon_core.package_identification:_identify(.) by extensions ['ros']
[0.168s] Level 1:colcon.colcon_core.package_identification:_identify(.) by extension 'ros'
[0.175s] Level 1:colcon.colcon_core.package_identification:_identify(.) by extensions ['cmake', 'python']
[0.175s] Level 1:colcon.colcon_core.package_identification:_identify(.) by extension 'cmake'
[0.175s] Level 1:colcon.colcon_core.package_identification:_identify(.) by extension 'python'
[0.175s] Level 1:colcon.colcon_core.package_identification:_identify(.) by extensions ['python_setup_py']
[0.175s] Level 1:colcon.colcon_core.package_identification:_identify(.) by extension 'python_setup_py'
[0.175s] Level 1:colcon.colcon_core.package_identification:_identify(build) by extensions ['ignore', 'ignore_ament_install']
[0.175s] Level 1:colcon.colcon_core.package_identification:_identify(build) by extension 'ignore'
[0.175s] Level 1:colcon.colcon_core.package_identification:_identify(build) ignored
[0.175s] Level 1:colcon.colcon_core.package_identification:_identify(install) by extensions ['ignore', 'ignore_ament_install']
[0.175s] Level 1:colcon.colcon_core.package_identification:_identify(install) by extension 'ignore'
[0.175s] Level 1:colcon.colcon_core.package_identification:_identify(install) ignored
[0.175s] Level 1:colcon.colcon_core.package_identification:_identify(log) by extensions ['ignore', 'ignore_ament_install']
[0.176s] Level 1:colcon.colcon_core.package_identification:_identify(log) by extension 'ignore'
[0.176s] Level 1:colcon.colcon_core.package_identification:_identify(log) ignored
[0.176s] Level 1:colcon.colcon_core.package_identification:_identify(src) by extensions ['ignore', 'ignore_ament_install']
[0.176s] Level 1:colcon.colcon_core.package_identification:_identify(src) by extension 'ignore'
[0.176s] Level 1:colcon.colcon_core.package_identification:_identify(src) by extension 'ignore_ament_install'
[0.176s] Level 1:colcon.colcon_core.package_identification:_identify(src) by extensions ['colcon_pkg']
[0.176s] Level 1:colcon.colcon_core.package_identification:_identify(src) by extension 'colcon_pkg'
[0.176s] Level 1:colcon.colcon_core.package_identification:_identify(src) by extensions ['colcon_meta']
[0.176s] Level 1:colcon.colcon_core.package_identification:_identify(src) by extension 'colcon_meta'
[0.176s] Level 1:colcon.colcon_core.package_identification:_identify(src) by extensions ['ros']
[0.176s] Level 1:colcon.colcon_core.package_identification:_identify(src) by extension 'ros'
[0.176s] Level 1:colcon.colcon_core.package_identification:_identify(src) by extensions ['cmake', 'python']
[0.176s] Level 1:colcon.colcon_core.package_identification:_identify(src) by extension 'cmake'
[0.176s] Level 1:colcon.colcon_core.package_identification:_identify(src) by extension 'python'
[0.176s] Level 1:colcon.colcon_core.package_identification:_identify(src) by extensions ['python_setup_py']
[0.176s] Level 1:colcon.colcon_core.package_identification:_identify(src) by extension 'python_setup_py'
[0.176s] Level 1:colcon.colcon_core.package_identification:_identify(src/my_moveit2) by extensions ['ignore', 'ignore_ament_install']
[0.176s] Level 1:colcon.colcon_core.package_identification:_identify(src/my_moveit2) by extension 'ignore'
[0.176s] Level 1:colcon.colcon_core.package_identification:_identify(src/my_moveit2) by extension 'ignore_ament_install'
[0.176s] Level 1:colcon.colcon_core.package_identification:_identify(src/my_moveit2) by extensions ['colcon_pkg']
[0.176s] Level 1:colcon.colcon_core.package_identification:_identify(src/my_moveit2) by extension 'colcon_pkg'
[0.176s] Level 1:colcon.colcon_core.package_identification:_identify(src/my_moveit2) by extensions ['colcon_meta']
[0.176s] Level 1:colcon.colcon_core.package_identification:_identify(src/my_moveit2) by extension 'colcon_meta'
[0.177s] Level 1:colcon.colcon_core.package_identification:_identify(src/my_moveit2) by extensions ['ros']
[0.177s] Level 1:colcon.colcon_core.package_identification:_identify(src/my_moveit2) by extension 'ros'
[0.179s] DEBUG:colcon.colcon_core.package_identification:Package 'src/my_moveit2' with type 'ros.ament_python' and name 'my_moveit2'
[0.179s] Level 1:colcon.colcon_core.package_identification:_identify(src/urdf_config) by extensions ['ignore', 'ignore_ament_install']
[0.179s] Level 1:colcon.colcon_core.package_identification:_identify(src/urdf_config) by extension 'ignore'
[0.179s] Level 1:colcon.colcon_core.package_identification:_identify(src/urdf_config) by extension 'ignore_ament_install'
[0.179s] Level 1:colcon.colcon_core.package_identification:_identify(src/urdf_config) by extensions ['colcon_pkg']
[0.179s] Level 1:colcon.colcon_core.package_identification:_identify(src/urdf_config) by extension 'colcon_pkg'
[0.179s] Level 1:colcon.colcon_core.package_identification:_identify(src/urdf_config) by extensions ['colcon_meta']
[0.179s] Level 1:colcon.colcon_core.package_identification:_identify(src/urdf_config) by extension 'colcon_meta'
[0.179s] Level 1:colcon.colcon_core.package_identification:_identify(src/urdf_config) by extensions ['ros']
[0.179s] Level 1:colcon.colcon_core.package_identification:_identify(src/urdf_config) by extension 'ros'
[0.180s] DEBUG:colcon.colcon_core.package_identification:Package 'src/urdf_config' with type 'ros.ament_cmake' and name 'urdf_config'
[0.180s] Level 1:colcon.colcon_core.package_discovery:discover_packages(recursive) using defaults
[0.180s] Level 1:colcon.colcon_core.package_discovery:discover_packages(ignore) discover
[0.180s] Level 1:colcon.colcon_core.package_discovery:discover_packages(ignore) using defaults
[0.180s] Level 1:colcon.colcon_core.package_discovery:discover_packages(path) discover
[0.180s] Level 1:colcon.colcon_core.package_discovery:discover_packages(path) using defaults
[0.200s] Level 1:colcon.colcon_core.package_discovery:discover_packages(prefix_path) check parameters
[0.200s] Level 1:colcon.colcon_core.package_discovery:discover_packages(prefix_path) discover
[0.202s] DEBUG:colcon.colcon_installed_package_information.package_discovery:Found 381 installed packages in /opt/ros/humble
[0.203s] Level 1:colcon.colcon_core.package_discovery:discover_packages(prefix_path) using defaults
[0.231s] Level 5:colcon.colcon_core.verb:set package 'my_moveit2' build argument 'cmake_args' from command line to 'None'
[0.231s] Level 5:colcon.colcon_core.verb:set package 'my_moveit2' build argument 'cmake_target' from command line to 'None'
[0.231s] Level 5:colcon.colcon_core.verb:set package 'my_moveit2' build argument 'cmake_target_skip_unavailable' from command line to 'False'
[0.231s] Level 5:colcon.colcon_core.verb:set package 'my_moveit2' build argument 'cmake_clean_cache' from command line to 'False'
[0.231s] Level 5:colcon.colcon_core.verb:set package 'my_moveit2' build argument 'cmake_clean_first' from command line to 'False'
[0.231s] Level 5:colcon.colcon_core.verb:set package 'my_moveit2' build argument 'cmake_force_configure' from command line to 'False'
[0.231s] Level 5:colcon.colcon_core.verb:set package 'my_moveit2' build argument 'ament_cmake_args' from command line to 'None'
[0.231s] Level 5:colcon.colcon_core.verb:set package 'my_moveit2' build argument 'catkin_cmake_args' from command line to 'None'
[0.231s] Level 5:colcon.colcon_core.verb:set package 'my_moveit2' build argument 'catkin_skip_building_tests' from command line to 'False'
[0.231s] DEBUG:colcon.colcon_core.verb:Building package 'my_moveit2' with the following arguments: {'ament_cmake_args': None, 'build_base': '/home/wyq/docker/moveit2/ros_ws/build/my_moveit2', 'catkin_cmake_args': None, 'catkin_skip_building_tests': False, 'cmake_args': None, 'cmake_clean_cache': False, 'cmake_clean_first': False, 'cmake_force_configure': False, 'cmake_target': None, 'cmake_target_skip_unavailable': False, 'install_base': '/home/wyq/docker/moveit2/ros_ws/install/my_moveit2', 'merge_install': False, 'path': '/home/wyq/docker/moveit2/ros_ws/src/my_moveit2', 'symlink_install': False, 'test_result_base': None}
[0.231s] Level 5:colcon.colcon_core.verb:set package 'urdf_config' build argument 'cmake_args' from command line to 'None'
[0.231s] Level 5:colcon.colcon_core.verb:set package 'urdf_config' build argument 'cmake_target' from command line to 'None'
[0.231s] Level 5:colcon.colcon_core.verb:set package 'urdf_config' build argument 'cmake_target_skip_unavailable' from command line to 'False'
[0.231s] Level 5:colcon.colcon_core.verb:set package 'urdf_config' build argument 'cmake_clean_cache' from command line to 'False'
[0.231s] Level 5:colcon.colcon_core.verb:set package 'urdf_config' build argument 'cmake_clean_first' from command line to 'False'
[0.232s] Level 5:colcon.colcon_core.verb:set package 'urdf_config' build argument 'cmake_force_configure' from command line to 'False'
[0.232s] Level 5:colcon.colcon_core.verb:set package 'urdf_config' build argument 'ament_cmake_args' from command line to 'None'
[0.232s] Level 5:colcon.colcon_core.verb:set package 'urdf_config' build argument 'catkin_cmake_args' from command line to 'None'
[0.232s] Level 5:colcon.colcon_core.verb:set package 'urdf_config' build argument 'catkin_skip_building_tests' from command line to 'False'
[0.232s] DEBUG:colcon.colcon_core.verb:Building package 'urdf_config' with the following arguments: {'ament_cmake_args': None, 'build_base': '/home/wyq/docker/moveit2/ros_ws/build/urdf_config', 'catkin_cmake_args': None, 'catkin_skip_building_tests': False, 'cmake_args': None, 'cmake_clean_cache': False, 'cmake_clean_first': False, 'cmake_force_configure': False, 'cmake_target': None, 'cmake_target_skip_unavailable': False, 'install_base': '/home/wyq/docker/moveit2/ros_ws/install/urdf_config', 'merge_install': False, 'path': '/home/wyq/docker/moveit2/ros_ws/src/urdf_config', 'symlink_install': False, 'test_result_base': None}
[0.232s] INFO:colcon.colcon_core.executor:Executing jobs using 'parallel' executor
[0.232s] DEBUG:colcon.colcon_parallel_executor.executor.parallel:run_until_complete
[0.233s] INFO:colcon.colcon_ros.task.ament_python.build:Building ROS package in '/home/wyq/docker/moveit2/ros_ws/src/my_moveit2' with build type 'ament_python'
[0.233s] Level 1:colcon.colcon_core.shell:create_environment_hook('my_moveit2', 'ament_prefix_path')
[0.235s] INFO:colcon.colcon_core.plugin_system:Skipping extension 'colcon_core.shell.bat': Not used on non-Windows systems
[0.235s] INFO:colcon.colcon_core.shell:Creating environment hook '/home/wyq/docker/moveit2/ros_ws/install/my_moveit2/share/my_moveit2/hook/ament_prefix_path.ps1'
[0.235s] INFO:colcon.colcon_core.shell:Creating environment descriptor '/home/wyq/docker/moveit2/ros_ws/install/my_moveit2/share/my_moveit2/hook/ament_prefix_path.dsv'
[0.236s] INFO:colcon.colcon_core.shell:Creating environment hook '/home/wyq/docker/moveit2/ros_ws/install/my_moveit2/share/my_moveit2/hook/ament_prefix_path.sh'
[0.236s] INFO:colcon.colcon_core.shell:Skip shell extension 'powershell' for command environment: Not usable outside of PowerShell
[0.236s] DEBUG:colcon.colcon_core.shell:Skip shell extension 'dsv' for command environment
[0.239s] INFO:colcon.colcon_ros.task.ament_cmake.build:Building ROS package in '/home/wyq/docker/moveit2/ros_ws/src/urdf_config' with build type 'ament_cmake'
[0.239s] INFO:colcon.colcon_cmake.task.cmake.build:Building CMake package in '/home/wyq/docker/moveit2/ros_ws/src/urdf_config'
[0.239s] INFO:colcon.colcon_core.shell:Skip shell extension 'powershell' for command environment: Not usable outside of PowerShell
[0.240s] DEBUG:colcon.colcon_core.shell:Skip shell extension 'dsv' for command environment
[0.400s] INFO:colcon.colcon_core.task.python.build:Building Python package in '/home/wyq/docker/moveit2/ros_ws/src/my_moveit2'
[0.401s] INFO:colcon.colcon_core.shell:Skip shell extension 'powershell' for command environment: Not usable outside of PowerShell
[0.401s] DEBUG:colcon.colcon_core.shell:Skip shell extension 'dsv' for command environment
[0.407s] DEBUG:colcon.colcon_core.event_handler.log_command:Invoking command in '/home/wyq/docker/moveit2/ros_ws/build/urdf_config': CMAKE_PREFIX_PATH=/opt/ros/humble /usr/bin/cmake --build /home/wyq/docker/moveit2/ros_ws/build/urdf_config -- -j4 -l4
[0.437s] DEBUG:colcon.colcon_core.event_handler.log_command:Invoked command in '/home/wyq/docker/moveit2/ros_ws/build/urdf_config' returned '0': CMAKE_PREFIX_PATH=/opt/ros/humble /usr/bin/cmake --build /home/wyq/docker/moveit2/ros_ws/build/urdf_config -- -j4 -l4
[0.444s] DEBUG:colcon.colcon_core.event_handler.log_command:Invoking command in '/home/wyq/docker/moveit2/ros_ws/build/urdf_config': CMAKE_PREFIX_PATH=/opt/ros/humble /usr/bin/cmake --install /home/wyq/docker/moveit2/ros_ws/build/urdf_config
[0.452s] Level 1:colcon.colcon_core.environment:create_environment_scripts_only(urdf_config)
[0.454s] DEBUG:colcon.colcon_core.event_handler.log_command:Invoked command in '/home/wyq/docker/moveit2/ros_ws/build/urdf_config' returned '0': CMAKE_PREFIX_PATH=/opt/ros/humble /usr/bin/cmake --install /home/wyq/docker/moveit2/ros_ws/build/urdf_config
[0.456s] Level 1:colcon.colcon_core.environment:checking '/home/wyq/docker/moveit2/ros_ws/install/urdf_config' for CMake module files
[0.457s] Level 1:colcon.colcon_core.environment:checking '/home/wyq/docker/moveit2/ros_ws/install/urdf_config' for CMake config files
[0.457s] Level 1:colcon.colcon_core.shell:create_environment_hook('urdf_config', 'cmake_prefix_path')
[0.458s] INFO:colcon.colcon_core.shell:Creating environment hook '/home/wyq/docker/moveit2/ros_ws/install/urdf_config/share/urdf_config/hook/cmake_prefix_path.ps1'
[0.458s] INFO:colcon.colcon_core.shell:Creating environment descriptor '/home/wyq/docker/moveit2/ros_ws/install/urdf_config/share/urdf_config/hook/cmake_prefix_path.dsv'
[0.458s] INFO:colcon.colcon_core.shell:Creating environment hook '/home/wyq/docker/moveit2/ros_ws/install/urdf_config/share/urdf_config/hook/cmake_prefix_path.sh'
[0.459s] Level 1:colcon.colcon_core.environment:checking '/home/wyq/docker/moveit2/ros_ws/install/urdf_config/bin'
[0.459s] Level 1:colcon.colcon_core.environment:checking '/home/wyq/docker/moveit2/ros_ws/install/urdf_config/lib/pkgconfig/urdf_config.pc'
[0.459s] Level 1:colcon.colcon_core.environment:checking '/home/wyq/docker/moveit2/ros_ws/install/urdf_config/lib/python3.10/site-packages'
[0.459s] Level 1:colcon.colcon_core.environment:checking '/home/wyq/docker/moveit2/ros_ws/install/urdf_config/bin'
[0.459s] INFO:colcon.colcon_core.shell:Creating package script '/home/wyq/docker/moveit2/ros_ws/install/urdf_config/share/urdf_config/package.ps1'
[0.460s] INFO:colcon.colcon_core.shell:Creating package descriptor '/home/wyq/docker/moveit2/ros_ws/install/urdf_config/share/urdf_config/package.dsv'
[0.460s] INFO:colcon.colcon_core.shell:Creating package script '/home/wyq/docker/moveit2/ros_ws/install/urdf_config/share/urdf_config/package.sh'
[0.461s] INFO:colcon.colcon_core.shell:Creating package script '/home/wyq/docker/moveit2/ros_ws/install/urdf_config/share/urdf_config/package.bash'
[0.461s] INFO:colcon.colcon_core.shell:Creating package script '/home/wyq/docker/moveit2/ros_ws/install/urdf_config/share/urdf_config/package.zsh'
[0.462s] Level 1:colcon.colcon_core.environment:create_file_with_runtime_dependencies(/home/wyq/docker/moveit2/ros_ws/install/urdf_config/share/colcon-core/packages/urdf_config)
[0.462s] Level 1:colcon.colcon_core.environment:create_environment_scripts_only(urdf_config)
[0.462s] Level 1:colcon.colcon_core.environment:checking '/home/wyq/docker/moveit2/ros_ws/install/urdf_config' for CMake module files
[0.463s] Level 1:colcon.colcon_core.environment:checking '/home/wyq/docker/moveit2/ros_ws/install/urdf_config' for CMake config files
[0.463s] Level 1:colcon.colcon_core.shell:create_environment_hook('urdf_config', 'cmake_prefix_path')
[0.463s] INFO:colcon.colcon_core.shell:Creating environment hook '/home/wyq/docker/moveit2/ros_ws/install/urdf_config/share/urdf_config/hook/cmake_prefix_path.ps1'
[0.463s] INFO:colcon.colcon_core.shell:Creating environment descriptor '/home/wyq/docker/moveit2/ros_ws/install/urdf_config/share/urdf_config/hook/cmake_prefix_path.dsv'
[0.463s] INFO:colcon.colcon_core.shell:Creating environment hook '/home/wyq/docker/moveit2/ros_ws/install/urdf_config/share/urdf_config/hook/cmake_prefix_path.sh'
[0.464s] Level 1:colcon.colcon_core.environment:checking '/home/wyq/docker/moveit2/ros_ws/install/urdf_config/bin'
[0.464s] Level 1:colcon.colcon_core.environment:checking '/home/wyq/docker/moveit2/ros_ws/install/urdf_config/lib/pkgconfig/urdf_config.pc'
[0.464s] Level 1:colcon.colcon_core.environment:checking '/home/wyq/docker/moveit2/ros_ws/install/urdf_config/lib/python3.10/site-packages'
[0.464s] Level 1:colcon.colcon_core.environment:checking '/home/wyq/docker/moveit2/ros_ws/install/urdf_config/bin'
[0.464s] INFO:colcon.colcon_core.shell:Creating package script '/home/wyq/docker/moveit2/ros_ws/install/urdf_config/share/urdf_config/package.ps1'
[0.465s] INFO:colcon.colcon_core.shell:Creating package descriptor '/home/wyq/docker/moveit2/ros_ws/install/urdf_config/share/urdf_config/package.dsv'
[0.465s] INFO:colcon.colcon_core.shell:Creating package script '/home/wyq/docker/moveit2/ros_ws/install/urdf_config/share/urdf_config/package.sh'
[0.466s] INFO:colcon.colcon_core.shell:Creating package script '/home/wyq/docker/moveit2/ros_ws/install/urdf_config/share/urdf_config/package.bash'
[0.466s] INFO:colcon.colcon_core.shell:Creating package script '/home/wyq/docker/moveit2/ros_ws/install/urdf_config/share/urdf_config/package.zsh'
[0.466s] Level 1:colcon.colcon_core.environment:create_file_with_runtime_dependencies(/home/wyq/docker/moveit2/ros_ws/install/urdf_config/share/colcon-core/packages/urdf_config)
[0.632s] DEBUG:colcon.colcon_core.event_handler.log_command:Invoking command in '/home/wyq/docker/moveit2/ros_ws/src/my_moveit2': PYTHONPATH=/home/wyq/docker/moveit2/ros_ws/build/my_moveit2/prefix_override:/usr/lib/python3/dist-packages/colcon_core/task/python/colcon_distutils_commands:/home/wyq/docker/moveit2/ros_ws/install/my_moveit2/lib/python3.10/site-packages:${PYTHONPATH} /usr/bin/python3 -W ignore:setup.py install is deprecated -W ignore:easy_install command is deprecated setup.py egg_info --egg-base ../../build/my_moveit2 build --build-base /home/wyq/docker/moveit2/ros_ws/build/my_moveit2/build install --record /home/wyq/docker/moveit2/ros_ws/build/my_moveit2/install.log --single-version-externally-managed install_data
[0.815s] Level 1:colcon.colcon_core.environment:checking '/home/wyq/docker/moveit2/ros_ws/install/my_moveit2' for CMake module files
[0.816s] DEBUG:colcon.colcon_core.event_handler.log_command:Invoked command in '/home/wyq/docker/moveit2/ros_ws/src/my_moveit2' returned '0': PYTHONPATH=/home/wyq/docker/moveit2/ros_ws/build/my_moveit2/prefix_override:/usr/lib/python3/dist-packages/colcon_core/task/python/colcon_distutils_commands:/home/wyq/docker/moveit2/ros_ws/install/my_moveit2/lib/python3.10/site-packages:${PYTHONPATH} /usr/bin/python3 -W ignore:setup.py install is deprecated -W ignore:easy_install command is deprecated setup.py egg_info --egg-base ../../build/my_moveit2 build --build-base /home/wyq/docker/moveit2/ros_ws/build/my_moveit2/build install --record /home/wyq/docker/moveit2/ros_ws/build/my_moveit2/install.log --single-version-externally-managed install_data
[0.816s] Level 1:colcon.colcon_core.environment:checking '/home/wyq/docker/moveit2/ros_ws/install/my_moveit2' for CMake config files
[0.817s] Level 1:colcon.colcon_core.environment:checking '/home/wyq/docker/moveit2/ros_ws/install/my_moveit2/lib'
[0.817s] Level 1:colcon.colcon_core.environment:checking '/home/wyq/docker/moveit2/ros_ws/install/my_moveit2/bin'
[0.817s] Level 1:colcon.colcon_core.environment:checking '/home/wyq/docker/moveit2/ros_ws/install/my_moveit2/lib/pkgconfig/my_moveit2.pc'
[0.817s] Level 1:colcon.colcon_core.environment:checking '/home/wyq/docker/moveit2/ros_ws/install/my_moveit2/lib/python3.10/site-packages'
[0.817s] Level 1:colcon.colcon_core.shell:create_environment_hook('my_moveit2', 'pythonpath')
[0.817s] INFO:colcon.colcon_core.shell:Creating environment hook '/home/wyq/docker/moveit2/ros_ws/install/my_moveit2/share/my_moveit2/hook/pythonpath.ps1'
[0.818s] INFO:colcon.colcon_core.shell:Creating environment descriptor '/home/wyq/docker/moveit2/ros_ws/install/my_moveit2/share/my_moveit2/hook/pythonpath.dsv'
[0.818s] INFO:colcon.colcon_core.shell:Creating environment hook '/home/wyq/docker/moveit2/ros_ws/install/my_moveit2/share/my_moveit2/hook/pythonpath.sh'
[0.819s] Level 1:colcon.colcon_core.environment:checking '/home/wyq/docker/moveit2/ros_ws/install/my_moveit2/bin'
[0.819s] Level 1:colcon.colcon_core.environment:create_environment_scripts_only(my_moveit2)
[0.819s] INFO:colcon.colcon_core.shell:Creating package script '/home/wyq/docker/moveit2/ros_ws/install/my_moveit2/share/my_moveit2/package.ps1'
[0.820s] INFO:colcon.colcon_core.shell:Creating package descriptor '/home/wyq/docker/moveit2/ros_ws/install/my_moveit2/share/my_moveit2/package.dsv'
[0.820s] INFO:colcon.colcon_core.shell:Creating package script '/home/wyq/docker/moveit2/ros_ws/install/my_moveit2/share/my_moveit2/package.sh'
[0.820s] INFO:colcon.colcon_core.shell:Creating package script '/home/wyq/docker/moveit2/ros_ws/install/my_moveit2/share/my_moveit2/package.bash'
[0.821s] INFO:colcon.colcon_core.shell:Creating package script '/home/wyq/docker/moveit2/ros_ws/install/my_moveit2/share/my_moveit2/package.zsh'
[0.821s] Level 1:colcon.colcon_core.environment:create_file_with_runtime_dependencies(/home/wyq/docker/moveit2/ros_ws/install/my_moveit2/share/colcon-core/packages/my_moveit2)
[0.821s] DEBUG:colcon.colcon_parallel_executor.executor.parallel:closing loop
[0.821s] DEBUG:colcon.colcon_parallel_executor.executor.parallel:loop closed
[0.821s] DEBUG:colcon.colcon_parallel_executor.executor.parallel:run_until_complete finished with '0'
[0.821s] DEBUG:colcon.colcon_core.event_reactor:joining thread
[0.826s] INFO:colcon.colcon_core.plugin_system:Skipping extension 'colcon_notification.desktop_notification.terminal_notifier': Not used on non-Darwin systems
[0.826s] INFO:colcon.colcon_core.plugin_system:Skipping extension 'colcon_notification.desktop_notification.win32': Not used on non-Windows systems
[0.826s] INFO:colcon.colcon_notification.desktop_notification:Sending desktop notification using 'notify2'
[0.843s] DEBUG:colcon.colcon_core.event_reactor:joined thread
[0.843s] INFO:colcon.colcon_core.shell:Creating prefix script '/home/wyq/docker/moveit2/ros_ws/install/local_setup.ps1'
[0.844s] INFO:colcon.colcon_core.shell:Creating prefix util module '/home/wyq/docker/moveit2/ros_ws/install/_local_setup_util_ps1.py'
[0.845s] INFO:colcon.colcon_core.shell:Creating prefix chain script '/home/wyq/docker/moveit2/ros_ws/install/setup.ps1'
[0.846s] INFO:colcon.colcon_core.shell:Creating prefix script '/home/wyq/docker/moveit2/ros_ws/install/local_setup.sh'
[0.846s] INFO:colcon.colcon_core.shell:Creating prefix util module '/home/wyq/docker/moveit2/ros_ws/install/_local_setup_util_sh.py'
[0.847s] INFO:colcon.colcon_core.shell:Creating prefix chain script '/home/wyq/docker/moveit2/ros_ws/install/setup.sh'
[0.847s] INFO:colcon.colcon_core.shell:Creating prefix script '/home/wyq/docker/moveit2/ros_ws/install/local_setup.bash'
[0.848s] INFO:colcon.colcon_core.shell:Creating prefix chain script '/home/wyq/docker/moveit2/ros_ws/install/setup.bash'
[0.850s] INFO:colcon.colcon_core.shell:Creating prefix script '/home/wyq/docker/moveit2/ros_ws/install/local_setup.zsh'
[0.850s] INFO:colcon.colcon_core.shell:Creating prefix chain script '/home/wyq/docker/moveit2/ros_ws/install/setup.zsh'
