[0.030s] Invoking command in '/home/wyq/docker/ros_ws/build/dual_arm_panda_moveit_config': AMENT_PREFIX_PATH=/home/wyq/docker/ros_ws/install/moveit_resources_panda_description:${AMENT_PREFIX_PATH} CMAKE_PREFIX_PATH=/home/wyq/docker/ros_ws/install/moveit_resources_panda_description:/opt/ros/humble /usr/bin/cmake /home/wyq/docker/ros_ws/src/moveit_resources/dual_arm_panda_moveit_config -DCMAKE_INSTALL_PREFIX=/home/wyq/docker/ros_ws/install/dual_arm_panda_moveit_config
[0.090s] -- The C compiler identification is GNU 11.4.0
[0.158s] -- The CXX compiler identification is GNU 11.4.0
[0.165s] -- Detecting C compiler ABI info
[0.244s] -- Detecting C compiler ABI info - done
[0.254s] -- Check for working C compiler: /usr/bin/cc - skipped
[0.254s] -- Detecting C compile features
[0.254s] -- Detecting C compile features - done
[0.258s] -- Detecting CXX compiler ABI info
[0.343s] -- Detecting CXX compiler ABI info - done
[0.352s] -- Check for working CXX compiler: /usr/bin/c++ - skipped
[0.352s] -- Detecting CXX compile features
[0.352s] -- Detecting CXX compile features - done
[0.354s] -- Found ament_cmake: 1.3.11 (/opt/ros/humble/share/ament_cmake/cmake)
[0.468s] -- Found Python3: /usr/bin/python3 (found version "3.10.12") found components: Interpreter 
[0.578s] -- Configuring done
[0.578s] -- Generating done
[0.578s] -- Build files have been written to: /home/wyq/docker/ros_ws/build/dual_arm_panda_moveit_config
[0.586s] Invoked command in '/home/wyq/docker/ros_ws/build/dual_arm_panda_moveit_config' returned '0': AMENT_PREFIX_PATH=/home/wyq/docker/ros_ws/install/moveit_resources_panda_description:${AMENT_PREFIX_PATH} CMAKE_PREFIX_PATH=/home/wyq/docker/ros_ws/install/moveit_resources_panda_description:/opt/ros/humble /usr/bin/cmake /home/wyq/docker/ros_ws/src/moveit_resources/dual_arm_panda_moveit_config -DCMAKE_INSTALL_PREFIX=/home/wyq/docker/ros_ws/install/dual_arm_panda_moveit_config
[0.586s] Invoking command in '/home/wyq/docker/ros_ws/build/dual_arm_panda_moveit_config': AMENT_PREFIX_PATH=/home/wyq/docker/ros_ws/install/moveit_resources_panda_description:${AMENT_PREFIX_PATH} CMAKE_PREFIX_PATH=/home/wyq/docker/ros_ws/install/moveit_resources_panda_description:/opt/ros/humble /usr/bin/cmake --build /home/wyq/docker/ros_ws/build/dual_arm_panda_moveit_config -- -j4 -l4
[0.621s] Invoked command in '/home/wyq/docker/ros_ws/build/dual_arm_panda_moveit_config' returned '0': AMENT_PREFIX_PATH=/home/wyq/docker/ros_ws/install/moveit_resources_panda_description:${AMENT_PREFIX_PATH} CMAKE_PREFIX_PATH=/home/wyq/docker/ros_ws/install/moveit_resources_panda_description:/opt/ros/humble /usr/bin/cmake --build /home/wyq/docker/ros_ws/build/dual_arm_panda_moveit_config -- -j4 -l4
[0.624s] Invoking command in '/home/wyq/docker/ros_ws/build/dual_arm_panda_moveit_config': AMENT_PREFIX_PATH=/home/wyq/docker/ros_ws/install/moveit_resources_panda_description:${AMENT_PREFIX_PATH} CMAKE_PREFIX_PATH=/home/wyq/docker/ros_ws/install/moveit_resources_panda_description:/opt/ros/humble /usr/bin/cmake --install /home/wyq/docker/ros_ws/build/dual_arm_panda_moveit_config
[0.633s] -- Install configuration: ""
[0.633s] -- Installing: /home/wyq/docker/ros_ws/install/dual_arm_panda_moveit_config/share/ament_index/resource_index/package_run_dependencies/dual_arm_panda_moveit_config
[0.634s] -- Installing: /home/wyq/docker/ros_ws/install/dual_arm_panda_moveit_config/share/ament_index/resource_index/parent_prefix_path/dual_arm_panda_moveit_config
[0.635s] -- Installing: /home/wyq/docker/ros_ws/install/dual_arm_panda_moveit_config/share/dual_arm_panda_moveit_config/environment/ament_prefix_path.sh
[0.635s] -- Installing: /home/wyq/docker/ros_ws/install/dual_arm_panda_moveit_config/share/dual_arm_panda_moveit_config/environment/ament_prefix_path.dsv
[0.635s] -- Installing: /home/wyq/docker/ros_ws/install/dual_arm_panda_moveit_config/share/dual_arm_panda_moveit_config/environment/path.sh
[0.635s] -- Installing: /home/wyq/docker/ros_ws/install/dual_arm_panda_moveit_config/share/dual_arm_panda_moveit_config/environment/path.dsv
[0.635s] -- Installing: /home/wyq/docker/ros_ws/install/dual_arm_panda_moveit_config/share/dual_arm_panda_moveit_config/local_setup.bash
[0.635s] -- Installing: /home/wyq/docker/ros_ws/install/dual_arm_panda_moveit_config/share/dual_arm_panda_moveit_config/local_setup.sh
[0.635s] -- Installing: /home/wyq/docker/ros_ws/install/dual_arm_panda_moveit_config/share/dual_arm_panda_moveit_config/local_setup.zsh
[0.635s] -- Installing: /home/wyq/docker/ros_ws/install/dual_arm_panda_moveit_config/share/dual_arm_panda_moveit_config/local_setup.dsv
[0.635s] -- Installing: /home/wyq/docker/ros_ws/install/dual_arm_panda_moveit_config/share/dual_arm_panda_moveit_config/package.dsv
[0.635s] -- Installing: /home/wyq/docker/ros_ws/install/dual_arm_panda_moveit_config/share/ament_index/resource_index/packages/dual_arm_panda_moveit_config
[0.635s] -- Installing: /home/wyq/docker/ros_ws/install/dual_arm_panda_moveit_config/share/dual_arm_panda_moveit_config/cmake/dual_arm_panda_moveit_configConfig.cmake
[0.635s] -- Installing: /home/wyq/docker/ros_ws/install/dual_arm_panda_moveit_config/share/dual_arm_panda_moveit_config/cmake/dual_arm_panda_moveit_configConfig-version.cmake
[0.636s] -- Installing: /home/wyq/docker/ros_ws/install/dual_arm_panda_moveit_config/share/dual_arm_panda_moveit_config/package.xml
[0.636s] -- Installing: /home/wyq/docker/ros_ws/install/dual_arm_panda_moveit_config/share/dual_arm_panda_moveit_config/launch
[0.636s] -- Installing: /home/wyq/docker/ros_ws/install/dual_arm_panda_moveit_config/share/dual_arm_panda_moveit_config/launch/moveit.rviz
[0.636s] -- Installing: /home/wyq/docker/ros_ws/install/dual_arm_panda_moveit_config/share/dual_arm_panda_moveit_config/launch/demo.launch.py
[0.637s] -- Installing: /home/wyq/docker/ros_ws/install/dual_arm_panda_moveit_config/share/dual_arm_panda_moveit_config/config
[0.637s] -- Installing: /home/wyq/docker/ros_ws/install/dual_arm_panda_moveit_config/share/dual_arm_panda_moveit_config/config/kinematics.yaml
[0.637s] -- Installing: /home/wyq/docker/ros_ws/install/dual_arm_panda_moveit_config/share/dual_arm_panda_moveit_config/config/ros2_controllers.yaml
[0.637s] -- Installing: /home/wyq/docker/ros_ws/install/dual_arm_panda_moveit_config/share/dual_arm_panda_moveit_config/config/panda.ros2_control.xacro
[0.637s] -- Installing: /home/wyq/docker/ros_ws/install/dual_arm_panda_moveit_config/share/dual_arm_panda_moveit_config/config/right_initial_positions.yaml
[0.637s] -- Installing: /home/wyq/docker/ros_ws/install/dual_arm_panda_moveit_config/share/dual_arm_panda_moveit_config/config/panda_hand.ros2_control.xacro
[0.638s] -- Installing: /home/wyq/docker/ros_ws/install/dual_arm_panda_moveit_config/share/dual_arm_panda_moveit_config/config/ompl_planning.yaml
[0.638s] -- Installing: /home/wyq/docker/ros_ws/install/dual_arm_panda_moveit_config/share/dual_arm_panda_moveit_config/config/joint_limits.yaml
[0.638s] -- Installing: /home/wyq/docker/ros_ws/install/dual_arm_panda_moveit_config/share/dual_arm_panda_moveit_config/config/hand.xacro
[0.639s] -- Installing: /home/wyq/docker/ros_ws/install/dual_arm_panda_moveit_config/share/dual_arm_panda_moveit_config/config/panda_arm_macro.xacro
[0.639s] -- Installing: /home/wyq/docker/ros_ws/install/dual_arm_panda_moveit_config/share/dual_arm_panda_moveit_config/config/panda.urdf.xacro
[0.639s] -- Installing: /home/wyq/docker/ros_ws/install/dual_arm_panda_moveit_config/share/dual_arm_panda_moveit_config/config/left_initial_positions.yaml
[0.639s] -- Installing: /home/wyq/docker/ros_ws/install/dual_arm_panda_moveit_config/share/dual_arm_panda_moveit_config/config/moveit_controllers.yaml
[0.639s] -- Installing: /home/wyq/docker/ros_ws/install/dual_arm_panda_moveit_config/share/dual_arm_panda_moveit_config/config/panda.srdf
[0.639s] -- Installing: /home/wyq/docker/ros_ws/install/dual_arm_panda_moveit_config/share/dual_arm_panda_moveit_config/config/pilz_cartesian_limits.yaml
[0.648s] Invoked command in '/home/wyq/docker/ros_ws/build/dual_arm_panda_moveit_config' returned '0': AMENT_PREFIX_PATH=/home/wyq/docker/ros_ws/install/moveit_resources_panda_description:${AMENT_PREFIX_PATH} CMAKE_PREFIX_PATH=/home/wyq/docker/ros_ws/install/moveit_resources_panda_description:/opt/ros/humble /usr/bin/cmake --install /home/wyq/docker/ros_ws/build/dual_arm_panda_moveit_config
