[0.077s] DEBUG:colcon:Command line arguments: ['/usr/bin/colcon', 'build']
[0.077s] DEBUG:colcon:Parsed command line arguments: Namespace(log_base=None, log_level=None, verb_name='build', build_base='build', install_base='install', merge_install=False, symlink_install=False, test_result_base=None, continue_on_error=False, executor='parallel', parallel_workers=4, event_handlers=None, ignore_user_meta=False, metas=['./colcon.meta'], base_paths=['.'], packages_ignore=None, packages_ignore_regex=None, paths=None, packages_up_to=None, packages_up_to_regex=None, packages_above=None, packages_above_and_dependencies=None, packages_above_depth=None, packages_select_by_dep=None, packages_skip_by_dep=None, packages_skip_up_to=None, packages_select_build_failed=False, packages_skip_build_finished=False, packages_select_test_failures=False, packages_skip_test_passed=False, packages_select=None, packages_skip=None, packages_select_regex=None, packages_skip_regex=None, packages_start=None, packages_end=None, allow_overriding=[], cmake_args=None, cmake_target=None, cmake_target_skip_unavailable=False, cmake_clean_cache=False, cmake_clean_first=False, cmake_force_configure=False, ament_cmake_args=None, catkin_cmake_args=None, catkin_skip_building_tests=False, verb_parser=<colcon_defaults.argument_parser.defaults.DefaultArgumentsDecorator object at 0x77a4cac5c550>, verb_extension=<colcon_core.verb.build.BuildVerb object at 0x77a4cac23fa0>, main=<bound method BuildVerb.main of <colcon_core.verb.build.BuildVerb object at 0x77a4cac23fa0>>)
[0.173s] Level 1:colcon.colcon_core.package_discovery:discover_packages(colcon_meta) check parameters
[0.173s] Level 1:colcon.colcon_core.package_discovery:discover_packages(recursive) check parameters
[0.173s] Level 1:colcon.colcon_core.package_discovery:discover_packages(ignore) check parameters
[0.173s] Level 1:colcon.colcon_core.package_discovery:discover_packages(path) check parameters
[0.173s] Level 1:colcon.colcon_core.package_discovery:discover_packages(colcon_meta) discover
[0.173s] Level 1:colcon.colcon_core.package_discovery:discover_packages(recursive) discover
[0.173s] INFO:colcon.colcon_core.package_discovery:Crawling recursively for packages in '/home/wyq/docker/moveit2/ros_ws'
[0.173s] Level 1:colcon.colcon_core.package_identification:_identify(.) by extensions ['ignore', 'ignore_ament_install']
[0.173s] Level 1:colcon.colcon_core.package_identification:_identify(.) by extension 'ignore'
[0.173s] Level 1:colcon.colcon_core.package_identification:_identify(.) by extension 'ignore_ament_install'
[0.173s] Level 1:colcon.colcon_core.package_identification:_identify(.) by extensions ['colcon_pkg']
[0.173s] Level 1:colcon.colcon_core.package_identification:_identify(.) by extension 'colcon_pkg'
[0.173s] Level 1:colcon.colcon_core.package_identification:_identify(.) by extensions ['colcon_meta']
[0.173s] Level 1:colcon.colcon_core.package_identification:_identify(.) by extension 'colcon_meta'
[0.173s] Level 1:colcon.colcon_core.package_identification:_identify(.) by extensions ['ros']
[0.173s] Level 1:colcon.colcon_core.package_identification:_identify(.) by extension 'ros'
[0.180s] Level 1:colcon.colcon_core.package_identification:_identify(.) by extensions ['cmake', 'python']
[0.180s] Level 1:colcon.colcon_core.package_identification:_identify(.) by extension 'cmake'
[0.180s] Level 1:colcon.colcon_core.package_identification:_identify(.) by extension 'python'
[0.180s] Level 1:colcon.colcon_core.package_identification:_identify(.) by extensions ['python_setup_py']
[0.180s] Level 1:colcon.colcon_core.package_identification:_identify(.) by extension 'python_setup_py'
[0.180s] Level 1:colcon.colcon_core.package_identification:_identify(build) by extensions ['ignore', 'ignore_ament_install']
[0.180s] Level 1:colcon.colcon_core.package_identification:_identify(build) by extension 'ignore'
[0.180s] Level 1:colcon.colcon_core.package_identification:_identify(build) ignored
[0.180s] Level 1:colcon.colcon_core.package_identification:_identify(install) by extensions ['ignore', 'ignore_ament_install']
[0.180s] Level 1:colcon.colcon_core.package_identification:_identify(install) by extension 'ignore'
[0.180s] Level 1:colcon.colcon_core.package_identification:_identify(install) ignored
[0.180s] Level 1:colcon.colcon_core.package_identification:_identify(log) by extensions ['ignore', 'ignore_ament_install']
[0.180s] Level 1:colcon.colcon_core.package_identification:_identify(log) by extension 'ignore'
[0.180s] Level 1:colcon.colcon_core.package_identification:_identify(log) ignored
[0.181s] Level 1:colcon.colcon_core.package_identification:_identify(src) by extensions ['ignore', 'ignore_ament_install']
[0.181s] Level 1:colcon.colcon_core.package_identification:_identify(src) by extension 'ignore'
[0.181s] Level 1:colcon.colcon_core.package_identification:_identify(src) by extension 'ignore_ament_install'
[0.181s] Level 1:colcon.colcon_core.package_identification:_identify(src) by extensions ['colcon_pkg']
[0.181s] Level 1:colcon.colcon_core.package_identification:_identify(src) by extension 'colcon_pkg'
[0.181s] Level 1:colcon.colcon_core.package_identification:_identify(src) by extensions ['colcon_meta']
[0.181s] Level 1:colcon.colcon_core.package_identification:_identify(src) by extension 'colcon_meta'
[0.181s] Level 1:colcon.colcon_core.package_identification:_identify(src) by extensions ['ros']
[0.181s] Level 1:colcon.colcon_core.package_identification:_identify(src) by extension 'ros'
[0.181s] Level 1:colcon.colcon_core.package_identification:_identify(src) by extensions ['cmake', 'python']
[0.181s] Level 1:colcon.colcon_core.package_identification:_identify(src) by extension 'cmake'
[0.181s] Level 1:colcon.colcon_core.package_identification:_identify(src) by extension 'python'
[0.181s] Level 1:colcon.colcon_core.package_identification:_identify(src) by extensions ['python_setup_py']
[0.181s] Level 1:colcon.colcon_core.package_identification:_identify(src) by extension 'python_setup_py'
[0.181s] Level 1:colcon.colcon_core.package_identification:_identify(src/assistant) by extensions ['ignore', 'ignore_ament_install']
[0.181s] Level 1:colcon.colcon_core.package_identification:_identify(src/assistant) by extension 'ignore'
[0.181s] Level 1:colcon.colcon_core.package_identification:_identify(src/assistant) by extension 'ignore_ament_install'
[0.181s] Level 1:colcon.colcon_core.package_identification:_identify(src/assistant) by extensions ['colcon_pkg']
[0.181s] Level 1:colcon.colcon_core.package_identification:_identify(src/assistant) by extension 'colcon_pkg'
[0.181s] Level 1:colcon.colcon_core.package_identification:_identify(src/assistant) by extensions ['colcon_meta']
[0.181s] Level 1:colcon.colcon_core.package_identification:_identify(src/assistant) by extension 'colcon_meta'
[0.181s] Level 1:colcon.colcon_core.package_identification:_identify(src/assistant) by extensions ['ros']
[0.181s] Level 1:colcon.colcon_core.package_identification:_identify(src/assistant) by extension 'ros'
[0.183s] DEBUG:colcon.colcon_core.package_identification:Package 'src/assistant' with type 'ros.ament_cmake' and name 'assistant'
[0.183s] Level 1:colcon.colcon_core.package_identification:_identify(src/my_moveit2) by extensions ['ignore', 'ignore_ament_install']
[0.183s] Level 1:colcon.colcon_core.package_identification:_identify(src/my_moveit2) by extension 'ignore'
[0.183s] Level 1:colcon.colcon_core.package_identification:_identify(src/my_moveit2) by extension 'ignore_ament_install'
[0.183s] Level 1:colcon.colcon_core.package_identification:_identify(src/my_moveit2) by extensions ['colcon_pkg']
[0.183s] Level 1:colcon.colcon_core.package_identification:_identify(src/my_moveit2) by extension 'colcon_pkg'
[0.183s] Level 1:colcon.colcon_core.package_identification:_identify(src/my_moveit2) by extensions ['colcon_meta']
[0.183s] Level 1:colcon.colcon_core.package_identification:_identify(src/my_moveit2) by extension 'colcon_meta'
[0.183s] Level 1:colcon.colcon_core.package_identification:_identify(src/my_moveit2) by extensions ['ros']
[0.183s] Level 1:colcon.colcon_core.package_identification:_identify(src/my_moveit2) by extension 'ros'
[0.183s] DEBUG:colcon.colcon_core.package_identification:Package 'src/my_moveit2' with type 'ros.ament_python' and name 'my_moveit2'
[0.183s] Level 1:colcon.colcon_core.package_identification:_identify(src/urdf_config) by extensions ['ignore', 'ignore_ament_install']
[0.184s] Level 1:colcon.colcon_core.package_identification:_identify(src/urdf_config) by extension 'ignore'
[0.184s] Level 1:colcon.colcon_core.package_identification:_identify(src/urdf_config) by extension 'ignore_ament_install'
[0.184s] Level 1:colcon.colcon_core.package_identification:_identify(src/urdf_config) by extensions ['colcon_pkg']
[0.184s] Level 1:colcon.colcon_core.package_identification:_identify(src/urdf_config) by extension 'colcon_pkg'
[0.184s] Level 1:colcon.colcon_core.package_identification:_identify(src/urdf_config) by extensions ['colcon_meta']
[0.184s] Level 1:colcon.colcon_core.package_identification:_identify(src/urdf_config) by extension 'colcon_meta'
[0.184s] Level 1:colcon.colcon_core.package_identification:_identify(src/urdf_config) by extensions ['ros']
[0.184s] Level 1:colcon.colcon_core.package_identification:_identify(src/urdf_config) by extension 'ros'
[0.184s] DEBUG:colcon.colcon_core.package_identification:Package 'src/urdf_config' with type 'ros.ament_cmake' and name 'urdf_config'
[0.184s] Level 1:colcon.colcon_core.package_discovery:discover_packages(recursive) using defaults
[0.184s] Level 1:colcon.colcon_core.package_discovery:discover_packages(ignore) discover
[0.184s] Level 1:colcon.colcon_core.package_discovery:discover_packages(ignore) using defaults
[0.184s] Level 1:colcon.colcon_core.package_discovery:discover_packages(path) discover
[0.184s] Level 1:colcon.colcon_core.package_discovery:discover_packages(path) using defaults
[0.203s] Level 1:colcon.colcon_core.package_discovery:discover_packages(prefix_path) check parameters
[0.203s] Level 1:colcon.colcon_core.package_discovery:discover_packages(prefix_path) discover
[0.204s] DEBUG:colcon.colcon_installed_package_information.package_discovery:Found 381 installed packages in /opt/ros/humble
[0.205s] Level 1:colcon.colcon_core.package_discovery:discover_packages(prefix_path) using defaults
[0.232s] Level 5:colcon.colcon_core.verb:set package 'assistant' build argument 'cmake_args' from command line to 'None'
[0.232s] Level 5:colcon.colcon_core.verb:set package 'assistant' build argument 'cmake_target' from command line to 'None'
[0.232s] Level 5:colcon.colcon_core.verb:set package 'assistant' build argument 'cmake_target_skip_unavailable' from command line to 'False'
[0.232s] Level 5:colcon.colcon_core.verb:set package 'assistant' build argument 'cmake_clean_cache' from command line to 'False'
[0.232s] Level 5:colcon.colcon_core.verb:set package 'assistant' build argument 'cmake_clean_first' from command line to 'False'
[0.232s] Level 5:colcon.colcon_core.verb:set package 'assistant' build argument 'cmake_force_configure' from command line to 'False'
[0.232s] Level 5:colcon.colcon_core.verb:set package 'assistant' build argument 'ament_cmake_args' from command line to 'None'
[0.232s] Level 5:colcon.colcon_core.verb:set package 'assistant' build argument 'catkin_cmake_args' from command line to 'None'
[0.232s] Level 5:colcon.colcon_core.verb:set package 'assistant' build argument 'catkin_skip_building_tests' from command line to 'False'
[0.232s] DEBUG:colcon.colcon_core.verb:Building package 'assistant' with the following arguments: {'ament_cmake_args': None, 'build_base': '/home/wyq/docker/moveit2/ros_ws/build/assistant', 'catkin_cmake_args': None, 'catkin_skip_building_tests': False, 'cmake_args': None, 'cmake_clean_cache': False, 'cmake_clean_first': False, 'cmake_force_configure': False, 'cmake_target': None, 'cmake_target_skip_unavailable': False, 'install_base': '/home/wyq/docker/moveit2/ros_ws/install/assistant', 'merge_install': False, 'path': '/home/wyq/docker/moveit2/ros_ws/src/assistant', 'symlink_install': False, 'test_result_base': None}
[0.232s] Level 5:colcon.colcon_core.verb:set package 'my_moveit2' build argument 'cmake_args' from command line to 'None'
[0.232s] Level 5:colcon.colcon_core.verb:set package 'my_moveit2' build argument 'cmake_target' from command line to 'None'
[0.232s] Level 5:colcon.colcon_core.verb:set package 'my_moveit2' build argument 'cmake_target_skip_unavailable' from command line to 'False'
[0.232s] Level 5:colcon.colcon_core.verb:set package 'my_moveit2' build argument 'cmake_clean_cache' from command line to 'False'
[0.232s] Level 5:colcon.colcon_core.verb:set package 'my_moveit2' build argument 'cmake_clean_first' from command line to 'False'
[0.232s] Level 5:colcon.colcon_core.verb:set package 'my_moveit2' build argument 'cmake_force_configure' from command line to 'False'
[0.232s] Level 5:colcon.colcon_core.verb:set package 'my_moveit2' build argument 'ament_cmake_args' from command line to 'None'
[0.232s] Level 5:colcon.colcon_core.verb:set package 'my_moveit2' build argument 'catkin_cmake_args' from command line to 'None'
[0.232s] Level 5:colcon.colcon_core.verb:set package 'my_moveit2' build argument 'catkin_skip_building_tests' from command line to 'False'
[0.232s] DEBUG:colcon.colcon_core.verb:Building package 'my_moveit2' with the following arguments: {'ament_cmake_args': None, 'build_base': '/home/wyq/docker/moveit2/ros_ws/build/my_moveit2', 'catkin_cmake_args': None, 'catkin_skip_building_tests': False, 'cmake_args': None, 'cmake_clean_cache': False, 'cmake_clean_first': False, 'cmake_force_configure': False, 'cmake_target': None, 'cmake_target_skip_unavailable': False, 'install_base': '/home/wyq/docker/moveit2/ros_ws/install/my_moveit2', 'merge_install': False, 'path': '/home/wyq/docker/moveit2/ros_ws/src/my_moveit2', 'symlink_install': False, 'test_result_base': None}
[0.232s] Level 5:colcon.colcon_core.verb:set package 'urdf_config' build argument 'cmake_args' from command line to 'None'
[0.232s] Level 5:colcon.colcon_core.verb:set package 'urdf_config' build argument 'cmake_target' from command line to 'None'
[0.233s] Level 5:colcon.colcon_core.verb:set package 'urdf_config' build argument 'cmake_target_skip_unavailable' from command line to 'False'
[0.233s] Level 5:colcon.colcon_core.verb:set package 'urdf_config' build argument 'cmake_clean_cache' from command line to 'False'
[0.233s] Level 5:colcon.colcon_core.verb:set package 'urdf_config' build argument 'cmake_clean_first' from command line to 'False'
[0.233s] Level 5:colcon.colcon_core.verb:set package 'urdf_config' build argument 'cmake_force_configure' from command line to 'False'
[0.233s] Level 5:colcon.colcon_core.verb:set package 'urdf_config' build argument 'ament_cmake_args' from command line to 'None'
[0.233s] Level 5:colcon.colcon_core.verb:set package 'urdf_config' build argument 'catkin_cmake_args' from command line to 'None'
[0.233s] Level 5:colcon.colcon_core.verb:set package 'urdf_config' build argument 'catkin_skip_building_tests' from command line to 'False'
[0.233s] DEBUG:colcon.colcon_core.verb:Building package 'urdf_config' with the following arguments: {'ament_cmake_args': None, 'build_base': '/home/wyq/docker/moveit2/ros_ws/build/urdf_config', 'catkin_cmake_args': None, 'catkin_skip_building_tests': False, 'cmake_args': None, 'cmake_clean_cache': False, 'cmake_clean_first': False, 'cmake_force_configure': False, 'cmake_target': None, 'cmake_target_skip_unavailable': False, 'install_base': '/home/wyq/docker/moveit2/ros_ws/install/urdf_config', 'merge_install': False, 'path': '/home/wyq/docker/moveit2/ros_ws/src/urdf_config', 'symlink_install': False, 'test_result_base': None}
[0.233s] INFO:colcon.colcon_core.executor:Executing jobs using 'parallel' executor
[0.233s] DEBUG:colcon.colcon_parallel_executor.executor.parallel:run_until_complete
[0.234s] INFO:colcon.colcon_ros.task.ament_cmake.build:Building ROS package in '/home/wyq/docker/moveit2/ros_ws/src/assistant' with build type 'ament_cmake'
[0.234s] INFO:colcon.colcon_cmake.task.cmake.build:Building CMake package in '/home/wyq/docker/moveit2/ros_ws/src/assistant'
[0.235s] INFO:colcon.colcon_core.plugin_system:Skipping extension 'colcon_core.shell.bat': Not used on non-Windows systems
[0.235s] INFO:colcon.colcon_core.shell:Skip shell extension 'powershell' for command environment: Not usable outside of PowerShell
[0.235s] DEBUG:colcon.colcon_core.shell:Skip shell extension 'dsv' for command environment
[0.238s] INFO:colcon.colcon_ros.task.ament_python.build:Building ROS package in '/home/wyq/docker/moveit2/ros_ws/src/my_moveit2' with build type 'ament_python'
[0.238s] Level 1:colcon.colcon_core.shell:create_environment_hook('my_moveit2', 'ament_prefix_path')
[0.238s] INFO:colcon.colcon_core.shell:Creating environment hook '/home/wyq/docker/moveit2/ros_ws/install/my_moveit2/share/my_moveit2/hook/ament_prefix_path.ps1'
[0.238s] INFO:colcon.colcon_core.shell:Creating environment descriptor '/home/wyq/docker/moveit2/ros_ws/install/my_moveit2/share/my_moveit2/hook/ament_prefix_path.dsv'
[0.239s] INFO:colcon.colcon_core.shell:Creating environment hook '/home/wyq/docker/moveit2/ros_ws/install/my_moveit2/share/my_moveit2/hook/ament_prefix_path.sh'
[0.240s] INFO:colcon.colcon_core.shell:Skip shell extension 'powershell' for command environment: Not usable outside of PowerShell
[0.240s] DEBUG:colcon.colcon_core.shell:Skip shell extension 'dsv' for command environment
[0.242s] INFO:colcon.colcon_ros.task.ament_cmake.build:Building ROS package in '/home/wyq/docker/moveit2/ros_ws/src/urdf_config' with build type 'ament_cmake'
[0.242s] INFO:colcon.colcon_cmake.task.cmake.build:Building CMake package in '/home/wyq/docker/moveit2/ros_ws/src/urdf_config'
[0.242s] INFO:colcon.colcon_core.shell:Skip shell extension 'powershell' for command environment: Not usable outside of PowerShell
[0.242s] DEBUG:colcon.colcon_core.shell:Skip shell extension 'dsv' for command environment
[0.251s] DEBUG:colcon.colcon_core.event_handler.log_command:Invoking command in '/home/wyq/docker/moveit2/ros_ws/build/assistant': CMAKE_PREFIX_PATH=/opt/ros/humble /usr/bin/cmake --build /home/wyq/docker/moveit2/ros_ws/build/assistant -- -j4 -l4
[0.415s] INFO:colcon.colcon_core.task.python.build:Building Python package in '/home/wyq/docker/moveit2/ros_ws/src/my_moveit2'
[0.415s] INFO:colcon.colcon_core.shell:Skip shell extension 'powershell' for command environment: Not usable outside of PowerShell
[0.415s] DEBUG:colcon.colcon_core.shell:Skip shell extension 'dsv' for command environment
[0.422s] DEBUG:colcon.colcon_core.event_handler.log_command:Invoking command in '/home/wyq/docker/moveit2/ros_ws/build/urdf_config': CMAKE_PREFIX_PATH=/opt/ros/humble /usr/bin/cmake --build /home/wyq/docker/moveit2/ros_ws/build/urdf_config -- -j4 -l4
[0.424s] DEBUG:colcon.colcon_core.event_handler.log_command:Invoked command in '/home/wyq/docker/moveit2/ros_ws/build/assistant' returned '0': CMAKE_PREFIX_PATH=/opt/ros/humble /usr/bin/cmake --build /home/wyq/docker/moveit2/ros_ws/build/assistant -- -j4 -l4
[0.432s] DEBUG:colcon.colcon_core.event_handler.log_command:Invoking command in '/home/wyq/docker/moveit2/ros_ws/build/assistant': CMAKE_PREFIX_PATH=/opt/ros/humble /usr/bin/cmake --install /home/wyq/docker/moveit2/ros_ws/build/assistant
[0.441s] Level 1:colcon.colcon_core.environment:create_environment_scripts_only(assistant)
[0.444s] DEBUG:colcon.colcon_core.event_handler.log_command:Invoked command in '/home/wyq/docker/moveit2/ros_ws/build/assistant' returned '0': CMAKE_PREFIX_PATH=/opt/ros/humble /usr/bin/cmake --install /home/wyq/docker/moveit2/ros_ws/build/assistant
[0.445s] Level 1:colcon.colcon_core.environment:checking '/home/wyq/docker/moveit2/ros_ws/install/assistant' for CMake module files
[0.446s] Level 1:colcon.colcon_core.environment:checking '/home/wyq/docker/moveit2/ros_ws/install/assistant' for CMake config files
[0.446s] Level 1:colcon.colcon_core.shell:create_environment_hook('assistant', 'cmake_prefix_path')
[0.446s] INFO:colcon.colcon_core.shell:Creating environment hook '/home/wyq/docker/moveit2/ros_ws/install/assistant/share/assistant/hook/cmake_prefix_path.ps1'
[0.446s] INFO:colcon.colcon_core.shell:Creating environment descriptor '/home/wyq/docker/moveit2/ros_ws/install/assistant/share/assistant/hook/cmake_prefix_path.dsv'
[0.446s] INFO:colcon.colcon_core.shell:Creating environment hook '/home/wyq/docker/moveit2/ros_ws/install/assistant/share/assistant/hook/cmake_prefix_path.sh'
[0.447s] Level 1:colcon.colcon_core.environment:checking '/home/wyq/docker/moveit2/ros_ws/install/assistant/bin'
[0.447s] Level 1:colcon.colcon_core.environment:checking '/home/wyq/docker/moveit2/ros_ws/install/assistant/lib/pkgconfig/assistant.pc'
[0.450s] Level 1:colcon.colcon_core.environment:checking '/home/wyq/docker/moveit2/ros_ws/install/assistant/lib/python3.10/site-packages'
[0.450s] Level 1:colcon.colcon_core.environment:checking '/home/wyq/docker/moveit2/ros_ws/install/assistant/bin'
[0.450s] INFO:colcon.colcon_core.shell:Creating package script '/home/wyq/docker/moveit2/ros_ws/install/assistant/share/assistant/package.ps1'
[0.451s] INFO:colcon.colcon_core.shell:Creating package descriptor '/home/wyq/docker/moveit2/ros_ws/install/assistant/share/assistant/package.dsv'
[0.451s] INFO:colcon.colcon_core.shell:Creating package script '/home/wyq/docker/moveit2/ros_ws/install/assistant/share/assistant/package.sh'
[0.451s] INFO:colcon.colcon_core.shell:Creating package script '/home/wyq/docker/moveit2/ros_ws/install/assistant/share/assistant/package.bash'
[0.452s] INFO:colcon.colcon_core.shell:Creating package script '/home/wyq/docker/moveit2/ros_ws/install/assistant/share/assistant/package.zsh'
[0.452s] Level 1:colcon.colcon_core.environment:create_file_with_runtime_dependencies(/home/wyq/docker/moveit2/ros_ws/install/assistant/share/colcon-core/packages/assistant)
[0.454s] Level 1:colcon.colcon_core.environment:create_environment_scripts_only(assistant)
[0.454s] Level 1:colcon.colcon_core.environment:checking '/home/wyq/docker/moveit2/ros_ws/install/assistant' for CMake module files
[0.454s] Level 1:colcon.colcon_core.environment:checking '/home/wyq/docker/moveit2/ros_ws/install/assistant' for CMake config files
[0.454s] Level 1:colcon.colcon_core.shell:create_environment_hook('assistant', 'cmake_prefix_path')
[0.455s] INFO:colcon.colcon_core.shell:Creating environment hook '/home/wyq/docker/moveit2/ros_ws/install/assistant/share/assistant/hook/cmake_prefix_path.ps1'
[0.455s] INFO:colcon.colcon_core.shell:Creating environment descriptor '/home/wyq/docker/moveit2/ros_ws/install/assistant/share/assistant/hook/cmake_prefix_path.dsv'
[0.455s] INFO:colcon.colcon_core.shell:Creating environment hook '/home/wyq/docker/moveit2/ros_ws/install/assistant/share/assistant/hook/cmake_prefix_path.sh'
[0.456s] Level 1:colcon.colcon_core.environment:checking '/home/wyq/docker/moveit2/ros_ws/install/assistant/bin'
[0.456s] Level 1:colcon.colcon_core.environment:checking '/home/wyq/docker/moveit2/ros_ws/install/assistant/lib/pkgconfig/assistant.pc'
[0.456s] Level 1:colcon.colcon_core.environment:checking '/home/wyq/docker/moveit2/ros_ws/install/assistant/lib/python3.10/site-packages'
[0.456s] Level 1:colcon.colcon_core.environment:checking '/home/wyq/docker/moveit2/ros_ws/install/assistant/bin'
[0.457s] INFO:colcon.colcon_core.shell:Creating package script '/home/wyq/docker/moveit2/ros_ws/install/assistant/share/assistant/package.ps1'
[0.457s] INFO:colcon.colcon_core.shell:Creating package descriptor '/home/wyq/docker/moveit2/ros_ws/install/assistant/share/assistant/package.dsv'
[0.457s] INFO:colcon.colcon_core.shell:Creating package script '/home/wyq/docker/moveit2/ros_ws/install/assistant/share/assistant/package.sh'
[0.458s] INFO:colcon.colcon_core.shell:Creating package script '/home/wyq/docker/moveit2/ros_ws/install/assistant/share/assistant/package.bash'
[0.458s] INFO:colcon.colcon_core.shell:Creating package script '/home/wyq/docker/moveit2/ros_ws/install/assistant/share/assistant/package.zsh'
[0.458s] Level 1:colcon.colcon_core.environment:create_file_with_runtime_dependencies(/home/wyq/docker/moveit2/ros_ws/install/assistant/share/colcon-core/packages/assistant)
[0.600s] DEBUG:colcon.colcon_core.event_handler.log_command:Invoked command in '/home/wyq/docker/moveit2/ros_ws/build/urdf_config' returned '0': CMAKE_PREFIX_PATH=/opt/ros/humble /usr/bin/cmake --build /home/wyq/docker/moveit2/ros_ws/build/urdf_config -- -j4 -l4
[0.601s] DEBUG:colcon.colcon_core.event_handler.log_command:Invoking command in '/home/wyq/docker/moveit2/ros_ws/build/urdf_config': CMAKE_PREFIX_PATH=/opt/ros/humble /usr/bin/cmake --install /home/wyq/docker/moveit2/ros_ws/build/urdf_config
[0.611s] DEBUG:colcon.colcon_core.event_handler.log_command:Invoked command in '/home/wyq/docker/moveit2/ros_ws/build/urdf_config' returned '1': CMAKE_PREFIX_PATH=/opt/ros/humble /usr/bin/cmake --install /home/wyq/docker/moveit2/ros_ws/build/urdf_config
[0.612s] Level 1:colcon.colcon_core.environment:create_environment_scripts_only(urdf_config)
[0.612s] Level 1:colcon.colcon_core.environment:checking '/home/wyq/docker/moveit2/ros_ws/install/urdf_config' for CMake module files
[0.612s] Level 1:colcon.colcon_core.environment:checking '/home/wyq/docker/moveit2/ros_ws/install/urdf_config' for CMake config files
[0.612s] Level 1:colcon.colcon_core.shell:create_environment_hook('urdf_config', 'cmake_prefix_path')
[0.612s] INFO:colcon.colcon_core.shell:Creating environment hook '/home/wyq/docker/moveit2/ros_ws/install/urdf_config/share/urdf_config/hook/cmake_prefix_path.ps1'
[0.613s] INFO:colcon.colcon_core.shell:Creating environment descriptor '/home/wyq/docker/moveit2/ros_ws/install/urdf_config/share/urdf_config/hook/cmake_prefix_path.dsv'
[0.613s] INFO:colcon.colcon_core.shell:Creating environment hook '/home/wyq/docker/moveit2/ros_ws/install/urdf_config/share/urdf_config/hook/cmake_prefix_path.sh'
[0.614s] Level 1:colcon.colcon_core.environment:checking '/home/wyq/docker/moveit2/ros_ws/install/urdf_config/bin'
[0.614s] Level 1:colcon.colcon_core.environment:checking '/home/wyq/docker/moveit2/ros_ws/install/urdf_config/lib/pkgconfig/urdf_config.pc'
[0.614s] Level 1:colcon.colcon_core.environment:checking '/home/wyq/docker/moveit2/ros_ws/install/urdf_config/lib/python3.10/site-packages'
[0.614s] Level 1:colcon.colcon_core.environment:checking '/home/wyq/docker/moveit2/ros_ws/install/urdf_config/bin'
[0.614s] INFO:colcon.colcon_core.shell:Creating package script '/home/wyq/docker/moveit2/ros_ws/install/urdf_config/share/urdf_config/package.ps1'
[0.615s] INFO:colcon.colcon_core.shell:Creating package descriptor '/home/wyq/docker/moveit2/ros_ws/install/urdf_config/share/urdf_config/package.dsv'
[0.615s] INFO:colcon.colcon_core.shell:Creating package script '/home/wyq/docker/moveit2/ros_ws/install/urdf_config/share/urdf_config/package.sh'
[0.615s] INFO:colcon.colcon_core.shell:Creating package script '/home/wyq/docker/moveit2/ros_ws/install/urdf_config/share/urdf_config/package.bash'
[0.616s] INFO:colcon.colcon_core.shell:Creating package script '/home/wyq/docker/moveit2/ros_ws/install/urdf_config/share/urdf_config/package.zsh'
[0.616s] Level 1:colcon.colcon_core.environment:create_file_with_runtime_dependencies(/home/wyq/docker/moveit2/ros_ws/install/urdf_config/share/colcon-core/packages/urdf_config)
[0.689s] DEBUG:colcon.colcon_parallel_executor.executor.parallel:closing loop
[0.689s] DEBUG:colcon.colcon_parallel_executor.executor.parallel:loop closed
[0.689s] DEBUG:colcon.colcon_parallel_executor.executor.parallel:run_until_complete finished with '1'
[0.689s] DEBUG:colcon.colcon_core.event_reactor:joining thread
[0.694s] INFO:colcon.colcon_core.plugin_system:Skipping extension 'colcon_notification.desktop_notification.terminal_notifier': Not used on non-Darwin systems
[0.694s] INFO:colcon.colcon_core.plugin_system:Skipping extension 'colcon_notification.desktop_notification.win32': Not used on non-Windows systems
[0.694s] INFO:colcon.colcon_notification.desktop_notification:Sending desktop notification using 'notify2'
[0.702s] DEBUG:colcon.colcon_core.event_reactor:joined thread
[0.703s] INFO:colcon.colcon_core.shell:Creating prefix script '/home/wyq/docker/moveit2/ros_ws/install/local_setup.ps1'
[0.704s] INFO:colcon.colcon_core.shell:Creating prefix util module '/home/wyq/docker/moveit2/ros_ws/install/_local_setup_util_ps1.py'
[0.704s] INFO:colcon.colcon_core.shell:Creating prefix chain script '/home/wyq/docker/moveit2/ros_ws/install/setup.ps1'
[0.705s] INFO:colcon.colcon_core.shell:Creating prefix script '/home/wyq/docker/moveit2/ros_ws/install/local_setup.sh'
[0.705s] INFO:colcon.colcon_core.shell:Creating prefix util module '/home/wyq/docker/moveit2/ros_ws/install/_local_setup_util_sh.py'
[0.706s] INFO:colcon.colcon_core.shell:Creating prefix chain script '/home/wyq/docker/moveit2/ros_ws/install/setup.sh'
[0.706s] INFO:colcon.colcon_core.shell:Creating prefix script '/home/wyq/docker/moveit2/ros_ws/install/local_setup.bash'
[0.707s] INFO:colcon.colcon_core.shell:Creating prefix chain script '/home/wyq/docker/moveit2/ros_ws/install/setup.bash'
[0.707s] INFO:colcon.colcon_core.shell:Creating prefix script '/home/wyq/docker/moveit2/ros_ws/install/local_setup.zsh'
[0.708s] INFO:colcon.colcon_core.shell:Creating prefix chain script '/home/wyq/docker/moveit2/ros_ws/install/setup.zsh'
