[0.179s] Invoking command in '/home/wyq/docker/moveit2/ros_ws/build/urdf_config': CMAKE_PREFIX_PATH=/opt/ros/humble /usr/bin/cmake --build /home/wyq/docker/moveit2/ros_ws/build/urdf_config -- -j4 -l4
[0.200s] -- Found ament_cmake: 1.3.11 (/opt/ros/humble/share/ament_cmake/cmake)
[0.321s] -- Configuring done
[0.336s] -- Generating done
[0.337s] -- Build files have been written to: /home/wyq/docker/moveit2/ros_ws/build/urdf_config
[0.356s] Invoked command in '/home/wyq/docker/moveit2/ros_ws/build/urdf_config' returned '0': CMAKE_PREFIX_PATH=/opt/ros/humble /usr/bin/cmake --build /home/wyq/docker/moveit2/ros_ws/build/urdf_config -- -j4 -l4
[0.358s] Invoking command in '/home/wyq/docker/moveit2/ros_ws/build/urdf_config': CMAKE_PREFIX_PATH=/opt/ros/humble /usr/bin/cmake --install /home/wyq/docker/moveit2/ros_ws/build/urdf_config
[0.363s] -- Install configuration: ""
[0.363s] -- Up-to-date: /home/wyq/docker/moveit2/ros_ws/install/urdf_config/share/ament_index/resource_index/package_run_dependencies/urdf_config
[0.364s] -- Up-to-date: /home/wyq/docker/moveit2/ros_ws/install/urdf_config/share/ament_index/resource_index/parent_prefix_path/urdf_config
[0.364s] -- Up-to-date: /home/wyq/docker/moveit2/ros_ws/install/urdf_config/share/urdf_config/environment/ament_prefix_path.sh
[0.364s] -- Installing: /home/wyq/docker/moveit2/ros_ws/install/urdf_config/share/urdf_config/environment/ament_prefix_path.dsv
[0.364s] -- Up-to-date: /home/wyq/docker/moveit2/ros_ws/install/urdf_config/share/urdf_config/environment/path.sh
[0.364s] -- Installing: /home/wyq/docker/moveit2/ros_ws/install/urdf_config/share/urdf_config/environment/path.dsv
[0.364s] -- Up-to-date: /home/wyq/docker/moveit2/ros_ws/install/urdf_config/share/urdf_config/local_setup.bash
[0.365s] -- Up-to-date: /home/wyq/docker/moveit2/ros_ws/install/urdf_config/share/urdf_config/local_setup.sh
[0.365s] -- Up-to-date: /home/wyq/docker/moveit2/ros_ws/install/urdf_config/share/urdf_config/local_setup.zsh
[0.365s] -- Installing: /home/wyq/docker/moveit2/ros_ws/install/urdf_config/share/urdf_config/local_setup.dsv
[0.365s] -- Installing: /home/wyq/docker/moveit2/ros_ws/install/urdf_config/share/urdf_config/package.dsv
[0.365s] -- Up-to-date: /home/wyq/docker/moveit2/ros_ws/install/urdf_config/share/ament_index/resource_index/packages/urdf_config
[0.365s] -- Up-to-date: /home/wyq/docker/moveit2/ros_ws/install/urdf_config/share/urdf_config/cmake/urdf_configConfig.cmake
[0.365s] -- Up-to-date: /home/wyq/docker/moveit2/ros_ws/install/urdf_config/share/urdf_config/cmake/urdf_configConfig-version.cmake
[0.365s] -- Up-to-date: /home/wyq/docker/moveit2/ros_ws/install/urdf_config/share/urdf_config/package.xml
[0.365s] -- Up-to-date: /home/wyq/docker/moveit2/ros_ws/install/urdf_config/share/urdf_config/launch
[0.365s] -- Up-to-date: /home/wyq/docker/moveit2/ros_ws/install/urdf_config/share/urdf_config/launch/move_group.launch.py
[0.365s] -- Up-to-date: /home/wyq/docker/moveit2/ros_ws/install/urdf_config/share/urdf_config/launch/rsp.launch.py
[0.365s] -- Up-to-date: /home/wyq/docker/moveit2/ros_ws/install/urdf_config/share/urdf_config/launch/moveit_rviz.launch.py
[0.365s] -- Up-to-date: /home/wyq/docker/moveit2/ros_ws/install/urdf_config/share/urdf_config/launch/warehouse_db.launch.py
[0.365s] -- Up-to-date: /home/wyq/docker/moveit2/ros_ws/install/urdf_config/share/urdf_config/launch/setup_assistant.launch.py
[0.365s] -- Up-to-date: /home/wyq/docker/moveit2/ros_ws/install/urdf_config/share/urdf_config/launch/demo.launch.py
[0.367s] -- Up-to-date: /home/wyq/docker/moveit2/ros_ws/install/urdf_config/share/urdf_config/launch/spawn_controllers.launch.py
[0.367s] -- Up-to-date: /home/wyq/docker/moveit2/ros_ws/install/urdf_config/share/urdf_config/launch/static_virtual_joint_tfs.launch.py
[0.368s] [31mCMake Error at cmake_install.cmake:109 (file):
[0.368s]   file INSTALL cannot find
[0.368s]   "/home/wyq/docker/moveit2/ros_ws/src/urdf_config/launch/demo_launch.py": No
[0.368s]   such file or directory.
[0.368s] 
[0.368s] [0m
[0.368s] Invoked command in '/home/wyq/docker/moveit2/ros_ws/build/urdf_config' returned '1': CMAKE_PREFIX_PATH=/opt/ros/humble /usr/bin/cmake --install /home/wyq/docker/moveit2/ros_ws/build/urdf_config
