[0.184s] Invoking command in '/home/wyq/docker/moveit2/ros_ws/build/qwer': CMAKE_PREFIX_PATH=/opt/ros/humble /usr/bin/cmake /home/wyq/docker/moveit2/ros_ws/src/assistant -DCMAKE_INSTALL_PREFIX=/home/wyq/docker/moveit2/ros_ws/install/qwer
[0.332s] -- The C compiler identification is GNU 11.4.0
[0.476s] -- The CXX compiler identification is GNU 11.4.0
[0.487s] -- Detecting C compiler ABI info
[0.572s] -- Detecting C compiler ABI info - done
[0.577s] -- Check for working C compiler: /usr/bin/cc - skipped
[0.584s] -- Detecting C compile features
[0.585s] -- Detecting C compile features - done
[0.589s] -- Detecting CXX compiler ABI info
[0.714s] -- Detecting CXX compiler ABI info - done
[0.720s] -- Check for working CXX compiler: /usr/bin/c++ - skipped
[0.720s] -- Detecting CXX compile features
[0.721s] -- Detecting CXX compile features - done
[0.733s] -- Found ament_cmake: 1.3.11 (/opt/ros/humble/share/ament_cmake/cmake)
[0.872s] -- Found Python3: /usr/bin/python3 (found version "3.10.12") found components: Interpreter 
[1.000s] -- Configuring done
[1.007s] -- Generating done
[1.010s] -- Build files have been written to: /home/wyq/docker/moveit2/ros_ws/build/qwer
[1.018s] Invoked command in '/home/wyq/docker/moveit2/ros_ws/build/qwer' returned '0': CMAKE_PREFIX_PATH=/opt/ros/humble /usr/bin/cmake /home/wyq/docker/moveit2/ros_ws/src/assistant -DCMAKE_INSTALL_PREFIX=/home/wyq/docker/moveit2/ros_ws/install/qwer
[1.020s] Invoking command in '/home/wyq/docker/moveit2/ros_ws/build/qwer': CMAKE_PREFIX_PATH=/opt/ros/humble /usr/bin/cmake --build /home/wyq/docker/moveit2/ros_ws/build/qwer -- -j4 -l4
[1.055s] Invoked command in '/home/wyq/docker/moveit2/ros_ws/build/qwer' returned '0': CMAKE_PREFIX_PATH=/opt/ros/humble /usr/bin/cmake --build /home/wyq/docker/moveit2/ros_ws/build/qwer -- -j4 -l4
[1.064s] Invoking command in '/home/wyq/docker/moveit2/ros_ws/build/qwer': CMAKE_PREFIX_PATH=/opt/ros/humble /usr/bin/cmake --install /home/wyq/docker/moveit2/ros_ws/build/qwer
[1.070s] -- Install configuration: ""
[1.070s] -- Installing: /home/wyq/docker/moveit2/ros_ws/install/qwer/share/ament_index/resource_index/package_run_dependencies/qwer
[1.070s] -- Installing: /home/wyq/docker/moveit2/ros_ws/install/qwer/share/ament_index/resource_index/parent_prefix_path/qwer
[1.071s] -- Installing: /home/wyq/docker/moveit2/ros_ws/install/qwer/share/qwer/environment/ament_prefix_path.sh
[1.071s] -- Installing: /home/wyq/docker/moveit2/ros_ws/install/qwer/share/qwer/environment/ament_prefix_path.dsv
[1.071s] -- Installing: /home/wyq/docker/moveit2/ros_ws/install/qwer/share/qwer/environment/path.sh
[1.071s] -- Installing: /home/wyq/docker/moveit2/ros_ws/install/qwer/share/qwer/environment/path.dsv
[1.071s] -- Installing: /home/wyq/docker/moveit2/ros_ws/install/qwer/share/qwer/local_setup.bash
[1.071s] -- Installing: /home/wyq/docker/moveit2/ros_ws/install/qwer/share/qwer/local_setup.sh
[1.071s] -- Installing: /home/wyq/docker/moveit2/ros_ws/install/qwer/share/qwer/local_setup.zsh
[1.071s] -- Installing: /home/wyq/docker/moveit2/ros_ws/install/qwer/share/qwer/local_setup.dsv
[1.072s] -- Installing: /home/wyq/docker/moveit2/ros_ws/install/qwer/share/qwer/package.dsv
[1.072s] -- Installing: /home/wyq/docker/moveit2/ros_ws/install/qwer/share/ament_index/resource_index/packages/qwer
[1.072s] -- Installing: /home/wyq/docker/moveit2/ros_ws/install/qwer/share/qwer/cmake/qwerConfig.cmake
[1.072s] -- Installing: /home/wyq/docker/moveit2/ros_ws/install/qwer/share/qwer/cmake/qwerConfig-version.cmake
[1.072s] -- Installing: /home/wyq/docker/moveit2/ros_ws/install/qwer/share/qwer/package.xml
[1.073s] -- Installing: /home/wyq/docker/moveit2/ros_ws/install/qwer/share/qwer/launch
[1.073s] -- Installing: /home/wyq/docker/moveit2/ros_ws/install/qwer/share/qwer/launch/move_group.launch.py
[1.073s] -- Installing: /home/wyq/docker/moveit2/ros_ws/install/qwer/share/qwer/launch/rsp.launch.py
[1.073s] -- Installing: /home/wyq/docker/moveit2/ros_ws/install/qwer/share/qwer/launch/moveit_rviz.launch.py
[1.073s] -- Installing: /home/wyq/docker/moveit2/ros_ws/install/qwer/share/qwer/launch/warehouse_db.launch.py
[1.073s] -- Installing: /home/wyq/docker/moveit2/ros_ws/install/qwer/share/qwer/launch/setup_assistant.launch.py
[1.073s] -- Installing: /home/wyq/docker/moveit2/ros_ws/install/qwer/share/qwer/launch/demo.launch.py
[1.073s] -- Installing: /home/wyq/docker/moveit2/ros_ws/install/qwer/share/qwer/launch/spawn_controllers.launch.py
[1.074s] -- Installing: /home/wyq/docker/moveit2/ros_ws/install/qwer/share/qwer/launch/static_virtual_joint_tfs.launch.py
[1.074s] -- Installing: /home/wyq/docker/moveit2/ros_ws/install/qwer/share/qwer/config
[1.074s] -- Installing: /home/wyq/docker/moveit2/ros_ws/install/qwer/share/qwer/config/initial_positions.yaml
[1.074s] -- Installing: /home/wyq/docker/moveit2/ros_ws/install/qwer/share/qwer/config/kinematics.yaml
[1.075s] -- Installing: /home/wyq/docker/moveit2/ros_ws/install/qwer/share/qwer/config/ros2_controllers.yaml
[1.075s] -- Installing: /home/wyq/docker/moveit2/ros_ws/install/qwer/share/qwer/config/moveit.rviz
[1.076s] -- Installing: /home/wyq/docker/moveit2/ros_ws/install/qwer/share/qwer/config/panda.ros2_control.xacro
[1.077s] -- Installing: /home/wyq/docker/moveit2/ros_ws/install/qwer/share/qwer/config/joint_limits.yaml
[1.077s] -- Installing: /home/wyq/docker/moveit2/ros_ws/install/qwer/share/qwer/config/panda.urdf.xacro
[1.078s] -- Installing: /home/wyq/docker/moveit2/ros_ws/install/qwer/share/qwer/config/moveit_controllers.yaml
[1.078s] -- Installing: /home/wyq/docker/moveit2/ros_ws/install/qwer/share/qwer/config/panda.srdf
[1.079s] -- Installing: /home/wyq/docker/moveit2/ros_ws/install/qwer/share/qwer/config/pilz_cartesian_limits.yaml
[1.079s] -- Installing: /home/wyq/docker/moveit2/ros_ws/install/qwer/share/qwer/.setup_assistant
[1.081s] Invoked command in '/home/wyq/docker/moveit2/ros_ws/build/qwer' returned '0': CMAKE_PREFIX_PATH=/opt/ros/humble /usr/bin/cmake --install /home/wyq/docker/moveit2/ros_ws/build/qwer
