[0.061s] DEBUG:colcon:Command line arguments: ['/usr/bin/colcon', 'build']
[0.061s] DEBUG:colcon:Parsed command line arguments: Namespace(log_base=None, log_level=None, verb_name='build', build_base='build', install_base='install', merge_install=False, symlink_install=False, test_result_base=None, continue_on_error=False, executor='parallel', parallel_workers=4, event_handlers=None, ignore_user_meta=False, metas=['./colcon.meta'], base_paths=['.'], packages_ignore=None, packages_ignore_regex=None, paths=None, packages_up_to=None, packages_up_to_regex=None, packages_above=None, packages_above_and_dependencies=None, packages_above_depth=None, packages_select_by_dep=None, packages_skip_by_dep=None, packages_skip_up_to=None, packages_select_build_failed=False, packages_skip_build_finished=False, packages_select_test_failures=False, packages_skip_test_passed=False, packages_select=None, packages_skip=None, packages_select_regex=None, packages_skip_regex=None, packages_start=None, packages_end=None, cmake_args=None, cmake_target=None, cmake_target_skip_unavailable=False, cmake_clean_cache=False, cmake_clean_first=False, cmake_force_configure=False, ament_cmake_args=None, catkin_cmake_args=None, catkin_skip_building_tests=False, mixin_files=None, mixin=None, verb_parser=<colcon_mixin.mixin.mixin_argument.MixinArgumentDecorator object at 0x7c39242dfac0>, verb_extension=<colcon_core.verb.build.BuildVerb object at 0x7c39242df550>, main=<bound method BuildVerb.main of <colcon_core.verb.build.BuildVerb object at 0x7c39242df550>>, mixin_verb=('build',))
[0.112s] Level 1:colcon.colcon_core.package_discovery:discover_packages(colcon_meta) check parameters
[0.112s] INFO:colcon.colcon_metadata.package_discovery.colcon_meta:Using configuration from '/root/.colcon/metadata/default/Gazebo.meta'
[0.112s] INFO:colcon.colcon_metadata.package_discovery.colcon_meta:Using configuration from '/root/.colcon/metadata/default/fastrtps.meta'
[0.112s] Level 1:colcon.colcon_core.package_discovery:discover_packages(recursive) check parameters
[0.112s] Level 1:colcon.colcon_core.package_discovery:discover_packages(ignore) check parameters
[0.112s] Level 1:colcon.colcon_core.package_discovery:discover_packages(path) check parameters
[0.112s] Level 1:colcon.colcon_core.package_discovery:discover_packages(colcon_meta) discover
[0.112s] Level 1:colcon.colcon_core.package_discovery:discover_packages(recursive) discover
[0.112s] INFO:colcon.colcon_core.package_discovery:Crawling recursively for packages in '/ros_ws'
[0.112s] Level 1:colcon.colcon_core.package_identification:_identify(.) by extensions ['ignore', 'ignore_ament_install']
[0.112s] Level 1:colcon.colcon_core.package_identification:_identify(.) by extension 'ignore'
[0.112s] Level 1:colcon.colcon_core.package_identification:_identify(.) by extension 'ignore_ament_install'
[0.112s] Level 1:colcon.colcon_core.package_identification:_identify(.) by extensions ['colcon_pkg']
[0.112s] Level 1:colcon.colcon_core.package_identification:_identify(.) by extension 'colcon_pkg'
[0.112s] Level 1:colcon.colcon_core.package_identification:_identify(.) by extensions ['colcon_meta']
[0.112s] Level 1:colcon.colcon_core.package_identification:_identify(.) by extension 'colcon_meta'
[0.113s] Level 1:colcon.colcon_core.package_identification:_identify(.) by extensions ['ros']
[0.113s] Level 1:colcon.colcon_core.package_identification:_identify(.) by extension 'ros'
[0.119s] Level 1:colcon.colcon_core.package_identification:_identify(.) by extensions ['cmake', 'python']
[0.119s] Level 1:colcon.colcon_core.package_identification:_identify(.) by extension 'cmake'
[0.119s] Level 1:colcon.colcon_core.package_identification:_identify(.) by extension 'python'
[0.119s] Level 1:colcon.colcon_core.package_identification:_identify(.) by extensions ['python_setup_py']
[0.119s] Level 1:colcon.colcon_core.package_identification:_identify(.) by extension 'python_setup_py'
[0.120s] Level 1:colcon.colcon_core.package_identification:_identify(build) by extensions ['ignore', 'ignore_ament_install']
[0.120s] Level 1:colcon.colcon_core.package_identification:_identify(build) by extension 'ignore'
[0.120s] Level 1:colcon.colcon_core.package_identification:_identify(build) ignored
[0.120s] Level 1:colcon.colcon_core.package_identification:_identify(install) by extensions ['ignore', 'ignore_ament_install']
[0.120s] Level 1:colcon.colcon_core.package_identification:_identify(install) by extension 'ignore'
[0.120s] Level 1:colcon.colcon_core.package_identification:_identify(install) ignored
[0.120s] Level 1:colcon.colcon_core.package_identification:_identify(log) by extensions ['ignore', 'ignore_ament_install']
[0.120s] Level 1:colcon.colcon_core.package_identification:_identify(log) by extension 'ignore'
[0.120s] Level 1:colcon.colcon_core.package_identification:_identify(log) ignored
[0.120s] Level 1:colcon.colcon_core.package_identification:_identify(src) by extensions ['ignore', 'ignore_ament_install']
[0.120s] Level 1:colcon.colcon_core.package_identification:_identify(src) by extension 'ignore'
[0.120s] Level 1:colcon.colcon_core.package_identification:_identify(src) by extension 'ignore_ament_install'
[0.120s] Level 1:colcon.colcon_core.package_identification:_identify(src) by extensions ['colcon_pkg']
[0.120s] Level 1:colcon.colcon_core.package_identification:_identify(src) by extension 'colcon_pkg'
[0.120s] Level 1:colcon.colcon_core.package_identification:_identify(src) by extensions ['colcon_meta']
[0.120s] Level 1:colcon.colcon_core.package_identification:_identify(src) by extension 'colcon_meta'
[0.120s] Level 1:colcon.colcon_core.package_identification:_identify(src) by extensions ['ros']
[0.120s] Level 1:colcon.colcon_core.package_identification:_identify(src) by extension 'ros'
[0.120s] Level 1:colcon.colcon_core.package_identification:_identify(src) by extensions ['cmake', 'python']
[0.120s] Level 1:colcon.colcon_core.package_identification:_identify(src) by extension 'cmake'
[0.120s] Level 1:colcon.colcon_core.package_identification:_identify(src) by extension 'python'
[0.120s] Level 1:colcon.colcon_core.package_identification:_identify(src) by extensions ['python_setup_py']
[0.120s] Level 1:colcon.colcon_core.package_identification:_identify(src) by extension 'python_setup_py'
[0.120s] Level 1:colcon.colcon_core.package_identification:_identify(src/my_moveit2) by extensions ['ignore', 'ignore_ament_install']
[0.120s] Level 1:colcon.colcon_core.package_identification:_identify(src/my_moveit2) by extension 'ignore'
[0.120s] Level 1:colcon.colcon_core.package_identification:_identify(src/my_moveit2) by extension 'ignore_ament_install'
[0.120s] Level 1:colcon.colcon_core.package_identification:_identify(src/my_moveit2) by extensions ['colcon_pkg']
[0.120s] Level 1:colcon.colcon_core.package_identification:_identify(src/my_moveit2) by extension 'colcon_pkg'
[0.120s] Level 1:colcon.colcon_core.package_identification:_identify(src/my_moveit2) by extensions ['colcon_meta']
[0.120s] Level 1:colcon.colcon_core.package_identification:_identify(src/my_moveit2) by extension 'colcon_meta'
[0.120s] Level 1:colcon.colcon_core.package_identification:_identify(src/my_moveit2) by extensions ['ros']
[0.120s] Level 1:colcon.colcon_core.package_identification:_identify(src/my_moveit2) by extension 'ros'
[0.122s] DEBUG:colcon.colcon_core.package_identification:Package 'src/my_moveit2' with type 'ros.ament_python' and name 'my_moveit2'
[0.122s] Level 1:colcon.colcon_core.package_identification:_identify(src/urdf_config) by extensions ['ignore', 'ignore_ament_install']
[0.122s] Level 1:colcon.colcon_core.package_identification:_identify(src/urdf_config) by extension 'ignore'
[0.122s] Level 1:colcon.colcon_core.package_identification:_identify(src/urdf_config) by extension 'ignore_ament_install'
[0.122s] Level 1:colcon.colcon_core.package_identification:_identify(src/urdf_config) by extensions ['colcon_pkg']
[0.122s] Level 1:colcon.colcon_core.package_identification:_identify(src/urdf_config) by extension 'colcon_pkg'
[0.122s] Level 1:colcon.colcon_core.package_identification:_identify(src/urdf_config) by extensions ['colcon_meta']
[0.122s] Level 1:colcon.colcon_core.package_identification:_identify(src/urdf_config) by extension 'colcon_meta'
[0.122s] Level 1:colcon.colcon_core.package_identification:_identify(src/urdf_config) by extensions ['ros']
[0.122s] Level 1:colcon.colcon_core.package_identification:_identify(src/urdf_config) by extension 'ros'
[0.122s] DEBUG:colcon.colcon_core.package_identification:Package 'src/urdf_config' with type 'ros.ament_cmake' and name 'urdf_config'
[0.122s] Level 1:colcon.colcon_core.package_discovery:discover_packages(recursive) using defaults
[0.123s] Level 1:colcon.colcon_core.package_discovery:discover_packages(ignore) discover
[0.123s] Level 1:colcon.colcon_core.package_discovery:discover_packages(ignore) using defaults
[0.123s] Level 1:colcon.colcon_core.package_discovery:discover_packages(path) discover
[0.123s] Level 1:colcon.colcon_core.package_discovery:discover_packages(path) using defaults
[0.134s] Level 5:colcon.colcon_core.verb:set package 'my_moveit2' build argument 'cmake_args' from command line to 'None'
[0.134s] Level 5:colcon.colcon_core.verb:set package 'my_moveit2' build argument 'cmake_target' from command line to 'None'
[0.134s] Level 5:colcon.colcon_core.verb:set package 'my_moveit2' build argument 'cmake_target_skip_unavailable' from command line to 'False'
[0.134s] Level 5:colcon.colcon_core.verb:set package 'my_moveit2' build argument 'cmake_clean_cache' from command line to 'False'
[0.134s] Level 5:colcon.colcon_core.verb:set package 'my_moveit2' build argument 'cmake_clean_first' from command line to 'False'
[0.134s] Level 5:colcon.colcon_core.verb:set package 'my_moveit2' build argument 'cmake_force_configure' from command line to 'False'
[0.134s] Level 5:colcon.colcon_core.verb:set package 'my_moveit2' build argument 'ament_cmake_args' from command line to 'None'
[0.134s] Level 5:colcon.colcon_core.verb:set package 'my_moveit2' build argument 'catkin_cmake_args' from command line to 'None'
[0.134s] Level 5:colcon.colcon_core.verb:set package 'my_moveit2' build argument 'catkin_skip_building_tests' from command line to 'False'
[0.134s] DEBUG:colcon.colcon_core.verb:Building package 'my_moveit2' with the following arguments: {'ament_cmake_args': None, 'build_base': '/ros_ws/build/my_moveit2', 'catkin_cmake_args': None, 'catkin_skip_building_tests': False, 'cmake_args': None, 'cmake_clean_cache': False, 'cmake_clean_first': False, 'cmake_force_configure': False, 'cmake_target': None, 'cmake_target_skip_unavailable': False, 'install_base': '/ros_ws/install/my_moveit2', 'merge_install': False, 'path': '/ros_ws/src/my_moveit2', 'symlink_install': False, 'test_result_base': None}
[0.134s] Level 5:colcon.colcon_core.verb:set package 'urdf_config' build argument 'cmake_args' from command line to 'None'
[0.134s] Level 5:colcon.colcon_core.verb:set package 'urdf_config' build argument 'cmake_target' from command line to 'None'
[0.134s] Level 5:colcon.colcon_core.verb:set package 'urdf_config' build argument 'cmake_target_skip_unavailable' from command line to 'False'
[0.134s] Level 5:colcon.colcon_core.verb:set package 'urdf_config' build argument 'cmake_clean_cache' from command line to 'False'
[0.134s] Level 5:colcon.colcon_core.verb:set package 'urdf_config' build argument 'cmake_clean_first' from command line to 'False'
[0.134s] Level 5:colcon.colcon_core.verb:set package 'urdf_config' build argument 'cmake_force_configure' from command line to 'False'
[0.134s] Level 5:colcon.colcon_core.verb:set package 'urdf_config' build argument 'ament_cmake_args' from command line to 'None'
[0.134s] Level 5:colcon.colcon_core.verb:set package 'urdf_config' build argument 'catkin_cmake_args' from command line to 'None'
[0.134s] Level 5:colcon.colcon_core.verb:set package 'urdf_config' build argument 'catkin_skip_building_tests' from command line to 'False'
[0.134s] DEBUG:colcon.colcon_core.verb:Building package 'urdf_config' with the following arguments: {'ament_cmake_args': None, 'build_base': '/ros_ws/build/urdf_config', 'catkin_cmake_args': None, 'catkin_skip_building_tests': False, 'cmake_args': None, 'cmake_clean_cache': False, 'cmake_clean_first': False, 'cmake_force_configure': False, 'cmake_target': None, 'cmake_target_skip_unavailable': False, 'install_base': '/ros_ws/install/urdf_config', 'merge_install': False, 'path': '/ros_ws/src/urdf_config', 'symlink_install': False, 'test_result_base': None}
[0.134s] INFO:colcon.colcon_core.executor:Executing jobs using 'parallel' executor
[0.135s] DEBUG:colcon.colcon_parallel_executor.executor.parallel:run_until_complete
[0.136s] INFO:colcon.colcon_ros.task.ament_python.build:Building ROS package in '/ros_ws/src/my_moveit2' with build type 'ament_python'
[0.136s] Level 1:colcon.colcon_core.shell:create_environment_hook('my_moveit2', 'ament_prefix_path')
[0.137s] INFO:colcon.colcon_core.plugin_system:Skipping extension 'colcon_core.shell.bat': Not used on non-Windows systems
[0.137s] INFO:colcon.colcon_core.shell:Creating environment hook '/ros_ws/install/my_moveit2/share/my_moveit2/hook/ament_prefix_path.ps1'
[0.138s] INFO:colcon.colcon_core.shell:Creating environment descriptor '/ros_ws/install/my_moveit2/share/my_moveit2/hook/ament_prefix_path.dsv'
[0.138s] INFO:colcon.colcon_core.shell:Creating environment hook '/ros_ws/install/my_moveit2/share/my_moveit2/hook/ament_prefix_path.sh'
[0.138s] INFO:colcon.colcon_core.shell:Skip shell extension 'powershell' for command environment: Not usable outside of PowerShell
[0.139s] DEBUG:colcon.colcon_core.shell:Skip shell extension 'dsv' for command environment
[0.160s] INFO:colcon.colcon_ros.task.ament_cmake.build:Building ROS package in '/ros_ws/src/urdf_config' with build type 'ament_cmake'
[0.161s] INFO:colcon.colcon_cmake.task.cmake.build:Building CMake package in '/ros_ws/src/urdf_config'
[0.161s] INFO:colcon.colcon_core.shell:Skip shell extension 'powershell' for command environment: Not usable outside of PowerShell
[0.161s] DEBUG:colcon.colcon_core.shell:Skip shell extension 'dsv' for command environment
[0.266s] INFO:colcon.colcon_core.task.python.build:Building Python package in '/ros_ws/src/my_moveit2'
[0.267s] INFO:colcon.colcon_core.shell:Skip shell extension 'powershell' for command environment: Not usable outside of PowerShell
[0.267s] DEBUG:colcon.colcon_core.shell:Skip shell extension 'dsv' for command environment
[0.271s] DEBUG:colcon.colcon_core.event_handler.log_command:Invoking command in '/ros_ws/build/urdf_config': CMAKE_PREFIX_PATH=${CMAKE_PREFIX_PATH}:/ros_ws/install/my_moveit2 /usr/bin/cmake --build /ros_ws/build/urdf_config -- -j4 -l4
[0.299s] DEBUG:colcon.colcon_core.event_handler.log_command:Invoked command in '/ros_ws/build/urdf_config' returned '0': CMAKE_PREFIX_PATH=${CMAKE_PREFIX_PATH}:/ros_ws/install/my_moveit2 /usr/bin/cmake --build /ros_ws/build/urdf_config -- -j4 -l4
[0.324s] DEBUG:colcon.colcon_core.event_handler.log_command:Invoking command in '/ros_ws/build/urdf_config': CMAKE_PREFIX_PATH=${CMAKE_PREFIX_PATH}:/ros_ws/install/my_moveit2 /usr/bin/cmake --install /ros_ws/build/urdf_config
[0.338s] Level 1:colcon.colcon_core.environment:create_environment_scripts_only(urdf_config)
[0.339s] DEBUG:colcon.colcon_core.event_handler.log_command:Invoked command in '/ros_ws/build/urdf_config' returned '0': CMAKE_PREFIX_PATH=${CMAKE_PREFIX_PATH}:/ros_ws/install/my_moveit2 /usr/bin/cmake --install /ros_ws/build/urdf_config
[0.340s] Level 1:colcon.colcon_core.environment:checking '/ros_ws/install/urdf_config' for CMake module files
[0.340s] Level 1:colcon.colcon_core.environment:checking '/ros_ws/install/urdf_config' for CMake config files
[0.341s] Level 1:colcon.colcon_core.shell:create_environment_hook('urdf_config', 'cmake_prefix_path')
[0.341s] INFO:colcon.colcon_core.shell:Creating environment hook '/ros_ws/install/urdf_config/share/urdf_config/hook/cmake_prefix_path.ps1'
[0.341s] INFO:colcon.colcon_core.shell:Creating environment descriptor '/ros_ws/install/urdf_config/share/urdf_config/hook/cmake_prefix_path.dsv'
[0.341s] INFO:colcon.colcon_core.shell:Creating environment hook '/ros_ws/install/urdf_config/share/urdf_config/hook/cmake_prefix_path.sh'
[0.342s] Level 1:colcon.colcon_core.environment:checking '/ros_ws/install/urdf_config/bin'
[0.342s] Level 1:colcon.colcon_core.environment:checking '/ros_ws/install/urdf_config/lib/pkgconfig/urdf_config.pc'
[0.342s] Level 1:colcon.colcon_core.environment:checking '/ros_ws/install/urdf_config/lib/python3.10/site-packages'
[0.342s] Level 1:colcon.colcon_core.environment:checking '/ros_ws/install/urdf_config/bin'
[0.342s] INFO:colcon.colcon_core.shell:Creating package script '/ros_ws/install/urdf_config/share/urdf_config/package.ps1'
[0.343s] INFO:colcon.colcon_core.shell:Creating package descriptor '/ros_ws/install/urdf_config/share/urdf_config/package.dsv'
[0.343s] INFO:colcon.colcon_core.shell:Creating package script '/ros_ws/install/urdf_config/share/urdf_config/package.sh'
[0.344s] INFO:colcon.colcon_core.shell:Creating package script '/ros_ws/install/urdf_config/share/urdf_config/package.bash'
[0.344s] INFO:colcon.colcon_core.shell:Creating package script '/ros_ws/install/urdf_config/share/urdf_config/package.zsh'
[0.345s] Level 1:colcon.colcon_core.environment:create_file_with_runtime_dependencies(/ros_ws/install/urdf_config/share/colcon-core/packages/urdf_config)
[0.365s] Level 1:colcon.colcon_core.environment:create_environment_scripts_only(urdf_config)
[0.366s] Level 1:colcon.colcon_core.environment:checking '/ros_ws/install/urdf_config' for CMake module files
[0.366s] Level 1:colcon.colcon_core.environment:checking '/ros_ws/install/urdf_config' for CMake config files
[0.366s] Level 1:colcon.colcon_core.shell:create_environment_hook('urdf_config', 'cmake_prefix_path')
[0.366s] INFO:colcon.colcon_core.shell:Creating environment hook '/ros_ws/install/urdf_config/share/urdf_config/hook/cmake_prefix_path.ps1'
[0.367s] INFO:colcon.colcon_core.shell:Creating environment descriptor '/ros_ws/install/urdf_config/share/urdf_config/hook/cmake_prefix_path.dsv'
[0.367s] INFO:colcon.colcon_core.shell:Creating environment hook '/ros_ws/install/urdf_config/share/urdf_config/hook/cmake_prefix_path.sh'
[0.368s] Level 1:colcon.colcon_core.environment:checking '/ros_ws/install/urdf_config/bin'
[0.368s] Level 1:colcon.colcon_core.environment:checking '/ros_ws/install/urdf_config/lib/pkgconfig/urdf_config.pc'
[0.368s] Level 1:colcon.colcon_core.environment:checking '/ros_ws/install/urdf_config/lib/python3.10/site-packages'
[0.368s] Level 1:colcon.colcon_core.environment:checking '/ros_ws/install/urdf_config/bin'
[0.368s] INFO:colcon.colcon_core.shell:Creating package script '/ros_ws/install/urdf_config/share/urdf_config/package.ps1'
[0.368s] INFO:colcon.colcon_core.shell:Creating package descriptor '/ros_ws/install/urdf_config/share/urdf_config/package.dsv'
[0.369s] INFO:colcon.colcon_core.shell:Creating package script '/ros_ws/install/urdf_config/share/urdf_config/package.sh'
[0.369s] INFO:colcon.colcon_core.shell:Creating package script '/ros_ws/install/urdf_config/share/urdf_config/package.bash'
[0.369s] INFO:colcon.colcon_core.shell:Creating package script '/ros_ws/install/urdf_config/share/urdf_config/package.zsh'
[0.370s] Level 1:colcon.colcon_core.environment:create_file_with_runtime_dependencies(/ros_ws/install/urdf_config/share/colcon-core/packages/urdf_config)
[0.439s] DEBUG:colcon.colcon_core.event_handler.log_command:Invoking command in '/ros_ws/src/my_moveit2': PYTHONPATH=/ros_ws/build/my_moveit2/prefix_override:/usr/lib/python3/dist-packages/colcon_core/task/python/colcon_distutils_commands:/ros_ws/install/my_moveit2/lib/python3.10/site-packages:${PYTHONPATH} /usr/bin/python3 -W ignore:setup.py install is deprecated setup.py egg_info --egg-base ../../build/my_moveit2 build --build-base /ros_ws/build/my_moveit2/build install --record /ros_ws/build/my_moveit2/install.log --single-version-externally-managed install_data
[0.556s] Level 1:colcon.colcon_core.environment:checking '/ros_ws/install/my_moveit2' for CMake module files
[0.557s] Level 1:colcon.colcon_core.environment:checking '/ros_ws/install/my_moveit2' for CMake config files
[0.557s] DEBUG:colcon.colcon_core.event_handler.log_command:Invoked command in '/ros_ws/src/my_moveit2' returned '0': PYTHONPATH=/ros_ws/build/my_moveit2/prefix_override:/usr/lib/python3/dist-packages/colcon_core/task/python/colcon_distutils_commands:/ros_ws/install/my_moveit2/lib/python3.10/site-packages:${PYTHONPATH} /usr/bin/python3 -W ignore:setup.py install is deprecated setup.py egg_info --egg-base ../../build/my_moveit2 build --build-base /ros_ws/build/my_moveit2/build install --record /ros_ws/build/my_moveit2/install.log --single-version-externally-managed install_data
[0.557s] Level 1:colcon.colcon_core.environment:checking '/ros_ws/install/my_moveit2/lib'
[0.558s] Level 1:colcon.colcon_core.environment:checking '/ros_ws/install/my_moveit2/bin'
[0.558s] Level 1:colcon.colcon_core.environment:checking '/ros_ws/install/my_moveit2/lib/pkgconfig/my_moveit2.pc'
[0.558s] Level 1:colcon.colcon_core.environment:checking '/ros_ws/install/my_moveit2/lib/python3.10/site-packages'
[0.558s] Level 1:colcon.colcon_core.shell:create_environment_hook('my_moveit2', 'pythonpath')
[0.558s] INFO:colcon.colcon_core.shell:Creating environment hook '/ros_ws/install/my_moveit2/share/my_moveit2/hook/pythonpath.ps1'
[0.558s] INFO:colcon.colcon_core.shell:Creating environment descriptor '/ros_ws/install/my_moveit2/share/my_moveit2/hook/pythonpath.dsv'
[0.559s] INFO:colcon.colcon_core.shell:Creating environment hook '/ros_ws/install/my_moveit2/share/my_moveit2/hook/pythonpath.sh'
[0.559s] Level 1:colcon.colcon_core.environment:checking '/ros_ws/install/my_moveit2/bin'
[0.559s] Level 1:colcon.colcon_core.environment:create_environment_scripts_only(my_moveit2)
[0.559s] INFO:colcon.colcon_core.shell:Creating package script '/ros_ws/install/my_moveit2/share/my_moveit2/package.ps1'
[0.560s] INFO:colcon.colcon_core.shell:Creating package descriptor '/ros_ws/install/my_moveit2/share/my_moveit2/package.dsv'
[0.560s] INFO:colcon.colcon_core.shell:Creating package script '/ros_ws/install/my_moveit2/share/my_moveit2/package.sh'
[0.560s] INFO:colcon.colcon_core.shell:Creating package script '/ros_ws/install/my_moveit2/share/my_moveit2/package.bash'
[0.560s] INFO:colcon.colcon_core.shell:Creating package script '/ros_ws/install/my_moveit2/share/my_moveit2/package.zsh'
[0.561s] Level 1:colcon.colcon_core.environment:create_file_with_runtime_dependencies(/ros_ws/install/my_moveit2/share/colcon-core/packages/my_moveit2)
[0.561s] DEBUG:colcon.colcon_parallel_executor.executor.parallel:closing loop
[0.562s] DEBUG:colcon.colcon_parallel_executor.executor.parallel:loop closed
[0.562s] DEBUG:colcon.colcon_parallel_executor.executor.parallel:run_until_complete finished with '0'
[0.562s] DEBUG:colcon.colcon_core.event_reactor:joining thread
[0.566s] INFO:colcon.colcon_core.plugin_system:Skipping extension 'colcon_notification.desktop_notification.notify_send': Could not find 'notify-send'
[0.566s] INFO:colcon.colcon_core.plugin_system:Skipping extension 'colcon_notification.desktop_notification.terminal_notifier': Not used on non-Darwin systems
[0.566s] INFO:colcon.colcon_core.plugin_system:Skipping extension 'colcon_notification.desktop_notification.win32': Not used on non-Windows systems
[0.566s] INFO:colcon.colcon_notification.desktop_notification:Sending desktop notification using 'notify2'
[0.569s] DEBUG:colcon.colcon_notification.desktop_notification.notify2:Failed to initialize notify2: org.freedesktop.DBus.Error.Spawn.ExecFailed: /usr/bin/dbus-launch terminated abnormally without any error message
[0.570s] DEBUG:colcon.colcon_core.event_reactor:joined thread
[0.570s] INFO:colcon.colcon_core.shell:Creating prefix script '/ros_ws/install/local_setup.ps1'
[0.571s] INFO:colcon.colcon_core.shell:Creating prefix util module '/ros_ws/install/_local_setup_util_ps1.py'
[0.572s] INFO:colcon.colcon_core.shell:Creating prefix chain script '/ros_ws/install/setup.ps1'
[0.572s] INFO:colcon.colcon_core.shell:Creating prefix script '/ros_ws/install/local_setup.sh'
[0.573s] INFO:colcon.colcon_core.shell:Creating prefix util module '/ros_ws/install/_local_setup_util_sh.py'
[0.573s] INFO:colcon.colcon_core.shell:Creating prefix chain script '/ros_ws/install/setup.sh'
[0.574s] INFO:colcon.colcon_core.shell:Creating prefix script '/ros_ws/install/local_setup.bash'
[0.574s] INFO:colcon.colcon_core.shell:Creating prefix chain script '/ros_ws/install/setup.bash'
[0.575s] INFO:colcon.colcon_core.shell:Creating prefix script '/ros_ws/install/local_setup.zsh'
[0.575s] INFO:colcon.colcon_core.shell:Creating prefix chain script '/ros_ws/install/setup.zsh'
