[0.071s] DEBUG:colcon:Command line arguments: ['/usr/bin/colcon', 'build']
[0.071s] DEBUG:colcon:Parsed command line arguments: Namespace(log_base=None, log_level=None, verb_name='build', build_base='build', install_base='install', merge_install=False, symlink_install=False, test_result_base=None, continue_on_error=False, executor='parallel', parallel_workers=4, event_handlers=None, ignore_user_meta=False, metas=['./colcon.meta'], base_paths=['.'], packages_ignore=None, packages_ignore_regex=None, paths=None, packages_up_to=None, packages_up_to_regex=None, packages_above=None, packages_above_and_dependencies=None, packages_above_depth=None, packages_select_by_dep=None, packages_skip_by_dep=None, packages_skip_up_to=None, packages_select_build_failed=False, packages_skip_build_finished=False, packages_select_test_failures=False, packages_skip_test_passed=False, packages_select=None, packages_skip=None, packages_select_regex=None, packages_skip_regex=None, packages_start=None, packages_end=None, allow_overriding=[], cmake_args=None, cmake_target=None, cmake_target_skip_unavailable=False, cmake_clean_cache=False, cmake_clean_first=False, cmake_force_configure=False, ament_cmake_args=None, catkin_cmake_args=None, catkin_skip_building_tests=False, verb_parser=<colcon_defaults.argument_parser.defaults.DefaultArgumentsDecorator object at 0x73c850100910>, verb_extension=<colcon_core.verb.build.BuildVerb object at 0x73c850100400>, main=<bound method BuildVerb.main of <colcon_core.verb.build.BuildVerb object at 0x73c850100400>>)
[0.202s] Level 1:colcon.colcon_core.package_discovery:discover_packages(colcon_meta) check parameters
[0.203s] Level 1:colcon.colcon_core.package_discovery:discover_packages(recursive) check parameters
[0.203s] Level 1:colcon.colcon_core.package_discovery:discover_packages(ignore) check parameters
[0.203s] Level 1:colcon.colcon_core.package_discovery:discover_packages(path) check parameters
[0.203s] Level 1:colcon.colcon_core.package_discovery:discover_packages(colcon_meta) discover
[0.203s] Level 1:colcon.colcon_core.package_discovery:discover_packages(recursive) discover
[0.203s] INFO:colcon.colcon_core.package_discovery:Crawling recursively for packages in '/home/wyq/docker/moveit2/ros_ws'
[0.203s] Level 1:colcon.colcon_core.package_identification:_identify(.) by extensions ['ignore', 'ignore_ament_install']
[0.203s] Level 1:colcon.colcon_core.package_identification:_identify(.) by extension 'ignore'
[0.203s] Level 1:colcon.colcon_core.package_identification:_identify(.) by extension 'ignore_ament_install'
[0.203s] Level 1:colcon.colcon_core.package_identification:_identify(.) by extensions ['colcon_pkg']
[0.203s] Level 1:colcon.colcon_core.package_identification:_identify(.) by extension 'colcon_pkg'
[0.203s] Level 1:colcon.colcon_core.package_identification:_identify(.) by extensions ['colcon_meta']
[0.203s] Level 1:colcon.colcon_core.package_identification:_identify(.) by extension 'colcon_meta'
[0.203s] Level 1:colcon.colcon_core.package_identification:_identify(.) by extensions ['ros']
[0.203s] Level 1:colcon.colcon_core.package_identification:_identify(.) by extension 'ros'
[0.222s] Level 1:colcon.colcon_core.package_identification:_identify(.) by extensions ['cmake', 'python']
[0.222s] Level 1:colcon.colcon_core.package_identification:_identify(.) by extension 'cmake'
[0.222s] Level 1:colcon.colcon_core.package_identification:_identify(.) by extension 'python'
[0.222s] Level 1:colcon.colcon_core.package_identification:_identify(.) by extensions ['python_setup_py']
[0.222s] Level 1:colcon.colcon_core.package_identification:_identify(.) by extension 'python_setup_py'
[0.222s] Level 1:colcon.colcon_core.package_identification:_identify(build) by extensions ['ignore', 'ignore_ament_install']
[0.222s] Level 1:colcon.colcon_core.package_identification:_identify(build) by extension 'ignore'
[0.222s] Level 1:colcon.colcon_core.package_identification:_identify(build) ignored
[0.222s] Level 1:colcon.colcon_core.package_identification:_identify(install) by extensions ['ignore', 'ignore_ament_install']
[0.222s] Level 1:colcon.colcon_core.package_identification:_identify(install) by extension 'ignore'
[0.223s] Level 1:colcon.colcon_core.package_identification:_identify(install) ignored
[0.223s] Level 1:colcon.colcon_core.package_identification:_identify(log) by extensions ['ignore', 'ignore_ament_install']
[0.223s] Level 1:colcon.colcon_core.package_identification:_identify(log) by extension 'ignore'
[0.223s] Level 1:colcon.colcon_core.package_identification:_identify(log) ignored
[0.223s] Level 1:colcon.colcon_core.package_identification:_identify(src) by extensions ['ignore', 'ignore_ament_install']
[0.223s] Level 1:colcon.colcon_core.package_identification:_identify(src) by extension 'ignore'
[0.223s] Level 1:colcon.colcon_core.package_identification:_identify(src) by extension 'ignore_ament_install'
[0.223s] Level 1:colcon.colcon_core.package_identification:_identify(src) by extensions ['colcon_pkg']
[0.223s] Level 1:colcon.colcon_core.package_identification:_identify(src) by extension 'colcon_pkg'
[0.223s] Level 1:colcon.colcon_core.package_identification:_identify(src) by extensions ['colcon_meta']
[0.223s] Level 1:colcon.colcon_core.package_identification:_identify(src) by extension 'colcon_meta'
[0.223s] Level 1:colcon.colcon_core.package_identification:_identify(src) by extensions ['ros']
[0.223s] Level 1:colcon.colcon_core.package_identification:_identify(src) by extension 'ros'
[0.223s] Level 1:colcon.colcon_core.package_identification:_identify(src) by extensions ['cmake', 'python']
[0.223s] Level 1:colcon.colcon_core.package_identification:_identify(src) by extension 'cmake'
[0.223s] Level 1:colcon.colcon_core.package_identification:_identify(src) by extension 'python'
[0.223s] Level 1:colcon.colcon_core.package_identification:_identify(src) by extensions ['python_setup_py']
[0.223s] Level 1:colcon.colcon_core.package_identification:_identify(src) by extension 'python_setup_py'
[0.223s] Level 1:colcon.colcon_core.package_identification:_identify(src/assistant) by extensions ['ignore', 'ignore_ament_install']
[0.223s] Level 1:colcon.colcon_core.package_identification:_identify(src/assistant) by extension 'ignore'
[0.223s] Level 1:colcon.colcon_core.package_identification:_identify(src/assistant) by extension 'ignore_ament_install'
[0.223s] Level 1:colcon.colcon_core.package_identification:_identify(src/assistant) by extensions ['colcon_pkg']
[0.223s] Level 1:colcon.colcon_core.package_identification:_identify(src/assistant) by extension 'colcon_pkg'
[0.223s] Level 1:colcon.colcon_core.package_identification:_identify(src/assistant) by extensions ['colcon_meta']
[0.223s] Level 1:colcon.colcon_core.package_identification:_identify(src/assistant) by extension 'colcon_meta'
[0.223s] Level 1:colcon.colcon_core.package_identification:_identify(src/assistant) by extensions ['ros']
[0.224s] Level 1:colcon.colcon_core.package_identification:_identify(src/assistant) by extension 'ros'
[0.227s] DEBUG:colcon.colcon_core.package_identification:Package 'src/assistant' with type 'ros.ament_cmake' and name 'assistant'
[0.227s] Level 1:colcon.colcon_core.package_identification:_identify(src/my_moveit2) by extensions ['ignore', 'ignore_ament_install']
[0.227s] Level 1:colcon.colcon_core.package_identification:_identify(src/my_moveit2) by extension 'ignore'
[0.227s] Level 1:colcon.colcon_core.package_identification:_identify(src/my_moveit2) by extension 'ignore_ament_install'
[0.227s] Level 1:colcon.colcon_core.package_identification:_identify(src/my_moveit2) by extensions ['colcon_pkg']
[0.227s] Level 1:colcon.colcon_core.package_identification:_identify(src/my_moveit2) by extension 'colcon_pkg'
[0.227s] Level 1:colcon.colcon_core.package_identification:_identify(src/my_moveit2) by extensions ['colcon_meta']
[0.227s] Level 1:colcon.colcon_core.package_identification:_identify(src/my_moveit2) by extension 'colcon_meta'
[0.227s] Level 1:colcon.colcon_core.package_identification:_identify(src/my_moveit2) by extensions ['ros']
[0.227s] Level 1:colcon.colcon_core.package_identification:_identify(src/my_moveit2) by extension 'ros'
[0.228s] DEBUG:colcon.colcon_core.package_identification:Package 'src/my_moveit2' with type 'ros.ament_python' and name 'my_moveit2'
[0.228s] Level 1:colcon.colcon_core.package_identification:_identify(src/urdf) by extensions ['ignore', 'ignore_ament_install']
[0.228s] Level 1:colcon.colcon_core.package_identification:_identify(src/urdf) by extension 'ignore'
[0.228s] Level 1:colcon.colcon_core.package_identification:_identify(src/urdf) by extension 'ignore_ament_install'
[0.228s] Level 1:colcon.colcon_core.package_identification:_identify(src/urdf) by extensions ['colcon_pkg']
[0.228s] Level 1:colcon.colcon_core.package_identification:_identify(src/urdf) by extension 'colcon_pkg'
[0.228s] Level 1:colcon.colcon_core.package_identification:_identify(src/urdf) by extensions ['colcon_meta']
[0.228s] Level 1:colcon.colcon_core.package_identification:_identify(src/urdf) by extension 'colcon_meta'
[0.228s] Level 1:colcon.colcon_core.package_identification:_identify(src/urdf) by extensions ['ros']
[0.228s] Level 1:colcon.colcon_core.package_identification:_identify(src/urdf) by extension 'ros'
[0.228s] Level 1:colcon.colcon_core.package_identification:_identify(src/urdf) by extensions ['cmake', 'python']
[0.228s] Level 1:colcon.colcon_core.package_identification:_identify(src/urdf) by extension 'cmake'
[0.229s] Level 1:colcon.colcon_core.package_identification:_identify(src/urdf) by extension 'python'
[0.229s] Level 1:colcon.colcon_core.package_identification:_identify(src/urdf) by extensions ['python_setup_py']
[0.229s] Level 1:colcon.colcon_core.package_identification:_identify(src/urdf) by extension 'python_setup_py'
[0.229s] Level 1:colcon.colcon_core.package_discovery:discover_packages(recursive) using defaults
[0.229s] Level 1:colcon.colcon_core.package_discovery:discover_packages(ignore) discover
[0.229s] Level 1:colcon.colcon_core.package_discovery:discover_packages(ignore) using defaults
[0.229s] Level 1:colcon.colcon_core.package_discovery:discover_packages(path) discover
[0.229s] Level 1:colcon.colcon_core.package_discovery:discover_packages(path) using defaults
[0.265s] Level 1:colcon.colcon_core.package_discovery:discover_packages(prefix_path) check parameters
[0.265s] Level 1:colcon.colcon_core.package_discovery:discover_packages(prefix_path) discover
[0.266s] WARNING:colcon.colcon_ros.prefix_path.ament:The path '/home/wyq/docker/moveit2/ros_ws/install/qwer' in the environment variable AMENT_PREFIX_PATH doesn't exist
[0.266s] WARNING:colcon.colcon_ros.prefix_path.catkin:The path '/home/wyq/docker/moveit2/ros_ws/install/qwer' in the environment variable CMAKE_PREFIX_PATH doesn't exist
[0.267s] DEBUG:colcon.colcon_installed_package_information.package_discovery:Found 2 installed packages in /home/wyq/docker/moveit2/ros_ws/install
[0.268s] DEBUG:colcon.colcon_installed_package_information.package_discovery:Found 381 installed packages in /opt/ros/humble
[0.271s] Level 1:colcon.colcon_core.package_discovery:discover_packages(prefix_path) using defaults
[0.331s] Level 5:colcon.colcon_core.verb:set package 'assistant' build argument 'cmake_args' from command line to 'None'
[0.332s] Level 5:colcon.colcon_core.verb:set package 'assistant' build argument 'cmake_target' from command line to 'None'
[0.332s] Level 5:colcon.colcon_core.verb:set package 'assistant' build argument 'cmake_target_skip_unavailable' from command line to 'False'
[0.332s] Level 5:colcon.colcon_core.verb:set package 'assistant' build argument 'cmake_clean_cache' from command line to 'False'
[0.332s] Level 5:colcon.colcon_core.verb:set package 'assistant' build argument 'cmake_clean_first' from command line to 'False'
[0.332s] Level 5:colcon.colcon_core.verb:set package 'assistant' build argument 'cmake_force_configure' from command line to 'False'
[0.332s] Level 5:colcon.colcon_core.verb:set package 'assistant' build argument 'ament_cmake_args' from command line to 'None'
[0.332s] Level 5:colcon.colcon_core.verb:set package 'assistant' build argument 'catkin_cmake_args' from command line to 'None'
[0.332s] Level 5:colcon.colcon_core.verb:set package 'assistant' build argument 'catkin_skip_building_tests' from command line to 'False'
[0.332s] DEBUG:colcon.colcon_core.verb:Building package 'assistant' with the following arguments: {'ament_cmake_args': None, 'build_base': '/home/wyq/docker/moveit2/ros_ws/build/assistant', 'catkin_cmake_args': None, 'catkin_skip_building_tests': False, 'cmake_args': None, 'cmake_clean_cache': False, 'cmake_clean_first': False, 'cmake_force_configure': False, 'cmake_target': None, 'cmake_target_skip_unavailable': False, 'install_base': '/home/wyq/docker/moveit2/ros_ws/install/assistant', 'merge_install': False, 'path': '/home/wyq/docker/moveit2/ros_ws/src/assistant', 'symlink_install': False, 'test_result_base': None}
[0.332s] Level 5:colcon.colcon_core.verb:set package 'my_moveit2' build argument 'cmake_args' from command line to 'None'
[0.332s] Level 5:colcon.colcon_core.verb:set package 'my_moveit2' build argument 'cmake_target' from command line to 'None'
[0.332s] Level 5:colcon.colcon_core.verb:set package 'my_moveit2' build argument 'cmake_target_skip_unavailable' from command line to 'False'
[0.332s] Level 5:colcon.colcon_core.verb:set package 'my_moveit2' build argument 'cmake_clean_cache' from command line to 'False'
[0.332s] Level 5:colcon.colcon_core.verb:set package 'my_moveit2' build argument 'cmake_clean_first' from command line to 'False'
[0.332s] Level 5:colcon.colcon_core.verb:set package 'my_moveit2' build argument 'cmake_force_configure' from command line to 'False'
[0.332s] Level 5:colcon.colcon_core.verb:set package 'my_moveit2' build argument 'ament_cmake_args' from command line to 'None'
[0.332s] Level 5:colcon.colcon_core.verb:set package 'my_moveit2' build argument 'catkin_cmake_args' from command line to 'None'
[0.332s] Level 5:colcon.colcon_core.verb:set package 'my_moveit2' build argument 'catkin_skip_building_tests' from command line to 'False'
[0.332s] DEBUG:colcon.colcon_core.verb:Building package 'my_moveit2' with the following arguments: {'ament_cmake_args': None, 'build_base': '/home/wyq/docker/moveit2/ros_ws/build/my_moveit2', 'catkin_cmake_args': None, 'catkin_skip_building_tests': False, 'cmake_args': None, 'cmake_clean_cache': False, 'cmake_clean_first': False, 'cmake_force_configure': False, 'cmake_target': None, 'cmake_target_skip_unavailable': False, 'install_base': '/home/wyq/docker/moveit2/ros_ws/install/my_moveit2', 'merge_install': False, 'path': '/home/wyq/docker/moveit2/ros_ws/src/my_moveit2', 'symlink_install': False, 'test_result_base': None}
[0.332s] INFO:colcon.colcon_core.executor:Executing jobs using 'parallel' executor
[0.333s] DEBUG:colcon.colcon_parallel_executor.executor.parallel:run_until_complete
[0.333s] INFO:colcon.colcon_ros.task.ament_cmake.build:Building ROS package in '/home/wyq/docker/moveit2/ros_ws/src/assistant' with build type 'ament_cmake'
[0.333s] INFO:colcon.colcon_cmake.task.cmake.build:Building CMake package in '/home/wyq/docker/moveit2/ros_ws/src/assistant'
[0.335s] INFO:colcon.colcon_core.plugin_system:Skipping extension 'colcon_core.shell.bat': Not used on non-Windows systems
[0.335s] INFO:colcon.colcon_core.shell:Skip shell extension 'powershell' for command environment: Not usable outside of PowerShell
[0.335s] DEBUG:colcon.colcon_core.shell:Skip shell extension 'dsv' for command environment
[0.339s] INFO:colcon.colcon_ros.task.ament_python.build:Building ROS package in '/home/wyq/docker/moveit2/ros_ws/src/my_moveit2' with build type 'ament_python'
[0.339s] Level 1:colcon.colcon_core.shell:create_environment_hook('my_moveit2', 'ament_prefix_path')
[0.340s] INFO:colcon.colcon_core.shell:Creating environment hook '/home/wyq/docker/moveit2/ros_ws/install/my_moveit2/share/my_moveit2/hook/ament_prefix_path.ps1'
[0.341s] INFO:colcon.colcon_core.shell:Creating environment descriptor '/home/wyq/docker/moveit2/ros_ws/install/my_moveit2/share/my_moveit2/hook/ament_prefix_path.dsv'
[0.341s] INFO:colcon.colcon_core.shell:Creating environment hook '/home/wyq/docker/moveit2/ros_ws/install/my_moveit2/share/my_moveit2/hook/ament_prefix_path.sh'
[0.342s] INFO:colcon.colcon_core.shell:Skip shell extension 'powershell' for command environment: Not usable outside of PowerShell
[0.342s] DEBUG:colcon.colcon_core.shell:Skip shell extension 'dsv' for command environment
[0.353s] DEBUG:colcon.colcon_core.event_handler.log_command:Invoking command in '/home/wyq/docker/moveit2/ros_ws/build/assistant': CMAKE_PREFIX_PATH=${CMAKE_PREFIX_PATH}:/home/wyq/docker/moveit2/ros_ws/install/my_moveit2:/opt/ros/humble /usr/bin/cmake --build /home/wyq/docker/moveit2/ros_ws/build/assistant -- -j4 -l4
[0.537s] INFO:colcon.colcon_core.task.python.build:Building Python package in '/home/wyq/docker/moveit2/ros_ws/src/my_moveit2'
[0.537s] INFO:colcon.colcon_core.shell:Skip shell extension 'powershell' for command environment: Not usable outside of PowerShell
[0.538s] DEBUG:colcon.colcon_core.shell:Skip shell extension 'dsv' for command environment
[0.546s] DEBUG:colcon.colcon_core.event_handler.log_command:Invoked command in '/home/wyq/docker/moveit2/ros_ws/build/assistant' returned '0': CMAKE_PREFIX_PATH=${CMAKE_PREFIX_PATH}:/home/wyq/docker/moveit2/ros_ws/install/my_moveit2:/opt/ros/humble /usr/bin/cmake --build /home/wyq/docker/moveit2/ros_ws/build/assistant -- -j4 -l4
[0.552s] DEBUG:colcon.colcon_core.event_handler.log_command:Invoking command in '/home/wyq/docker/moveit2/ros_ws/build/assistant': CMAKE_PREFIX_PATH=${CMAKE_PREFIX_PATH}:/home/wyq/docker/moveit2/ros_ws/install/my_moveit2:/opt/ros/humble /usr/bin/cmake --install /home/wyq/docker/moveit2/ros_ws/build/assistant
[0.576s] Level 1:colcon.colcon_core.environment:create_environment_scripts_only(assistant)
[0.577s] DEBUG:colcon.colcon_core.event_handler.log_command:Invoked command in '/home/wyq/docker/moveit2/ros_ws/build/assistant' returned '0': CMAKE_PREFIX_PATH=${CMAKE_PREFIX_PATH}:/home/wyq/docker/moveit2/ros_ws/install/my_moveit2:/opt/ros/humble /usr/bin/cmake --install /home/wyq/docker/moveit2/ros_ws/build/assistant
[0.579s] Level 1:colcon.colcon_core.environment:checking '/home/wyq/docker/moveit2/ros_ws/install/assistant' for CMake module files
[0.580s] Level 1:colcon.colcon_core.environment:checking '/home/wyq/docker/moveit2/ros_ws/install/assistant' for CMake config files
[0.580s] Level 1:colcon.colcon_core.shell:create_environment_hook('assistant', 'cmake_prefix_path')
[0.580s] INFO:colcon.colcon_core.shell:Creating environment hook '/home/wyq/docker/moveit2/ros_ws/install/assistant/share/assistant/hook/cmake_prefix_path.ps1'
[0.581s] INFO:colcon.colcon_core.shell:Creating environment descriptor '/home/wyq/docker/moveit2/ros_ws/install/assistant/share/assistant/hook/cmake_prefix_path.dsv'
[0.583s] INFO:colcon.colcon_core.shell:Creating environment hook '/home/wyq/docker/moveit2/ros_ws/install/assistant/share/assistant/hook/cmake_prefix_path.sh'
[0.584s] Level 1:colcon.colcon_core.environment:checking '/home/wyq/docker/moveit2/ros_ws/install/assistant/bin'
[0.584s] Level 1:colcon.colcon_core.environment:checking '/home/wyq/docker/moveit2/ros_ws/install/assistant/lib/pkgconfig/assistant.pc'
[0.584s] Level 1:colcon.colcon_core.environment:checking '/home/wyq/docker/moveit2/ros_ws/install/assistant/lib/python3.10/site-packages'
[0.584s] Level 1:colcon.colcon_core.environment:checking '/home/wyq/docker/moveit2/ros_ws/install/assistant/bin'
[0.584s] INFO:colcon.colcon_core.shell:Creating package script '/home/wyq/docker/moveit2/ros_ws/install/assistant/share/assistant/package.ps1'
[0.585s] INFO:colcon.colcon_core.shell:Creating package descriptor '/home/wyq/docker/moveit2/ros_ws/install/assistant/share/assistant/package.dsv'
[0.585s] INFO:colcon.colcon_core.shell:Creating package script '/home/wyq/docker/moveit2/ros_ws/install/assistant/share/assistant/package.sh'
[0.586s] INFO:colcon.colcon_core.shell:Creating package script '/home/wyq/docker/moveit2/ros_ws/install/assistant/share/assistant/package.bash'
[0.588s] INFO:colcon.colcon_core.shell:Creating package script '/home/wyq/docker/moveit2/ros_ws/install/assistant/share/assistant/package.zsh'
[0.589s] Level 1:colcon.colcon_core.environment:create_file_with_runtime_dependencies(/home/wyq/docker/moveit2/ros_ws/install/assistant/share/colcon-core/packages/assistant)
[0.590s] Level 1:colcon.colcon_core.environment:create_environment_scripts_only(assistant)
[0.590s] Level 1:colcon.colcon_core.environment:checking '/home/wyq/docker/moveit2/ros_ws/install/assistant' for CMake module files
[0.591s] Level 1:colcon.colcon_core.environment:checking '/home/wyq/docker/moveit2/ros_ws/install/assistant' for CMake config files
[0.591s] Level 1:colcon.colcon_core.shell:create_environment_hook('assistant', 'cmake_prefix_path')
[0.591s] INFO:colcon.colcon_core.shell:Creating environment hook '/home/wyq/docker/moveit2/ros_ws/install/assistant/share/assistant/hook/cmake_prefix_path.ps1'
[0.592s] INFO:colcon.colcon_core.shell:Creating environment descriptor '/home/wyq/docker/moveit2/ros_ws/install/assistant/share/assistant/hook/cmake_prefix_path.dsv'
[0.592s] INFO:colcon.colcon_core.shell:Creating environment hook '/home/wyq/docker/moveit2/ros_ws/install/assistant/share/assistant/hook/cmake_prefix_path.sh'
[0.593s] Level 1:colcon.colcon_core.environment:checking '/home/wyq/docker/moveit2/ros_ws/install/assistant/bin'
[0.593s] Level 1:colcon.colcon_core.environment:checking '/home/wyq/docker/moveit2/ros_ws/install/assistant/lib/pkgconfig/assistant.pc'
[0.593s] Level 1:colcon.colcon_core.environment:checking '/home/wyq/docker/moveit2/ros_ws/install/assistant/lib/python3.10/site-packages'
[0.593s] Level 1:colcon.colcon_core.environment:checking '/home/wyq/docker/moveit2/ros_ws/install/assistant/bin'
[0.593s] INFO:colcon.colcon_core.shell:Creating package script '/home/wyq/docker/moveit2/ros_ws/install/assistant/share/assistant/package.ps1'
[0.594s] INFO:colcon.colcon_core.shell:Creating package descriptor '/home/wyq/docker/moveit2/ros_ws/install/assistant/share/assistant/package.dsv'
[0.594s] INFO:colcon.colcon_core.shell:Creating package script '/home/wyq/docker/moveit2/ros_ws/install/assistant/share/assistant/package.sh'
[0.595s] INFO:colcon.colcon_core.shell:Creating package script '/home/wyq/docker/moveit2/ros_ws/install/assistant/share/assistant/package.bash'
[0.595s] INFO:colcon.colcon_core.shell:Creating package script '/home/wyq/docker/moveit2/ros_ws/install/assistant/share/assistant/package.zsh'
[0.596s] Level 1:colcon.colcon_core.environment:create_file_with_runtime_dependencies(/home/wyq/docker/moveit2/ros_ws/install/assistant/share/colcon-core/packages/assistant)
[0.923s] DEBUG:colcon.colcon_core.event_handler.log_command:Invoking command in '/home/wyq/docker/moveit2/ros_ws/src/my_moveit2': PYTHONPATH=/home/wyq/docker/moveit2/ros_ws/build/my_moveit2/prefix_override:/usr/lib/python3/dist-packages/colcon_core/task/python/colcon_distutils_commands:/home/wyq/docker/moveit2/ros_ws/install/my_moveit2/lib/python3.10/site-packages:${PYTHONPATH} /usr/bin/python3 -W ignore:setup.py install is deprecated -W ignore:easy_install command is deprecated setup.py egg_info --egg-base ../../build/my_moveit2 build --build-base /home/wyq/docker/moveit2/ros_ws/build/my_moveit2/build install --record /home/wyq/docker/moveit2/ros_ws/build/my_moveit2/install.log --single-version-externally-managed install_data
[1.157s] Level 1:colcon.colcon_core.environment:checking '/home/wyq/docker/moveit2/ros_ws/install/my_moveit2' for CMake module files
[1.158s] Level 1:colcon.colcon_core.environment:checking '/home/wyq/docker/moveit2/ros_ws/install/my_moveit2' for CMake config files
[1.158s] Level 1:colcon.colcon_core.environment:checking '/home/wyq/docker/moveit2/ros_ws/install/my_moveit2/lib'
[1.158s] Level 1:colcon.colcon_core.environment:checking '/home/wyq/docker/moveit2/ros_ws/install/my_moveit2/bin'
[1.158s] Level 1:colcon.colcon_core.environment:checking '/home/wyq/docker/moveit2/ros_ws/install/my_moveit2/lib/pkgconfig/my_moveit2.pc'
[1.159s] Level 1:colcon.colcon_core.environment:checking '/home/wyq/docker/moveit2/ros_ws/install/my_moveit2/lib/python3.10/site-packages'
[1.159s] Level 1:colcon.colcon_core.shell:create_environment_hook('my_moveit2', 'pythonpath')
[1.159s] DEBUG:colcon.colcon_core.event_handler.log_command:Invoked command in '/home/wyq/docker/moveit2/ros_ws/src/my_moveit2' returned '0': PYTHONPATH=/home/wyq/docker/moveit2/ros_ws/build/my_moveit2/prefix_override:/usr/lib/python3/dist-packages/colcon_core/task/python/colcon_distutils_commands:/home/wyq/docker/moveit2/ros_ws/install/my_moveit2/lib/python3.10/site-packages:${PYTHONPATH} /usr/bin/python3 -W ignore:setup.py install is deprecated -W ignore:easy_install command is deprecated setup.py egg_info --egg-base ../../build/my_moveit2 build --build-base /home/wyq/docker/moveit2/ros_ws/build/my_moveit2/build install --record /home/wyq/docker/moveit2/ros_ws/build/my_moveit2/install.log --single-version-externally-managed install_data
[1.159s] INFO:colcon.colcon_core.shell:Creating environment hook '/home/wyq/docker/moveit2/ros_ws/install/my_moveit2/share/my_moveit2/hook/pythonpath.ps1'
[1.160s] INFO:colcon.colcon_core.shell:Creating environment descriptor '/home/wyq/docker/moveit2/ros_ws/install/my_moveit2/share/my_moveit2/hook/pythonpath.dsv'
[1.161s] INFO:colcon.colcon_core.shell:Creating environment hook '/home/wyq/docker/moveit2/ros_ws/install/my_moveit2/share/my_moveit2/hook/pythonpath.sh'
[1.161s] Level 1:colcon.colcon_core.environment:checking '/home/wyq/docker/moveit2/ros_ws/install/my_moveit2/bin'
[1.161s] Level 1:colcon.colcon_core.environment:create_environment_scripts_only(my_moveit2)
[1.161s] INFO:colcon.colcon_core.shell:Creating package script '/home/wyq/docker/moveit2/ros_ws/install/my_moveit2/share/my_moveit2/package.ps1'
[1.162s] INFO:colcon.colcon_core.shell:Creating package descriptor '/home/wyq/docker/moveit2/ros_ws/install/my_moveit2/share/my_moveit2/package.dsv'
[1.162s] INFO:colcon.colcon_core.shell:Creating package script '/home/wyq/docker/moveit2/ros_ws/install/my_moveit2/share/my_moveit2/package.sh'
[1.163s] INFO:colcon.colcon_core.shell:Creating package script '/home/wyq/docker/moveit2/ros_ws/install/my_moveit2/share/my_moveit2/package.bash'
[1.163s] INFO:colcon.colcon_core.shell:Creating package script '/home/wyq/docker/moveit2/ros_ws/install/my_moveit2/share/my_moveit2/package.zsh'
[1.163s] Level 1:colcon.colcon_core.environment:create_file_with_runtime_dependencies(/home/wyq/docker/moveit2/ros_ws/install/my_moveit2/share/colcon-core/packages/my_moveit2)
[1.164s] DEBUG:colcon.colcon_parallel_executor.executor.parallel:closing loop
[1.164s] DEBUG:colcon.colcon_parallel_executor.executor.parallel:loop closed
[1.164s] DEBUG:colcon.colcon_parallel_executor.executor.parallel:run_until_complete finished with '0'
[1.164s] DEBUG:colcon.colcon_core.event_reactor:joining thread
[1.170s] INFO:colcon.colcon_core.plugin_system:Skipping extension 'colcon_notification.desktop_notification.terminal_notifier': Not used on non-Darwin systems
[1.170s] INFO:colcon.colcon_core.plugin_system:Skipping extension 'colcon_notification.desktop_notification.win32': Not used on non-Windows systems
[1.170s] INFO:colcon.colcon_notification.desktop_notification:Sending desktop notification using 'notify2'
[1.187s] DEBUG:colcon.colcon_core.event_reactor:joined thread
[1.187s] INFO:colcon.colcon_core.shell:Creating prefix script '/home/wyq/docker/moveit2/ros_ws/install/local_setup.ps1'
[1.188s] INFO:colcon.colcon_core.shell:Creating prefix util module '/home/wyq/docker/moveit2/ros_ws/install/_local_setup_util_ps1.py'
[1.189s] INFO:colcon.colcon_core.shell:Creating prefix chain script '/home/wyq/docker/moveit2/ros_ws/install/setup.ps1'
[1.190s] INFO:colcon.colcon_core.shell:Creating prefix script '/home/wyq/docker/moveit2/ros_ws/install/local_setup.sh'
[1.191s] INFO:colcon.colcon_core.shell:Creating prefix util module '/home/wyq/docker/moveit2/ros_ws/install/_local_setup_util_sh.py'
[1.191s] INFO:colcon.colcon_core.shell:Creating prefix chain script '/home/wyq/docker/moveit2/ros_ws/install/setup.sh'
[1.192s] INFO:colcon.colcon_core.shell:Creating prefix script '/home/wyq/docker/moveit2/ros_ws/install/local_setup.bash'
[1.192s] INFO:colcon.colcon_core.shell:Creating prefix chain script '/home/wyq/docker/moveit2/ros_ws/install/setup.bash'
[1.193s] INFO:colcon.colcon_core.shell:Creating prefix script '/home/wyq/docker/moveit2/ros_ws/install/local_setup.zsh'
[1.194s] INFO:colcon.colcon_core.shell:Creating prefix chain script '/home/wyq/docker/moveit2/ros_ws/install/setup.zsh'
