running develop
Removing /ros_ws/install/my_moveit2/lib/python3.10/site-packages/my-moveit2.egg-link (link to .)
running egg_info
writing ../../build/my_moveit2/my_moveit2.egg-info/PKG-INFO
writing dependency_links to ../../build/my_moveit2/my_moveit2.egg-info/dependency_links.txt
writing entry points to ../../build/my_moveit2/my_moveit2.egg-info/entry_points.txt
writing requirements to ../../build/my_moveit2/my_moveit2.egg-info/requires.txt
writing top-level names to ../../build/my_moveit2/my_moveit2.egg-info/top_level.txt
reading manifest file '../../build/my_moveit2/my_moveit2.egg-info/SOURCES.txt'
adding license file 'LICENSE'
writing manifest file '../../build/my_moveit2/my_moveit2.egg-info/SOURCES.txt'
running build
running build_py
creating /ros_ws/build/my_moveit2/build
creating /ros_ws/build/my_moveit2/build/lib
creating /ros_ws/build/my_moveit2/build/lib/my_moveit2
copying my_moveit2/__init__.py -> /ros_ws/build/my_moveit2/build/lib/my_moveit2
running install
running install_lib
creating /ros_ws/install/my_moveit2/lib/python3.10/site-packages/my_moveit2
copying /ros_ws/build/my_moveit2/build/lib/my_moveit2/__init__.py -> /ros_ws/install/my_moveit2/lib/python3.10/site-packages/my_moveit2
byte-compiling /ros_ws/install/my_moveit2/lib/python3.10/site-packages/my_moveit2/__init__.py to __init__.cpython-310.pyc
running install_data
copying resource/my_moveit2 -> /ros_ws/install/my_moveit2/share/ament_index/resource_index/packages
copying package.xml -> /ros_ws/install/my_moveit2/share/my_moveit2
copying launch/launch.py -> /ros_ws/install/my_moveit2/share/my_moveit2/launch
copying urdf/panda.urdf -> /ros_ws/install/my_moveit2/share/my_moveit2/urdf
running install_egg_info
Copying ../../build/my_moveit2/my_moveit2.egg-info to /ros_ws/install/my_moveit2/lib/python3.10/site-packages/my_moveit2-0.0.0-py3.10.egg-info
running install_scripts
Installing demo_moveit_node script to /ros_ws/install/my_moveit2/lib/my_moveit2
writing list of installed files to '/ros_ws/build/my_moveit2/install.log'
