[0.410s] Invoking command in '/ros_ws/build/my_moveit2': PYTHONPATH=/ros_ws/build/my_moveit2/prefix_override:/usr/lib/python3/dist-packages/colcon_core/task/python/colcon_distutils_commands:/ros_ws/install/my_moveit2/lib/python3.10/site-packages:${PYTHONPATH} /usr/bin/python3 -W ignore:setup.py install is deprecated setup.py develop --uninstall --editable --build-directory /ros_ws/build/my_moveit2/build
[0.556s] /usr/lib/python3/dist-packages/setuptools/command/easy_install.py:158: EasyInstallDeprecationWarning: easy_install command is deprecated. Use build and pip and other standards-based tools.
[0.556s]   warnings.warn(
[0.556s] running develop
[0.628s] Removing /ros_ws/install/my_moveit2/lib/python3.10/site-packages/my-moveit2.egg-link (link to .)
[0.644s] Invoked command in '/ros_ws/build/my_moveit2' returned '0': PYTHONPATH=/ros_ws/build/my_moveit2/prefix_override:/usr/lib/python3/dist-packages/colcon_core/task/python/colcon_distutils_commands:/ros_ws/install/my_moveit2/lib/python3.10/site-packages:${PYTHONPATH} /usr/bin/python3 -W ignore:setup.py install is deprecated setup.py develop --uninstall --editable --build-directory /ros_ws/build/my_moveit2/build
[0.645s] Invoking command in '/ros_ws/src/my_moveit2': PYTHONPATH=/ros_ws/build/my_moveit2/prefix_override:/usr/lib/python3/dist-packages/colcon_core/task/python/colcon_distutils_commands:/ros_ws/install/my_moveit2/lib/python3.10/site-packages:${PYTHONPATH} /usr/bin/python3 -W ignore:setup.py install is deprecated setup.py egg_info --egg-base ../../build/my_moveit2 build --build-base /ros_ws/build/my_moveit2/build install --record /ros_ws/build/my_moveit2/install.log --single-version-externally-managed install_data --force
[0.774s] running egg_info
[0.774s] writing ../../build/my_moveit2/my_moveit2.egg-info/PKG-INFO
[0.774s] writing dependency_links to ../../build/my_moveit2/my_moveit2.egg-info/dependency_links.txt
[0.775s] writing entry points to ../../build/my_moveit2/my_moveit2.egg-info/entry_points.txt
[0.775s] writing requirements to ../../build/my_moveit2/my_moveit2.egg-info/requires.txt
[0.775s] writing top-level names to ../../build/my_moveit2/my_moveit2.egg-info/top_level.txt
[0.776s] reading manifest file '../../build/my_moveit2/my_moveit2.egg-info/SOURCES.txt'
[0.776s] adding license file 'LICENSE'
[0.776s] writing manifest file '../../build/my_moveit2/my_moveit2.egg-info/SOURCES.txt'
[0.776s] running build
[0.777s] running build_py
[0.777s] creating /ros_ws/build/my_moveit2/build
[0.777s] creating /ros_ws/build/my_moveit2/build/lib
[0.777s] creating /ros_ws/build/my_moveit2/build/lib/my_moveit2
[0.777s] copying my_moveit2/__init__.py -> /ros_ws/build/my_moveit2/build/lib/my_moveit2
[0.777s] running install
[0.777s] running install_lib
[0.777s] creating /ros_ws/install/my_moveit2/lib/python3.10/site-packages/my_moveit2
[0.778s] copying /ros_ws/build/my_moveit2/build/lib/my_moveit2/__init__.py -> /ros_ws/install/my_moveit2/lib/python3.10/site-packages/my_moveit2
[0.778s] byte-compiling /ros_ws/install/my_moveit2/lib/python3.10/site-packages/my_moveit2/__init__.py to __init__.cpython-310.pyc
[0.778s] running install_data
[0.778s] copying resource/my_moveit2 -> /ros_ws/install/my_moveit2/share/ament_index/resource_index/packages
[0.778s] copying package.xml -> /ros_ws/install/my_moveit2/share/my_moveit2
[0.778s] copying launch/launch.py -> /ros_ws/install/my_moveit2/share/my_moveit2/launch
[0.778s] copying urdf/panda.urdf -> /ros_ws/install/my_moveit2/share/my_moveit2/urdf
[0.778s] running install_egg_info
[0.779s] Copying ../../build/my_moveit2/my_moveit2.egg-info to /ros_ws/install/my_moveit2/lib/python3.10/site-packages/my_moveit2-0.0.0-py3.10.egg-info
[0.781s] running install_scripts
[0.794s] Installing demo_moveit_node script to /ros_ws/install/my_moveit2/lib/my_moveit2
[0.794s] writing list of installed files to '/ros_ws/build/my_moveit2/install.log'
[0.810s] Invoked command in '/ros_ws/src/my_moveit2' returned '0': PYTHONPATH=/ros_ws/build/my_moveit2/prefix_override:/usr/lib/python3/dist-packages/colcon_core/task/python/colcon_distutils_commands:/ros_ws/install/my_moveit2/lib/python3.10/site-packages:${PYTHONPATH} /usr/bin/python3 -W ignore:setup.py install is deprecated setup.py egg_info --egg-base ../../build/my_moveit2 build --build-base /ros_ws/build/my_moveit2/build install --record /ros_ws/build/my_moveit2/install.log --single-version-externally-managed install_data --force
