[0.436s] Invoking command in '/home/wyq/docker/moveit2/ros_ws/src/my_moveit2': PYTHONPATH=/home/wyq/docker/moveit2/ros_ws/build/my_moveit2/prefix_override:/usr/lib/python3/dist-packages/colcon_core/task/python/colcon_distutils_commands:/home/wyq/docker/moveit2/ros_ws/install/my_moveit2/lib/python3.10/site-packages:${PYTHONPATH} /usr/bin/python3 -W ignore:setup.py install is deprecated -W ignore:easy_install command is deprecated setup.py egg_info --egg-base ../../build/my_moveit2 build --build-base /home/wyq/docker/moveit2/ros_ws/build/my_moveit2/build install --record /home/wyq/docker/moveit2/ros_ws/build/my_moveit2/install.log --single-version-externally-managed install_data
[0.590s] running egg_info
[0.591s] writing ../../build/my_moveit2/my_moveit2.egg-info/PKG-INFO
[0.591s] writing dependency_links to ../../build/my_moveit2/my_moveit2.egg-info/dependency_links.txt
[0.591s] writing entry points to ../../build/my_moveit2/my_moveit2.egg-info/entry_points.txt
[0.592s] writing requirements to ../../build/my_moveit2/my_moveit2.egg-info/requires.txt
[0.592s] writing top-level names to ../../build/my_moveit2/my_moveit2.egg-info/top_level.txt
[0.593s] reading manifest file '../../build/my_moveit2/my_moveit2.egg-info/SOURCES.txt'
[0.593s] adding license file 'LICENSE'
[0.593s] writing manifest file '../../build/my_moveit2/my_moveit2.egg-info/SOURCES.txt'
[0.594s] running build
[0.594s] running build_py
[0.594s] running install
[0.594s] running install_lib
[0.595s] running install_data
[0.595s] copying launch/launch.py -> /home/wyq/docker/moveit2/ros_ws/install/my_moveit2/share/my_moveit2/launch
[0.595s] running install_egg_info
[0.597s] removing '/home/wyq/docker/moveit2/ros_ws/install/my_moveit2/lib/python3.10/site-packages/my_moveit2-0.0.0-py3.10.egg-info' (and everything under it)
[0.598s] Copying ../../build/my_moveit2/my_moveit2.egg-info to /home/wyq/docker/moveit2/ros_ws/install/my_moveit2/lib/python3.10/site-packages/my_moveit2-0.0.0-py3.10.egg-info
[0.599s] running install_scripts
[0.613s] Installing demo_moveit_node script to /home/wyq/docker/moveit2/ros_ws/install/my_moveit2/lib/my_moveit2
[0.614s] writing list of installed files to '/home/wyq/docker/moveit2/ros_ws/build/my_moveit2/install.log'
[0.630s] Invoked command in '/home/wyq/docker/moveit2/ros_ws/src/my_moveit2' returned '0': PYTHONPATH=/home/wyq/docker/moveit2/ros_ws/build/my_moveit2/prefix_override:/usr/lib/python3/dist-packages/colcon_core/task/python/colcon_distutils_commands:/home/wyq/docker/moveit2/ros_ws/install/my_moveit2/lib/python3.10/site-packages:${PYTHONPATH} /usr/bin/python3 -W ignore:setup.py install is deprecated -W ignore:easy_install command is deprecated setup.py egg_info --egg-base ../../build/my_moveit2 build --build-base /home/wyq/docker/moveit2/ros_ws/build/my_moveit2/build install --record /home/wyq/docker/moveit2/ros_ws/build/my_moveit2/install.log --single-version-externally-managed install_data
