[0.159s] Invoking command in '/ros_ws/build/urdf_config': /usr/bin/cmake /ros_ws/src/urdf_config -DCMAKE_INSTALL_PREFIX=/ros_ws/install/urdf_config
[0.172s] -- Found ament_cmake: 1.3.11 (/opt/ros/humble/share/ament_cmake/cmake)
[0.223s] Traceback (most recent call last):
[0.223s]   File "/opt/ros/humble/share/ament_cmake_core/cmake/package_templates/templates_2_cmake.py", line 21, in <module>
[0.223s]     from ament_package.templates import get_environment_hook_template_path
[0.223s] ModuleNotFoundError: No module named 'ament_package'
[0.223s] [31mCMake Error at /opt/ros/humble/share/ament_cmake_core/cmake/ament_cmake_package_templates-extras.cmake:41 (message):
[0.223s]   execute_process(/usr/bin/python3
[0.223s]   /opt/ros/humble/share/ament_cmake_core/cmake/package_templates/templates_2_cmake.py
[0.223s]   /ros_ws/build/urdf_config/ament_cmake_package_templates/templates.cmake)
[0.224s]   returned error code 1
[0.224s] Call Stack (most recent call first):
[0.224s]   /opt/ros/humble/share/ament_cmake_core/cmake/ament_cmake_coreConfig.cmake:41 (include)
[0.224s]   /opt/ros/humble/share/ament_cmake/cmake/ament_cmake_export_dependencies-extras.cmake:15 (find_package)
[0.224s]   /opt/ros/humble/share/ament_cmake/cmake/ament_cmakeConfig.cmake:41 (include)
[0.224s]   CMakeLists.txt:4 (find_package)
[0.224s] 
[0.224s] [0m
[0.224s] -- Configuring incomplete, errors occurred!
[0.224s] See also "/ros_ws/build/urdf_config/CMakeFiles/CMakeOutput.log".
[0.228s] Invoked command in '/ros_ws/build/urdf_config' returned '1': /usr/bin/cmake /ros_ws/src/urdf_config -DCMAKE_INSTALL_PREFIX=/ros_ws/install/urdf_config
