-- Install configuration: ""
-- Up-to-date: /home/wyq/docker/moveit2/ros_ws/install/qwer/share/ament_index/resource_index/package_run_dependencies/qwer
-- Up-to-date: /home/wyq/docker/moveit2/ros_ws/install/qwer/share/ament_index/resource_index/parent_prefix_path/qwer
-- Up-to-date: /home/wyq/docker/moveit2/ros_ws/install/qwer/share/qwer/environment/ament_prefix_path.sh
-- Up-to-date: /home/wyq/docker/moveit2/ros_ws/install/qwer/share/qwer/environment/ament_prefix_path.dsv
-- Up-to-date: /home/wyq/docker/moveit2/ros_ws/install/qwer/share/qwer/environment/path.sh
-- Up-to-date: /home/wyq/docker/moveit2/ros_ws/install/qwer/share/qwer/environment/path.dsv
-- Up-to-date: /home/wyq/docker/moveit2/ros_ws/install/qwer/share/qwer/local_setup.bash
-- Up-to-date: /home/wyq/docker/moveit2/ros_ws/install/qwer/share/qwer/local_setup.sh
-- Up-to-date: /home/wyq/docker/moveit2/ros_ws/install/qwer/share/qwer/local_setup.zsh
-- Up-to-date: /home/wyq/docker/moveit2/ros_ws/install/qwer/share/qwer/local_setup.dsv
-- Installing: /home/wyq/docker/moveit2/ros_ws/install/qwer/share/qwer/package.dsv
-- Up-to-date: /home/wyq/docker/moveit2/ros_ws/install/qwer/share/ament_index/resource_index/packages/qwer
-- Up-to-date: /home/wyq/docker/moveit2/ros_ws/install/qwer/share/qwer/cmake/qwerConfig.cmake
-- Up-to-date: /home/wyq/docker/moveit2/ros_ws/install/qwer/share/qwer/cmake/qwerConfig-version.cmake
-- Up-to-date: /home/wyq/docker/moveit2/ros_ws/install/qwer/share/qwer/package.xml
-- Up-to-date: /home/wyq/docker/moveit2/ros_ws/install/qwer/share/qwer/launch
-- Up-to-date: /home/wyq/docker/moveit2/ros_ws/install/qwer/share/qwer/launch/move_group.launch.py
-- Up-to-date: /home/wyq/docker/moveit2/ros_ws/install/qwer/share/qwer/launch/rsp.launch.py
-- Up-to-date: /home/wyq/docker/moveit2/ros_ws/install/qwer/share/qwer/launch/moveit_rviz.launch.py
-- Up-to-date: /home/wyq/docker/moveit2/ros_ws/install/qwer/share/qwer/launch/warehouse_db.launch.py
-- Up-to-date: /home/wyq/docker/moveit2/ros_ws/install/qwer/share/qwer/launch/setup_assistant.launch.py
-- Up-to-date: /home/wyq/docker/moveit2/ros_ws/install/qwer/share/qwer/launch/demo.launch.py
-- Up-to-date: /home/wyq/docker/moveit2/ros_ws/install/qwer/share/qwer/launch/spawn_controllers.launch.py
-- Up-to-date: /home/wyq/docker/moveit2/ros_ws/install/qwer/share/qwer/launch/static_virtual_joint_tfs.launch.py
-- Up-to-date: /home/wyq/docker/moveit2/ros_ws/install/qwer/share/qwer/config
-- Up-to-date: /home/wyq/docker/moveit2/ros_ws/install/qwer/share/qwer/config/initial_positions.yaml
-- Up-to-date: /home/wyq/docker/moveit2/ros_ws/install/qwer/share/qwer/config/kinematics.yaml
-- Up-to-date: /home/wyq/docker/moveit2/ros_ws/install/qwer/share/qwer/config/ros2_controllers.yaml
-- Up-to-date: /home/wyq/docker/moveit2/ros_ws/install/qwer/share/qwer/config/moveit.rviz
-- Up-to-date: /home/wyq/docker/moveit2/ros_ws/install/qwer/share/qwer/config/panda.ros2_control.xacro
-- Up-to-date: /home/wyq/docker/moveit2/ros_ws/install/qwer/share/qwer/config/joint_limits.yaml
-- Up-to-date: /home/wyq/docker/moveit2/ros_ws/install/qwer/share/qwer/config/panda.urdf.xacro
-- Up-to-date: /home/wyq/docker/moveit2/ros_ws/install/qwer/share/qwer/config/moveit_controllers.yaml
-- Up-to-date: /home/wyq/docker/moveit2/ros_ws/install/qwer/share/qwer/config/panda.srdf
-- Up-to-date: /home/wyq/docker/moveit2/ros_ws/install/qwer/share/qwer/config/pilz_cartesian_limits.yaml
-- Up-to-date: /home/wyq/docker/moveit2/ros_ws/install/qwer/share/qwer/.setup_assistant
