running develop
/usr/lib/python3/dist-packages/setuptools/command/easy_install.py:158: EasyInstallDeprecationWarning: easy_install command is deprecated. Use build and pip and other standards-based tools.
  warnings.warn(
running egg_info
creating my_moveit2.egg-info
writing my_moveit2.egg-info/PKG-INFO
writing dependency_links to my_moveit2.egg-info/dependency_links.txt
writing entry points to my_moveit2.egg-info/entry_points.txt
writing requirements to my_moveit2.egg-info/requires.txt
writing top-level names to my_moveit2.egg-info/top_level.txt
writing manifest file 'my_moveit2.egg-info/SOURCES.txt'
reading manifest file 'my_moveit2.egg-info/SOURCES.txt'
writing manifest file 'my_moveit2.egg-info/SOURCES.txt'
running build_ext
Creating /ros_ws/install/my_moveit2/lib/python3.10/site-packages/my-moveit2.egg-link (link to .)
Installing demo_moveit_node script to /ros_ws/install/my_moveit2/lib/my_moveit2

Installed /ros_ws/build/my_moveit2
running symlink_data
creating /ros_ws/install/my_moveit2/share/ament_index
creating /ros_ws/install/my_moveit2/share/ament_index/resource_index
creating /ros_ws/install/my_moveit2/share/ament_index/resource_index/packages
symbolically linking /ros_ws/build/my_moveit2/resource/my_moveit2 -> /ros_ws/install/my_moveit2/share/ament_index/resource_index/packages
symbolically linking /ros_ws/build/my_moveit2/package.xml -> /ros_ws/install/my_moveit2/share/my_moveit2
creating /ros_ws/install/my_moveit2/share/my_moveit2/launch
symbolically linking /ros_ws/build/my_moveit2/launch/launch.py -> /ros_ws/install/my_moveit2/share/my_moveit2/launch
creating /ros_ws/install/my_moveit2/share/my_moveit2/urdf
symbolically linking /ros_ws/build/my_moveit2/urdf/panda.urdf -> /ros_ws/install/my_moveit2/share/my_moveit2/urdf
