[0.025s] Invoking command in '/home/wyq/docker/ros_ws/build/moveit_resources_fanuc_description': CMAKE_PREFIX_PATH=/opt/ros/humble /usr/bin/cmake /home/wyq/docker/ros_ws/src/moveit_resources/fanuc_description -DCMAKE_INSTALL_PREFIX=/home/wyq/docker/ros_ws/install/moveit_resources_fanuc_description
[0.133s] -- The C compiler identification is GNU 11.4.0
[0.234s] -- The CXX compiler identification is GNU 11.4.0
[0.241s] -- Detecting C compiler ABI info
[0.306s] -- Detecting C compiler ABI info - done
[0.309s] -- Check for working C compiler: /usr/bin/cc - skipped
[0.309s] -- Detecting C compile features
[0.312s] -- Detecting C compile features - done
[0.313s] -- Detecting CXX compiler ABI info
[0.382s] -- Detecting CXX compiler ABI info - done
[0.384s] -- Check for working CXX compiler: /usr/bin/c++ - skipped
[0.384s] -- Detecting CXX compile features
[0.384s] -- Detecting CXX compile features - done
[0.402s] -- Found ament_cmake: 1.3.11 (/opt/ros/humble/share/ament_cmake/cmake)
[0.508s] -- Found Python3: /usr/bin/python3 (found version "3.10.12") found components: Interpreter 
[0.623s] -- Configuring done
[0.625s] -- Generating done
[0.627s] -- Build files have been written to: /home/wyq/docker/ros_ws/build/moveit_resources_fanuc_description
[0.634s] Invoked command in '/home/wyq/docker/ros_ws/build/moveit_resources_fanuc_description' returned '0': CMAKE_PREFIX_PATH=/opt/ros/humble /usr/bin/cmake /home/wyq/docker/ros_ws/src/moveit_resources/fanuc_description -DCMAKE_INSTALL_PREFIX=/home/wyq/docker/ros_ws/install/moveit_resources_fanuc_description
[0.634s] Invoking command in '/home/wyq/docker/ros_ws/build/moveit_resources_fanuc_description': CMAKE_PREFIX_PATH=/opt/ros/humble /usr/bin/cmake --build /home/wyq/docker/ros_ws/build/moveit_resources_fanuc_description -- -j4 -l4
[0.661s] Invoked command in '/home/wyq/docker/ros_ws/build/moveit_resources_fanuc_description' returned '0': CMAKE_PREFIX_PATH=/opt/ros/humble /usr/bin/cmake --build /home/wyq/docker/ros_ws/build/moveit_resources_fanuc_description -- -j4 -l4
[0.669s] Invoking command in '/home/wyq/docker/ros_ws/build/moveit_resources_fanuc_description': CMAKE_PREFIX_PATH=/opt/ros/humble /usr/bin/cmake --install /home/wyq/docker/ros_ws/build/moveit_resources_fanuc_description
[0.678s] -- Install configuration: ""
[0.678s] -- Installing: /home/wyq/docker/ros_ws/install/moveit_resources_fanuc_description/share/ament_index/resource_index/package_run_dependencies/moveit_resources_fanuc_description
[0.678s] -- Installing: /home/wyq/docker/ros_ws/install/moveit_resources_fanuc_description/share/ament_index/resource_index/parent_prefix_path/moveit_resources_fanuc_description
[0.678s] -- Installing: /home/wyq/docker/ros_ws/install/moveit_resources_fanuc_description/share/moveit_resources_fanuc_description/environment/ament_prefix_path.sh
[0.678s] -- Installing: /home/wyq/docker/ros_ws/install/moveit_resources_fanuc_description/share/moveit_resources_fanuc_description/environment/ament_prefix_path.dsv
[0.679s] -- Installing: /home/wyq/docker/ros_ws/install/moveit_resources_fanuc_description/share/moveit_resources_fanuc_description/environment/path.sh
[0.679s] -- Installing: /home/wyq/docker/ros_ws/install/moveit_resources_fanuc_description/share/moveit_resources_fanuc_description/environment/path.dsv
[0.679s] -- Installing: /home/wyq/docker/ros_ws/install/moveit_resources_fanuc_description/share/moveit_resources_fanuc_description/local_setup.bash
[0.679s] -- Installing: /home/wyq/docker/ros_ws/install/moveit_resources_fanuc_description/share/moveit_resources_fanuc_description/local_setup.sh
[0.679s] -- Installing: /home/wyq/docker/ros_ws/install/moveit_resources_fanuc_description/share/moveit_resources_fanuc_description/local_setup.zsh
[0.679s] -- Installing: /home/wyq/docker/ros_ws/install/moveit_resources_fanuc_description/share/moveit_resources_fanuc_description/local_setup.dsv
[0.679s] -- Installing: /home/wyq/docker/ros_ws/install/moveit_resources_fanuc_description/share/moveit_resources_fanuc_description/package.dsv
[0.679s] -- Installing: /home/wyq/docker/ros_ws/install/moveit_resources_fanuc_description/share/ament_index/resource_index/packages/moveit_resources_fanuc_description
[0.679s] -- Installing: /home/wyq/docker/ros_ws/install/moveit_resources_fanuc_description/share/moveit_resources_fanuc_description/cmake/moveit_resources_fanuc_descriptionConfig.cmake
[0.679s] -- Installing: /home/wyq/docker/ros_ws/install/moveit_resources_fanuc_description/share/moveit_resources_fanuc_description/cmake/moveit_resources_fanuc_descriptionConfig-version.cmake
[0.679s] -- Installing: /home/wyq/docker/ros_ws/install/moveit_resources_fanuc_description/share/moveit_resources_fanuc_description/package.xml
[0.679s] -- Installing: /home/wyq/docker/ros_ws/install/moveit_resources_fanuc_description/share/moveit_resources_fanuc_description/meshes
[0.679s] -- Installing: /home/wyq/docker/ros_ws/install/moveit_resources_fanuc_description/share/moveit_resources_fanuc_description/meshes/collision
[0.679s] -- Installing: /home/wyq/docker/ros_ws/install/moveit_resources_fanuc_description/share/moveit_resources_fanuc_description/meshes/collision/link_2.stl
[0.679s] -- Installing: /home/wyq/docker/ros_ws/install/moveit_resources_fanuc_description/share/moveit_resources_fanuc_description/meshes/collision/base_link.stl
[0.679s] -- Installing: /home/wyq/docker/ros_ws/install/moveit_resources_fanuc_description/share/moveit_resources_fanuc_description/meshes/collision/link_1.stl
[0.679s] -- Installing: /home/wyq/docker/ros_ws/install/moveit_resources_fanuc_description/share/moveit_resources_fanuc_description/meshes/collision/link_4.stl
[0.679s] -- Installing: /home/wyq/docker/ros_ws/install/moveit_resources_fanuc_description/share/moveit_resources_fanuc_description/meshes/collision/link_3.stl
[0.679s] -- Installing: /home/wyq/docker/ros_ws/install/moveit_resources_fanuc_description/share/moveit_resources_fanuc_description/meshes/collision/link_6.stl
[0.679s] -- Installing: /home/wyq/docker/ros_ws/install/moveit_resources_fanuc_description/share/moveit_resources_fanuc_description/meshes/collision/link_5.stl
[0.679s] -- Installing: /home/wyq/docker/ros_ws/install/moveit_resources_fanuc_description/share/moveit_resources_fanuc_description/meshes/visual
[0.679s] -- Installing: /home/wyq/docker/ros_ws/install/moveit_resources_fanuc_description/share/moveit_resources_fanuc_description/meshes/visual/link_2.stl
[0.679s] -- Installing: /home/wyq/docker/ros_ws/install/moveit_resources_fanuc_description/share/moveit_resources_fanuc_description/meshes/visual/base_link.stl
[0.679s] -- Installing: /home/wyq/docker/ros_ws/install/moveit_resources_fanuc_description/share/moveit_resources_fanuc_description/meshes/visual/link_1.stl
[0.679s] -- Installing: /home/wyq/docker/ros_ws/install/moveit_resources_fanuc_description/share/moveit_resources_fanuc_description/meshes/visual/link_4.stl
[0.680s] -- Installing: /home/wyq/docker/ros_ws/install/moveit_resources_fanuc_description/share/moveit_resources_fanuc_description/meshes/visual/link_3.stl
[0.680s] -- Installing: /home/wyq/docker/ros_ws/install/moveit_resources_fanuc_description/share/moveit_resources_fanuc_description/meshes/visual/link_6.stl
[0.680s] -- Installing: /home/wyq/docker/ros_ws/install/moveit_resources_fanuc_description/share/moveit_resources_fanuc_description/meshes/visual/link_5.stl
[0.680s] -- Installing: /home/wyq/docker/ros_ws/install/moveit_resources_fanuc_description/share/moveit_resources_fanuc_description/urdf
[0.680s] -- Installing: /home/wyq/docker/ros_ws/install/moveit_resources_fanuc_description/share/moveit_resources_fanuc_description/urdf/fanuc.urdf
[0.683s] Invoked command in '/home/wyq/docker/ros_ws/build/moveit_resources_fanuc_description' returned '0': CMAKE_PREFIX_PATH=/opt/ros/humble /usr/bin/cmake --install /home/wyq/docker/ros_ws/build/moveit_resources_fanuc_description
