[0.011s] Invoking command in '/home/wyq/docker/moveit2/ros_ws/build/assistant': CMAKE_PREFIX_PATH=/opt/ros/humble /usr/bin/cmake /home/wyq/docker/moveit2/ros_ws/src/assistant -DCMAKE_INSTALL_PREFIX=/home/wyq/docker/moveit2/ros_ws/install/assistant
[0.198s] -- The C compiler identification is GNU 11.4.0
[0.292s] -- The CXX compiler identification is GNU 11.4.0
[0.313s] -- Detecting C compiler ABI info
[0.395s] -- Detecting C compiler ABI info - done
[0.403s] -- Check for working C compiler: /usr/bin/cc - skipped
[0.405s] -- Detecting C compile features
[0.407s] -- Detecting C compile features - done
[0.413s] -- Detecting CXX compiler ABI info
[0.505s] -- Detecting CXX compiler ABI info - done
[0.512s] -- Check for working CXX compiler: /usr/bin/c++ - skipped
[0.513s] -- Detecting CXX compile features
[0.513s] -- Detecting CXX compile features - done
[0.529s] -- Found ament_cmake: 1.3.11 (/opt/ros/humble/share/ament_cmake/cmake)
[0.669s] -- Found Python3: /usr/bin/python3 (found version "3.10.12") found components: Interpreter 
[0.841s] -- Configuring done
[0.847s] -- Generating done
[0.847s] -- Build files have been written to: /home/wyq/docker/moveit2/ros_ws/build/assistant
[0.855s] Invoked command in '/home/wyq/docker/moveit2/ros_ws/build/assistant' returned '0': CMAKE_PREFIX_PATH=/opt/ros/humble /usr/bin/cmake /home/wyq/docker/moveit2/ros_ws/src/assistant -DCMAKE_INSTALL_PREFIX=/home/wyq/docker/moveit2/ros_ws/install/assistant
[0.862s] Invoking command in '/home/wyq/docker/moveit2/ros_ws/build/assistant': CMAKE_PREFIX_PATH=/opt/ros/humble /usr/bin/cmake --build /home/wyq/docker/moveit2/ros_ws/build/assistant -- -j4 -l4
[0.908s] Invoked command in '/home/wyq/docker/moveit2/ros_ws/build/assistant' returned '0': CMAKE_PREFIX_PATH=/opt/ros/humble /usr/bin/cmake --build /home/wyq/docker/moveit2/ros_ws/build/assistant -- -j4 -l4
[0.918s] Invoking command in '/home/wyq/docker/moveit2/ros_ws/build/assistant': CMAKE_PREFIX_PATH=/opt/ros/humble /usr/bin/cmake --install /home/wyq/docker/moveit2/ros_ws/build/assistant
[0.925s] -- Install configuration: ""
[0.925s] -- Installing: /home/wyq/docker/moveit2/ros_ws/install/assistant/share/ament_index/resource_index/package_run_dependencies/assistant
[0.926s] -- Installing: /home/wyq/docker/moveit2/ros_ws/install/assistant/share/ament_index/resource_index/parent_prefix_path/assistant
[0.926s] -- Installing: /home/wyq/docker/moveit2/ros_ws/install/assistant/share/assistant/environment/ament_prefix_path.sh
[0.926s] -- Installing: /home/wyq/docker/moveit2/ros_ws/install/assistant/share/assistant/environment/ament_prefix_path.dsv
[0.928s] -- Installing: /home/wyq/docker/moveit2/ros_ws/install/assistant/share/assistant/environment/path.sh
[0.930s] -- Installing: /home/wyq/docker/moveit2/ros_ws/install/assistant/share/assistant/environment/path.dsv
[0.930s] -- Installing: /home/wyq/docker/moveit2/ros_ws/install/assistant/share/assistant/local_setup.bash
[0.930s] -- Installing: /home/wyq/docker/moveit2/ros_ws/install/assistant/share/assistant/local_setup.sh
[0.930s] -- Installing: /home/wyq/docker/moveit2/ros_ws/install/assistant/share/assistant/local_setup.zsh
[0.930s] -- Installing: /home/wyq/docker/moveit2/ros_ws/install/assistant/share/assistant/local_setup.dsv
[0.930s] -- Installing: /home/wyq/docker/moveit2/ros_ws/install/assistant/share/assistant/package.dsv
[0.930s] -- Installing: /home/wyq/docker/moveit2/ros_ws/install/assistant/share/ament_index/resource_index/packages/assistant
[0.930s] -- Installing: /home/wyq/docker/moveit2/ros_ws/install/assistant/share/assistant/cmake/assistantConfig.cmake
[0.930s] -- Installing: /home/wyq/docker/moveit2/ros_ws/install/assistant/share/assistant/cmake/assistantConfig-version.cmake
[0.930s] -- Installing: /home/wyq/docker/moveit2/ros_ws/install/assistant/share/assistant/package.xml
[0.931s] -- Installing: /home/wyq/docker/moveit2/ros_ws/install/assistant/share/assistant/launch
[0.931s] -- Installing: /home/wyq/docker/moveit2/ros_ws/install/assistant/share/assistant/launch/move_group.launch.py
[0.931s] -- Installing: /home/wyq/docker/moveit2/ros_ws/install/assistant/share/assistant/launch/rsp.launch.py
[0.933s] -- Installing: /home/wyq/docker/moveit2/ros_ws/install/assistant/share/assistant/launch/moveit_rviz.launch.py
[0.933s] -- Installing: /home/wyq/docker/moveit2/ros_ws/install/assistant/share/assistant/launch/warehouse_db.launch.py
[0.933s] -- Installing: /home/wyq/docker/moveit2/ros_ws/install/assistant/share/assistant/launch/setup_assistant.launch.py
[0.936s] -- Installing: /home/wyq/docker/moveit2/ros_ws/install/assistant/share/assistant/launch/demo.launch.py
[0.940s] -- Installing: /home/wyq/docker/moveit2/ros_ws/install/assistant/share/assistant/launch/spawn_controllers.launch.py
[0.940s] -- Installing: /home/wyq/docker/moveit2/ros_ws/install/assistant/share/assistant/launch/static_virtual_joint_tfs.launch.py
[0.940s] -- Installing: /home/wyq/docker/moveit2/ros_ws/install/assistant/share/assistant/config
[0.940s] -- Installing: /home/wyq/docker/moveit2/ros_ws/install/assistant/share/assistant/config/initial_positions.yaml
[0.940s] -- Installing: /home/wyq/docker/moveit2/ros_ws/install/assistant/share/assistant/config/kinematics.yaml
[0.940s] -- Installing: /home/wyq/docker/moveit2/ros_ws/install/assistant/share/assistant/config/ros2_controllers.yaml
[0.941s] -- Installing: /home/wyq/docker/moveit2/ros_ws/install/assistant/share/assistant/config/moveit.rviz
[0.941s] -- Installing: /home/wyq/docker/moveit2/ros_ws/install/assistant/share/assistant/config/panda.ros2_control.xacro
[0.941s] -- Installing: /home/wyq/docker/moveit2/ros_ws/install/assistant/share/assistant/config/joint_limits.yaml
[0.941s] -- Installing: /home/wyq/docker/moveit2/ros_ws/install/assistant/share/assistant/config/panda.urdf.xacro
[0.942s] -- Installing: /home/wyq/docker/moveit2/ros_ws/install/assistant/share/assistant/config/moveit_controllers.yaml
[0.942s] -- Installing: /home/wyq/docker/moveit2/ros_ws/install/assistant/share/assistant/config/panda.srdf
[0.944s] -- Installing: /home/wyq/docker/moveit2/ros_ws/install/assistant/share/assistant/config/pilz_cartesian_limits.yaml
[0.944s] -- Installing: /home/wyq/docker/moveit2/ros_ws/install/assistant/share/assistant/.setup_assistant
[0.979s] Invoked command in '/home/wyq/docker/moveit2/ros_ws/build/assistant' returned '0': CMAKE_PREFIX_PATH=/opt/ros/humble /usr/bin/cmake --install /home/wyq/docker/moveit2/ros_ws/build/assistant
