[0.192s] Invoking command in '/home/wyq/docker/moveit2/ros_ws/build/urdf_config': CMAKE_PREFIX_PATH=/opt/ros/humble /usr/bin/cmake /home/wyq/docker/moveit2/ros_ws/src/urdf_config -DCMAKE_INSTALL_PREFIX=/home/wyq/docker/moveit2/ros_ws/install/urdf_config
[0.240s] -- The C compiler identification is GNU 11.4.0
[0.285s] -- The CXX compiler identification is GNU 11.4.0
[0.307s] -- Detecting C compiler ABI info
[0.388s] -- Detecting C compiler ABI info - done
[0.397s] -- Check for working C compiler: /usr/bin/cc - skipped
[0.397s] -- Detecting C compile features
[0.399s] -- Detecting C compile features - done
[0.405s] -- Detecting CXX compiler ABI info
[0.494s] -- Detecting CXX compiler ABI info - done
[0.503s] -- Check for working CXX compiler: /usr/bin/c++ - skipped
[0.503s] -- Detecting CXX compile features
[0.503s] -- Detecting CXX compile features - done
[0.520s] -- Found ament_cmake: 1.3.11 (/opt/ros/humble/share/ament_cmake/cmake)
[0.667s] -- Found Python3: /usr/bin/python3 (found version "3.10.12") found components: Interpreter 
[0.836s] -- Configuring done
[0.839s] -- Generating done
[0.841s] -- Build files have been written to: /home/wyq/docker/moveit2/ros_ws/build/urdf_config
[0.855s] Invoked command in '/home/wyq/docker/moveit2/ros_ws/build/urdf_config' returned '0': CMAKE_PREFIX_PATH=/opt/ros/humble /usr/bin/cmake /home/wyq/docker/moveit2/ros_ws/src/urdf_config -DCMAKE_INSTALL_PREFIX=/home/wyq/docker/moveit2/ros_ws/install/urdf_config
[0.856s] Invoking command in '/home/wyq/docker/moveit2/ros_ws/build/urdf_config': CMAKE_PREFIX_PATH=/opt/ros/humble /usr/bin/cmake --build /home/wyq/docker/moveit2/ros_ws/build/urdf_config -- -j4 -l4
[0.912s] Invoked command in '/home/wyq/docker/moveit2/ros_ws/build/urdf_config' returned '0': CMAKE_PREFIX_PATH=/opt/ros/humble /usr/bin/cmake --build /home/wyq/docker/moveit2/ros_ws/build/urdf_config -- -j4 -l4
[0.912s] Invoking command in '/home/wyq/docker/moveit2/ros_ws/build/urdf_config': CMAKE_PREFIX_PATH=/opt/ros/humble /usr/bin/cmake --install /home/wyq/docker/moveit2/ros_ws/build/urdf_config
[0.925s] -- Install configuration: ""
[0.925s] -- Installing: /home/wyq/docker/moveit2/ros_ws/install/urdf_config/share/ament_index/resource_index/package_run_dependencies/urdf_config
[0.925s] -- Installing: /home/wyq/docker/moveit2/ros_ws/install/urdf_config/share/ament_index/resource_index/parent_prefix_path/urdf_config
[0.925s] -- Installing: /home/wyq/docker/moveit2/ros_ws/install/urdf_config/share/urdf_config/environment/ament_prefix_path.sh
[0.925s] -- Installing: /home/wyq/docker/moveit2/ros_ws/install/urdf_config/share/urdf_config/environment/ament_prefix_path.dsv
[0.925s] -- Installing: /home/wyq/docker/moveit2/ros_ws/install/urdf_config/share/urdf_config/environment/path.sh
[0.925s] -- Installing: /home/wyq/docker/moveit2/ros_ws/install/urdf_config/share/urdf_config/environment/path.dsv
[0.926s] -- Installing: /home/wyq/docker/moveit2/ros_ws/install/urdf_config/share/urdf_config/local_setup.bash
[0.926s] -- Installing: /home/wyq/docker/moveit2/ros_ws/install/urdf_config/share/urdf_config/local_setup.sh
[0.927s] -- Installing: /home/wyq/docker/moveit2/ros_ws/install/urdf_config/share/urdf_config/local_setup.zsh
[0.927s] -- Installing: /home/wyq/docker/moveit2/ros_ws/install/urdf_config/share/urdf_config/local_setup.dsv
[0.927s] -- Installing: /home/wyq/docker/moveit2/ros_ws/install/urdf_config/share/urdf_config/package.dsv
[0.928s] -- Installing: /home/wyq/docker/moveit2/ros_ws/install/urdf_config/share/ament_index/resource_index/packages/urdf_config
[0.928s] -- Installing: /home/wyq/docker/moveit2/ros_ws/install/urdf_config/share/urdf_config/cmake/urdf_configConfig.cmake
[0.928s] -- Installing: /home/wyq/docker/moveit2/ros_ws/install/urdf_config/share/urdf_config/cmake/urdf_configConfig-version.cmake
[0.928s] -- Installing: /home/wyq/docker/moveit2/ros_ws/install/urdf_config/share/urdf_config/package.xml
[0.928s] -- Installing: /home/wyq/docker/moveit2/ros_ws/install/urdf_config/share/urdf_config/launch
[0.928s] -- Installing: /home/wyq/docker/moveit2/ros_ws/install/urdf_config/share/urdf_config/launch/move_group.launch.py
[0.928s] -- Installing: /home/wyq/docker/moveit2/ros_ws/install/urdf_config/share/urdf_config/launch/rsp.launch.py
[0.928s] -- Installing: /home/wyq/docker/moveit2/ros_ws/install/urdf_config/share/urdf_config/launch/moveit_rviz.launch.py
[0.929s] -- Installing: /home/wyq/docker/moveit2/ros_ws/install/urdf_config/share/urdf_config/launch/warehouse_db.launch.py
[0.930s] -- Installing: /home/wyq/docker/moveit2/ros_ws/install/urdf_config/share/urdf_config/launch/setup_assistant.launch.py
[0.930s] -- Installing: /home/wyq/docker/moveit2/ros_ws/install/urdf_config/share/urdf_config/launch/demo.launch.py
[0.930s] -- Installing: /home/wyq/docker/moveit2/ros_ws/install/urdf_config/share/urdf_config/launch/spawn_controllers.launch.py
[0.930s] -- Installing: /home/wyq/docker/moveit2/ros_ws/install/urdf_config/share/urdf_config/launch/static_virtual_joint_tfs.launch.py
[0.931s] -- Installing: /home/wyq/docker/moveit2/ros_ws/install/urdf_config/share/urdf_config/config
[0.932s] -- Installing: /home/wyq/docker/moveit2/ros_ws/install/urdf_config/share/urdf_config/config/initial_positions.yaml
[0.932s] -- Installing: /home/wyq/docker/moveit2/ros_ws/install/urdf_config/share/urdf_config/config/kinematics.yaml
[0.932s] -- Installing: /home/wyq/docker/moveit2/ros_ws/install/urdf_config/share/urdf_config/config/ros2_controllers.yaml
[0.932s] -- Installing: /home/wyq/docker/moveit2/ros_ws/install/urdf_config/share/urdf_config/config/moveit.rviz
[0.932s] -- Installing: /home/wyq/docker/moveit2/ros_ws/install/urdf_config/share/urdf_config/config/panda.ros2_control.xacro
[0.933s] -- Installing: /home/wyq/docker/moveit2/ros_ws/install/urdf_config/share/urdf_config/config/joint_limits.yaml
[0.933s] -- Installing: /home/wyq/docker/moveit2/ros_ws/install/urdf_config/share/urdf_config/config/panda.urdf.xacro
[0.933s] -- Installing: /home/wyq/docker/moveit2/ros_ws/install/urdf_config/share/urdf_config/config/moveit_controllers.yaml
[0.933s] -- Installing: /home/wyq/docker/moveit2/ros_ws/install/urdf_config/share/urdf_config/config/panda.srdf
[0.933s] -- Installing: /home/wyq/docker/moveit2/ros_ws/install/urdf_config/share/urdf_config/config/pilz_cartesian_limits.yaml
[0.934s] -- Installing: /home/wyq/docker/moveit2/ros_ws/install/urdf_config/share/urdf_config/.setup_assistant
[0.939s] Invoked command in '/home/wyq/docker/moveit2/ros_ws/build/urdf_config' returned '0': CMAKE_PREFIX_PATH=/opt/ros/humble /usr/bin/cmake --install /home/wyq/docker/moveit2/ros_ws/build/urdf_config
