[0.010s] Invoking command in '/ros_ws/build/assistant': /usr/bin/cmake --build /ros_ws/build/assistant -- -j4 -l4
[0.131s] Invoked command in '/ros_ws/build/assistant' returned '0': /usr/bin/cmake --build /ros_ws/build/assistant -- -j4 -l4
[0.159s] Invoking command in '/ros_ws/build/assistant': /usr/bin/cmake --install /ros_ws/build/assistant
[0.164s] -- Install configuration: ""
[0.164s] -- Up-to-date: /ros_ws/install/assistant/share/ament_index/resource_index/package_run_dependencies/assistant
[0.165s] -- Up-to-date: /ros_ws/install/assistant/share/ament_index/resource_index/parent_prefix_path/assistant
[0.165s] -- Up-to-date: /ros_ws/install/assistant/share/assistant/environment/ament_prefix_path.sh
[0.165s] -- Up-to-date: /ros_ws/install/assistant/share/assistant/environment/ament_prefix_path.dsv
[0.165s] -- Up-to-date: /ros_ws/install/assistant/share/assistant/environment/path.sh
[0.165s] -- Up-to-date: /ros_ws/install/assistant/share/assistant/environment/path.dsv
[0.165s] -- Up-to-date: /ros_ws/install/assistant/share/assistant/local_setup.bash
[0.165s] -- Up-to-date: /ros_ws/install/assistant/share/assistant/local_setup.sh
[0.165s] -- Up-to-date: /ros_ws/install/assistant/share/assistant/local_setup.zsh
[0.165s] -- Up-to-date: /ros_ws/install/assistant/share/assistant/local_setup.dsv
[0.165s] -- Installing: /ros_ws/install/assistant/share/assistant/package.dsv
[0.165s] -- Up-to-date: /ros_ws/install/assistant/share/ament_index/resource_index/packages/assistant
[0.165s] -- Up-to-date: /ros_ws/install/assistant/share/assistant/cmake/assistantConfig.cmake
[0.165s] -- Up-to-date: /ros_ws/install/assistant/share/assistant/cmake/assistantConfig-version.cmake
[0.165s] -- Up-to-date: /ros_ws/install/assistant/share/assistant/package.xml
[0.165s] -- Up-to-date: /ros_ws/install/assistant/share/assistant/launch
[0.165s] -- Up-to-date: /ros_ws/install/assistant/share/assistant/launch/move_group.launch.py
[0.165s] -- Up-to-date: /ros_ws/install/assistant/share/assistant/launch/rsp.launch.py
[0.165s] -- Up-to-date: /ros_ws/install/assistant/share/assistant/launch/moveit_rviz.launch.py
[0.165s] -- Up-to-date: /ros_ws/install/assistant/share/assistant/launch/warehouse_db.launch.py
[0.165s] -- Up-to-date: /ros_ws/install/assistant/share/assistant/launch/setup_assistant.launch.py
[0.165s] -- Up-to-date: /ros_ws/install/assistant/share/assistant/launch/demo.launch.py
[0.165s] -- Up-to-date: /ros_ws/install/assistant/share/assistant/launch/spawn_controllers.launch.py
[0.165s] -- Up-to-date: /ros_ws/install/assistant/share/assistant/launch/static_virtual_joint_tfs.launch.py
[0.166s] -- Up-to-date: /ros_ws/install/assistant/share/assistant/config
[0.166s] -- Up-to-date: /ros_ws/install/assistant/share/assistant/config/initial_positions.yaml
[0.166s] -- Up-to-date: /ros_ws/install/assistant/share/assistant/config/kinematics.yaml
[0.166s] -- Up-to-date: /ros_ws/install/assistant/share/assistant/config/ros2_controllers.yaml
[0.166s] -- Up-to-date: /ros_ws/install/assistant/share/assistant/config/moveit.rviz
[0.166s] -- Up-to-date: /ros_ws/install/assistant/share/assistant/config/panda.ros2_control.xacro
[0.166s] -- Up-to-date: /ros_ws/install/assistant/share/assistant/config/joint_limits.yaml
[0.166s] -- Up-to-date: /ros_ws/install/assistant/share/assistant/config/panda.urdf.xacro
[0.166s] -- Up-to-date: /ros_ws/install/assistant/share/assistant/config/moveit_controllers.yaml
[0.166s] -- Up-to-date: /ros_ws/install/assistant/share/assistant/config/panda.srdf
[0.166s] -- Up-to-date: /ros_ws/install/assistant/share/assistant/config/pilz_cartesian_limits.yaml
[0.166s] -- Up-to-date: /ros_ws/install/assistant/share/assistant/.setup_assistant
[0.168s] Invoked command in '/ros_ws/build/assistant' returned '0': /usr/bin/cmake --install /ros_ws/build/assistant
