[0.028s] Invoking command in '/home/wyq/docker/ros_ws/build/moveit_resources': AMENT_PREFIX_PATH=/home/wyq/docker/ros_ws/install/moveit_resources_panda_moveit_config:/home/wyq/docker/ros_ws/install/moveit_resources_fanuc_moveit_config:/home/wyq/docker/ros_ws/install/moveit_resources_pr2_description:/home/wyq/docker/ros_ws/install/moveit_resources_panda_description:/home/wyq/docker/ros_ws/install/moveit_resources_fanuc_description:${AMENT_PREFIX_PATH} CMAKE_PREFIX_PATH=/home/wyq/docker/ros_ws/install/moveit_resources_panda_moveit_config:/home/wyq/docker/ros_ws/install/moveit_resources_fanuc_moveit_config:/home/wyq/docker/ros_ws/install/moveit_resources_pr2_description:/home/wyq/docker/ros_ws/install/moveit_resources_panda_description:/home/wyq/docker/ros_ws/install/moveit_resources_fanuc_description:/opt/ros/humble /usr/bin/cmake --build /home/wyq/docker/ros_ws/build/moveit_resources -- -j4 -l4
[0.070s] Invoked command in '/home/wyq/docker/ros_ws/build/moveit_resources' returned '0': AMENT_PREFIX_PATH=/home/wyq/docker/ros_ws/install/moveit_resources_panda_moveit_config:/home/wyq/docker/ros_ws/install/moveit_resources_fanuc_moveit_config:/home/wyq/docker/ros_ws/install/moveit_resources_pr2_description:/home/wyq/docker/ros_ws/install/moveit_resources_panda_description:/home/wyq/docker/ros_ws/install/moveit_resources_fanuc_description:${AMENT_PREFIX_PATH} CMAKE_PREFIX_PATH=/home/wyq/docker/ros_ws/install/moveit_resources_panda_moveit_config:/home/wyq/docker/ros_ws/install/moveit_resources_fanuc_moveit_config:/home/wyq/docker/ros_ws/install/moveit_resources_pr2_description:/home/wyq/docker/ros_ws/install/moveit_resources_panda_description:/home/wyq/docker/ros_ws/install/moveit_resources_fanuc_description:/opt/ros/humble /usr/bin/cmake --build /home/wyq/docker/ros_ws/build/moveit_resources -- -j4 -l4
[0.071s] Invoking command in '/home/wyq/docker/ros_ws/build/moveit_resources': AMENT_PREFIX_PATH=/home/wyq/docker/ros_ws/install/moveit_resources_panda_moveit_config:/home/wyq/docker/ros_ws/install/moveit_resources_fanuc_moveit_config:/home/wyq/docker/ros_ws/install/moveit_resources_pr2_description:/home/wyq/docker/ros_ws/install/moveit_resources_panda_description:/home/wyq/docker/ros_ws/install/moveit_resources_fanuc_description:${AMENT_PREFIX_PATH} CMAKE_PREFIX_PATH=/home/wyq/docker/ros_ws/install/moveit_resources_panda_moveit_config:/home/wyq/docker/ros_ws/install/moveit_resources_fanuc_moveit_config:/home/wyq/docker/ros_ws/install/moveit_resources_pr2_description:/home/wyq/docker/ros_ws/install/moveit_resources_panda_description:/home/wyq/docker/ros_ws/install/moveit_resources_fanuc_description:/opt/ros/humble /usr/bin/cmake --install /home/wyq/docker/ros_ws/build/moveit_resources
[0.081s] -- Install configuration: ""
[0.081s] -- Up-to-date: /home/wyq/docker/ros_ws/install/moveit_resources/share/ament_index/resource_index/package_run_dependencies/moveit_resources
[0.081s] -- Up-to-date: /home/wyq/docker/ros_ws/install/moveit_resources/share/ament_index/resource_index/parent_prefix_path/moveit_resources
[0.081s] -- Up-to-date: /home/wyq/docker/ros_ws/install/moveit_resources/share/moveit_resources/environment/ament_prefix_path.sh
[0.081s] -- Up-to-date: /home/wyq/docker/ros_ws/install/moveit_resources/share/moveit_resources/environment/ament_prefix_path.dsv
[0.081s] -- Up-to-date: /home/wyq/docker/ros_ws/install/moveit_resources/share/moveit_resources/environment/path.sh
[0.084s] -- Up-to-date: /home/wyq/docker/ros_ws/install/moveit_resources/share/moveit_resources/environment/path.dsv
[0.085s] -- Up-to-date: /home/wyq/docker/ros_ws/install/moveit_resources/share/moveit_resources/local_setup.bash
[0.085s] -- Up-to-date: /home/wyq/docker/ros_ws/install/moveit_resources/share/moveit_resources/local_setup.sh
[0.085s] -- Up-to-date: /home/wyq/docker/ros_ws/install/moveit_resources/share/moveit_resources/local_setup.zsh
[0.085s] -- Up-to-date: /home/wyq/docker/ros_ws/install/moveit_resources/share/moveit_resources/local_setup.dsv
[0.085s] -- Installing: /home/wyq/docker/ros_ws/install/moveit_resources/share/moveit_resources/package.dsv
[0.085s] -- Up-to-date: /home/wyq/docker/ros_ws/install/moveit_resources/share/ament_index/resource_index/packages/moveit_resources
[0.085s] -- Up-to-date: /home/wyq/docker/ros_ws/install/moveit_resources/share/moveit_resources/cmake/moveit_resourcesConfig.cmake
[0.086s] -- Up-to-date: /home/wyq/docker/ros_ws/install/moveit_resources/share/moveit_resources/cmake/moveit_resourcesConfig-version.cmake
[0.086s] -- Up-to-date: /home/wyq/docker/ros_ws/install/moveit_resources/share/moveit_resources/package.xml
[0.088s] Invoked command in '/home/wyq/docker/ros_ws/build/moveit_resources' returned '0': AMENT_PREFIX_PATH=/home/wyq/docker/ros_ws/install/moveit_resources_panda_moveit_config:/home/wyq/docker/ros_ws/install/moveit_resources_fanuc_moveit_config:/home/wyq/docker/ros_ws/install/moveit_resources_pr2_description:/home/wyq/docker/ros_ws/install/moveit_resources_panda_description:/home/wyq/docker/ros_ws/install/moveit_resources_fanuc_description:${AMENT_PREFIX_PATH} CMAKE_PREFIX_PATH=/home/wyq/docker/ros_ws/install/moveit_resources_panda_moveit_config:/home/wyq/docker/ros_ws/install/moveit_resources_fanuc_moveit_config:/home/wyq/docker/ros_ws/install/moveit_resources_pr2_description:/home/wyq/docker/ros_ws/install/moveit_resources_panda_description:/home/wyq/docker/ros_ws/install/moveit_resources_fanuc_description:/opt/ros/humble /usr/bin/cmake --install /home/wyq/docker/ros_ws/build/moveit_resources
