[0.014s] Invoking command in '/home/wyq/docker/ros_ws/build/moveit_resources': AMENT_PREFIX_PATH=/home/wyq/docker/ros_ws/install/moveit_resources_panda_moveit_config:/home/wyq/docker/ros_ws/install/moveit_resources_fanuc_moveit_config:/home/wyq/docker/ros_ws/install/moveit_resources_pr2_description:/home/wyq/docker/ros_ws/install/moveit_resources_panda_description:/home/wyq/docker/ros_ws/install/moveit_resources_fanuc_description:${AMENT_PREFIX_PATH} CMAKE_PREFIX_PATH=/home/wyq/docker/ros_ws/install/moveit_resources_panda_moveit_config:/home/wyq/docker/ros_ws/install/moveit_resources_fanuc_moveit_config:/home/wyq/docker/ros_ws/install/moveit_resources_pr2_description:/home/wyq/docker/ros_ws/install/moveit_resources_panda_description:/home/wyq/docker/ros_ws/install/moveit_resources_fanuc_description:/opt/ros/humble /usr/bin/cmake /home/wyq/docker/ros_ws/src/moveit_resources/moveit_resources -DCMAKE_INSTALL_PREFIX=/home/wyq/docker/ros_ws/install/moveit_resources
[0.064s] -- The C compiler identification is GNU 11.4.0
[0.109s] -- The CXX compiler identification is GNU 11.4.0
[0.115s] -- Detecting C compiler ABI info
[0.179s] -- Detecting C compiler ABI info - done
[0.183s] -- Check for working C compiler: /usr/bin/cc - skipped
[0.183s] -- Detecting C compile features
[0.183s] -- Detecting C compile features - done
[0.185s] -- Detecting CXX compiler ABI info
[0.250s] -- Detecting CXX compiler ABI info - done
[0.255s] -- Check for working CXX compiler: /usr/bin/c++ - skipped
[0.255s] -- Detecting CXX compile features
[0.255s] -- Detecting CXX compile features - done
[0.257s] -- Found ament_cmake: 1.3.11 (/opt/ros/humble/share/ament_cmake/cmake)
[0.360s] -- Found Python3: /usr/bin/python3 (found version "3.10.12") found components: Interpreter 
[0.465s] -- Configuring done
[0.467s] -- Generating done
[0.468s] -- Build files have been written to: /home/wyq/docker/ros_ws/build/moveit_resources
[0.471s] Invoked command in '/home/wyq/docker/ros_ws/build/moveit_resources' returned '0': AMENT_PREFIX_PATH=/home/wyq/docker/ros_ws/install/moveit_resources_panda_moveit_config:/home/wyq/docker/ros_ws/install/moveit_resources_fanuc_moveit_config:/home/wyq/docker/ros_ws/install/moveit_resources_pr2_description:/home/wyq/docker/ros_ws/install/moveit_resources_panda_description:/home/wyq/docker/ros_ws/install/moveit_resources_fanuc_description:${AMENT_PREFIX_PATH} CMAKE_PREFIX_PATH=/home/wyq/docker/ros_ws/install/moveit_resources_panda_moveit_config:/home/wyq/docker/ros_ws/install/moveit_resources_fanuc_moveit_config:/home/wyq/docker/ros_ws/install/moveit_resources_pr2_description:/home/wyq/docker/ros_ws/install/moveit_resources_panda_description:/home/wyq/docker/ros_ws/install/moveit_resources_fanuc_description:/opt/ros/humble /usr/bin/cmake /home/wyq/docker/ros_ws/src/moveit_resources/moveit_resources -DCMAKE_INSTALL_PREFIX=/home/wyq/docker/ros_ws/install/moveit_resources
[0.472s] Invoking command in '/home/wyq/docker/ros_ws/build/moveit_resources': AMENT_PREFIX_PATH=/home/wyq/docker/ros_ws/install/moveit_resources_panda_moveit_config:/home/wyq/docker/ros_ws/install/moveit_resources_fanuc_moveit_config:/home/wyq/docker/ros_ws/install/moveit_resources_pr2_description:/home/wyq/docker/ros_ws/install/moveit_resources_panda_description:/home/wyq/docker/ros_ws/install/moveit_resources_fanuc_description:${AMENT_PREFIX_PATH} CMAKE_PREFIX_PATH=/home/wyq/docker/ros_ws/install/moveit_resources_panda_moveit_config:/home/wyq/docker/ros_ws/install/moveit_resources_fanuc_moveit_config:/home/wyq/docker/ros_ws/install/moveit_resources_pr2_description:/home/wyq/docker/ros_ws/install/moveit_resources_panda_description:/home/wyq/docker/ros_ws/install/moveit_resources_fanuc_description:/opt/ros/humble /usr/bin/cmake --build /home/wyq/docker/ros_ws/build/moveit_resources -- -j4 -l4
[0.501s] Invoked command in '/home/wyq/docker/ros_ws/build/moveit_resources' returned '0': AMENT_PREFIX_PATH=/home/wyq/docker/ros_ws/install/moveit_resources_panda_moveit_config:/home/wyq/docker/ros_ws/install/moveit_resources_fanuc_moveit_config:/home/wyq/docker/ros_ws/install/moveit_resources_pr2_description:/home/wyq/docker/ros_ws/install/moveit_resources_panda_description:/home/wyq/docker/ros_ws/install/moveit_resources_fanuc_description:${AMENT_PREFIX_PATH} CMAKE_PREFIX_PATH=/home/wyq/docker/ros_ws/install/moveit_resources_panda_moveit_config:/home/wyq/docker/ros_ws/install/moveit_resources_fanuc_moveit_config:/home/wyq/docker/ros_ws/install/moveit_resources_pr2_description:/home/wyq/docker/ros_ws/install/moveit_resources_panda_description:/home/wyq/docker/ros_ws/install/moveit_resources_fanuc_description:/opt/ros/humble /usr/bin/cmake --build /home/wyq/docker/ros_ws/build/moveit_resources -- -j4 -l4
[0.503s] Invoking command in '/home/wyq/docker/ros_ws/build/moveit_resources': AMENT_PREFIX_PATH=/home/wyq/docker/ros_ws/install/moveit_resources_panda_moveit_config:/home/wyq/docker/ros_ws/install/moveit_resources_fanuc_moveit_config:/home/wyq/docker/ros_ws/install/moveit_resources_pr2_description:/home/wyq/docker/ros_ws/install/moveit_resources_panda_description:/home/wyq/docker/ros_ws/install/moveit_resources_fanuc_description:${AMENT_PREFIX_PATH} CMAKE_PREFIX_PATH=/home/wyq/docker/ros_ws/install/moveit_resources_panda_moveit_config:/home/wyq/docker/ros_ws/install/moveit_resources_fanuc_moveit_config:/home/wyq/docker/ros_ws/install/moveit_resources_pr2_description:/home/wyq/docker/ros_ws/install/moveit_resources_panda_description:/home/wyq/docker/ros_ws/install/moveit_resources_fanuc_description:/opt/ros/humble /usr/bin/cmake --install /home/wyq/docker/ros_ws/build/moveit_resources
[0.511s] -- Install configuration: ""
[0.512s] -- Installing: /home/wyq/docker/ros_ws/install/moveit_resources/share/ament_index/resource_index/package_run_dependencies/moveit_resources
[0.512s] -- Installing: /home/wyq/docker/ros_ws/install/moveit_resources/share/ament_index/resource_index/parent_prefix_path/moveit_resources
[0.512s] -- Installing: /home/wyq/docker/ros_ws/install/moveit_resources/share/moveit_resources/environment/ament_prefix_path.sh
[0.512s] -- Installing: /home/wyq/docker/ros_ws/install/moveit_resources/share/moveit_resources/environment/ament_prefix_path.dsv
[0.512s] -- Installing: /home/wyq/docker/ros_ws/install/moveit_resources/share/moveit_resources/environment/path.sh
[0.512s] -- Installing: /home/wyq/docker/ros_ws/install/moveit_resources/share/moveit_resources/environment/path.dsv
[0.512s] -- Installing: /home/wyq/docker/ros_ws/install/moveit_resources/share/moveit_resources/local_setup.bash
[0.512s] -- Installing: /home/wyq/docker/ros_ws/install/moveit_resources/share/moveit_resources/local_setup.sh
[0.513s] -- Installing: /home/wyq/docker/ros_ws/install/moveit_resources/share/moveit_resources/local_setup.zsh
[0.513s] -- Installing: /home/wyq/docker/ros_ws/install/moveit_resources/share/moveit_resources/local_setup.dsv
[0.513s] -- Installing: /home/wyq/docker/ros_ws/install/moveit_resources/share/moveit_resources/package.dsv
[0.513s] -- Installing: /home/wyq/docker/ros_ws/install/moveit_resources/share/ament_index/resource_index/packages/moveit_resources
[0.513s] -- Installing: /home/wyq/docker/ros_ws/install/moveit_resources/share/moveit_resources/cmake/moveit_resourcesConfig.cmake
[0.513s] -- Installing: /home/wyq/docker/ros_ws/install/moveit_resources/share/moveit_resources/cmake/moveit_resourcesConfig-version.cmake
[0.513s] -- Installing: /home/wyq/docker/ros_ws/install/moveit_resources/share/moveit_resources/package.xml
[0.514s] Invoked command in '/home/wyq/docker/ros_ws/build/moveit_resources' returned '0': AMENT_PREFIX_PATH=/home/wyq/docker/ros_ws/install/moveit_resources_panda_moveit_config:/home/wyq/docker/ros_ws/install/moveit_resources_fanuc_moveit_config:/home/wyq/docker/ros_ws/install/moveit_resources_pr2_description:/home/wyq/docker/ros_ws/install/moveit_resources_panda_description:/home/wyq/docker/ros_ws/install/moveit_resources_fanuc_description:${AMENT_PREFIX_PATH} CMAKE_PREFIX_PATH=/home/wyq/docker/ros_ws/install/moveit_resources_panda_moveit_config:/home/wyq/docker/ros_ws/install/moveit_resources_fanuc_moveit_config:/home/wyq/docker/ros_ws/install/moveit_resources_pr2_description:/home/wyq/docker/ros_ws/install/moveit_resources_panda_description:/home/wyq/docker/ros_ws/install/moveit_resources_fanuc_description:/opt/ros/humble /usr/bin/cmake --install /home/wyq/docker/ros_ws/build/moveit_resources
