[0.026s] Invoking command in '/home/wyq/docker/ros_ws/build/moveit_resources_panda_description': CMAKE_PREFIX_PATH=/opt/ros/humble /usr/bin/cmake /home/wyq/docker/ros_ws/src/moveit_resources/panda_description -DCMAKE_INSTALL_PREFIX=/home/wyq/docker/ros_ws/install/moveit_resources_panda_description
[0.137s] -- The C compiler identification is GNU 11.4.0
[0.240s] -- The CXX compiler identification is GNU 11.4.0
[0.246s] -- Detecting C compiler ABI info
[0.305s] -- Detecting C compiler ABI info - done
[0.310s] -- Check for working C compiler: /usr/bin/cc - skipped
[0.310s] -- Detecting C compile features
[0.310s] -- Detecting C compile features - done
[0.315s] -- Detecting CXX compiler ABI info
[0.388s] -- Detecting CXX compiler ABI info - done
[0.392s] -- Check for working CXX compiler: /usr/bin/c++ - skipped
[0.393s] -- Detecting CXX compile features
[0.393s] -- Detecting CXX compile features - done
[0.403s] -- Found ament_cmake: 1.3.11 (/opt/ros/humble/share/ament_cmake/cmake)
[0.516s] -- Found Python3: /usr/bin/python3 (found version "3.10.12") found components: Interpreter 
[0.623s] -- Configuring done
[0.625s] -- Generating done
[0.626s] -- Build files have been written to: /home/wyq/docker/ros_ws/build/moveit_resources_panda_description
[0.632s] Invoked command in '/home/wyq/docker/ros_ws/build/moveit_resources_panda_description' returned '0': CMAKE_PREFIX_PATH=/opt/ros/humble /usr/bin/cmake /home/wyq/docker/ros_ws/src/moveit_resources/panda_description -DCMAKE_INSTALL_PREFIX=/home/wyq/docker/ros_ws/install/moveit_resources_panda_description
[0.633s] Invoking command in '/home/wyq/docker/ros_ws/build/moveit_resources_panda_description': CMAKE_PREFIX_PATH=/opt/ros/humble /usr/bin/cmake --build /home/wyq/docker/ros_ws/build/moveit_resources_panda_description -- -j4 -l4
[0.675s] Invoked command in '/home/wyq/docker/ros_ws/build/moveit_resources_panda_description' returned '0': CMAKE_PREFIX_PATH=/opt/ros/humble /usr/bin/cmake --build /home/wyq/docker/ros_ws/build/moveit_resources_panda_description -- -j4 -l4
[0.678s] Invoking command in '/home/wyq/docker/ros_ws/build/moveit_resources_panda_description': CMAKE_PREFIX_PATH=/opt/ros/humble /usr/bin/cmake --install /home/wyq/docker/ros_ws/build/moveit_resources_panda_description
[0.687s] -- Install configuration: ""
[0.687s] -- Installing: /home/wyq/docker/ros_ws/install/moveit_resources_panda_description/share/ament_index/resource_index/package_run_dependencies/moveit_resources_panda_description
[0.687s] -- Installing: /home/wyq/docker/ros_ws/install/moveit_resources_panda_description/share/ament_index/resource_index/parent_prefix_path/moveit_resources_panda_description
[0.687s] -- Installing: /home/wyq/docker/ros_ws/install/moveit_resources_panda_description/share/moveit_resources_panda_description/environment/ament_prefix_path.sh
[0.687s] -- Installing: /home/wyq/docker/ros_ws/install/moveit_resources_panda_description/share/moveit_resources_panda_description/environment/ament_prefix_path.dsv
[0.687s] -- Installing: /home/wyq/docker/ros_ws/install/moveit_resources_panda_description/share/moveit_resources_panda_description/environment/path.sh
[0.687s] -- Installing: /home/wyq/docker/ros_ws/install/moveit_resources_panda_description/share/moveit_resources_panda_description/environment/path.dsv
[0.687s] -- Installing: /home/wyq/docker/ros_ws/install/moveit_resources_panda_description/share/moveit_resources_panda_description/local_setup.bash
[0.687s] -- Installing: /home/wyq/docker/ros_ws/install/moveit_resources_panda_description/share/moveit_resources_panda_description/local_setup.sh
[0.687s] -- Installing: /home/wyq/docker/ros_ws/install/moveit_resources_panda_description/share/moveit_resources_panda_description/local_setup.zsh
[0.687s] -- Installing: /home/wyq/docker/ros_ws/install/moveit_resources_panda_description/share/moveit_resources_panda_description/local_setup.dsv
[0.687s] -- Installing: /home/wyq/docker/ros_ws/install/moveit_resources_panda_description/share/moveit_resources_panda_description/package.dsv
[0.687s] -- Installing: /home/wyq/docker/ros_ws/install/moveit_resources_panda_description/share/ament_index/resource_index/packages/moveit_resources_panda_description
[0.687s] -- Installing: /home/wyq/docker/ros_ws/install/moveit_resources_panda_description/share/moveit_resources_panda_description/cmake/moveit_resources_panda_descriptionConfig.cmake
[0.687s] -- Installing: /home/wyq/docker/ros_ws/install/moveit_resources_panda_description/share/moveit_resources_panda_description/cmake/moveit_resources_panda_descriptionConfig-version.cmake
[0.687s] -- Installing: /home/wyq/docker/ros_ws/install/moveit_resources_panda_description/share/moveit_resources_panda_description/package.xml
[0.688s] -- Installing: /home/wyq/docker/ros_ws/install/moveit_resources_panda_description/share/moveit_resources_panda_description/meshes
[0.688s] -- Installing: /home/wyq/docker/ros_ws/install/moveit_resources_panda_description/share/moveit_resources_panda_description/meshes/collision
[0.688s] -- Installing: /home/wyq/docker/ros_ws/install/moveit_resources_panda_description/share/moveit_resources_panda_description/meshes/collision/link0.stl
[0.688s] -- Installing: /home/wyq/docker/ros_ws/install/moveit_resources_panda_description/share/moveit_resources_panda_description/meshes/collision/link7.stl
[0.688s] -- Installing: /home/wyq/docker/ros_ws/install/moveit_resources_panda_description/share/moveit_resources_panda_description/meshes/collision/link6.stl
[0.688s] -- Installing: /home/wyq/docker/ros_ws/install/moveit_resources_panda_description/share/moveit_resources_panda_description/meshes/collision/finger.stl
[0.689s] -- Installing: /home/wyq/docker/ros_ws/install/moveit_resources_panda_description/share/moveit_resources_panda_description/meshes/collision/link5.stl
[0.689s] -- Installing: /home/wyq/docker/ros_ws/install/moveit_resources_panda_description/share/moveit_resources_panda_description/meshes/collision/link2.stl
[0.689s] -- Installing: /home/wyq/docker/ros_ws/install/moveit_resources_panda_description/share/moveit_resources_panda_description/meshes/collision/link1.stl
[0.689s] -- Installing: /home/wyq/docker/ros_ws/install/moveit_resources_panda_description/share/moveit_resources_panda_description/meshes/collision/link3.stl
[0.689s] -- Installing: /home/wyq/docker/ros_ws/install/moveit_resources_panda_description/share/moveit_resources_panda_description/meshes/collision/link4.stl
[0.689s] -- Installing: /home/wyq/docker/ros_ws/install/moveit_resources_panda_description/share/moveit_resources_panda_description/meshes/collision/hand.stl
[0.689s] -- Installing: /home/wyq/docker/ros_ws/install/moveit_resources_panda_description/share/moveit_resources_panda_description/meshes/visual
[0.689s] -- Installing: /home/wyq/docker/ros_ws/install/moveit_resources_panda_description/share/moveit_resources_panda_description/meshes/visual/link6.dae
[0.689s] -- Installing: /home/wyq/docker/ros_ws/install/moveit_resources_panda_description/share/moveit_resources_panda_description/meshes/visual/hand.dae
[0.690s] -- Installing: /home/wyq/docker/ros_ws/install/moveit_resources_panda_description/share/moveit_resources_panda_description/meshes/visual/finger.dae
[0.690s] -- Installing: /home/wyq/docker/ros_ws/install/moveit_resources_panda_description/share/moveit_resources_panda_description/meshes/visual/link1.dae
[0.692s] -- Installing: /home/wyq/docker/ros_ws/install/moveit_resources_panda_description/share/moveit_resources_panda_description/meshes/visual/link2.dae
[0.693s] -- Installing: /home/wyq/docker/ros_ws/install/moveit_resources_panda_description/share/moveit_resources_panda_description/meshes/visual/link0.dae
[0.694s] -- Installing: /home/wyq/docker/ros_ws/install/moveit_resources_panda_description/share/moveit_resources_panda_description/meshes/visual/link7.dae
[0.695s] -- Installing: /home/wyq/docker/ros_ws/install/moveit_resources_panda_description/share/moveit_resources_panda_description/meshes/visual/link4.dae
[0.699s] -- Installing: /home/wyq/docker/ros_ws/install/moveit_resources_panda_description/share/moveit_resources_panda_description/meshes/visual/link5.dae
[0.699s] -- Installing: /home/wyq/docker/ros_ws/install/moveit_resources_panda_description/share/moveit_resources_panda_description/meshes/visual/link3.dae
[0.699s] -- Installing: /home/wyq/docker/ros_ws/install/moveit_resources_panda_description/share/moveit_resources_panda_description/urdf
[0.699s] -- Installing: /home/wyq/docker/ros_ws/install/moveit_resources_panda_description/share/moveit_resources_panda_description/urdf/panda.urdf
[0.699s] -- Installing: /home/wyq/docker/ros_ws/install/moveit_resources_panda_description/share/moveit_resources_panda_description/urdf/panda.urdf.xacro
[0.713s] Invoked command in '/home/wyq/docker/ros_ws/build/moveit_resources_panda_description' returned '0': CMAKE_PREFIX_PATH=/opt/ros/humble /usr/bin/cmake --install /home/wyq/docker/ros_ws/build/moveit_resources_panda_description
