[0.572s] Invoking command in '/home/wyq/docker/moveit2/ros_ws/src/my_moveit2': PYTHONPATH=/home/wyq/docker/moveit2/ros_ws/build/my_moveit2/prefix_override:/usr/lib/python3/dist-packages/colcon_core/task/python/colcon_distutils_commands:/home/wyq/docker/moveit2/ros_ws/install/my_moveit2/lib/python3.10/site-packages:${PYTHONPATH} /usr/bin/python3 -W ignore:setup.py install is deprecated -W ignore:easy_install command is deprecated setup.py egg_info --egg-base ../../build/my_moveit2 build --build-base /home/wyq/docker/moveit2/ros_ws/build/my_moveit2/build install --record /home/wyq/docker/moveit2/ros_ws/build/my_moveit2/install.log --single-version-externally-managed install_data
[0.722s] running egg_info
[0.722s] writing ../../build/my_moveit2/my_moveit2.egg-info/PKG-INFO
[0.722s] writing dependency_links to ../../build/my_moveit2/my_moveit2.egg-info/dependency_links.txt
[0.722s] writing entry points to ../../build/my_moveit2/my_moveit2.egg-info/entry_points.txt
[0.722s] writing requirements to ../../build/my_moveit2/my_moveit2.egg-info/requires.txt
[0.723s] writing top-level names to ../../build/my_moveit2/my_moveit2.egg-info/top_level.txt
[0.724s] reading manifest file '../../build/my_moveit2/my_moveit2.egg-info/SOURCES.txt'
[0.724s] adding license file 'LICENSE'
[0.724s] writing manifest file '../../build/my_moveit2/my_moveit2.egg-info/SOURCES.txt'
[0.724s] running build
[0.724s] running build_py
[0.725s] running install
[0.725s] running install_lib
[0.726s] running install_data
[0.726s] copying launch/launch.py -> /home/wyq/docker/moveit2/ros_ws/install/my_moveit2/share/my_moveit2/launch
[0.726s] running install_egg_info
[0.728s] removing '/home/wyq/docker/moveit2/ros_ws/install/my_moveit2/lib/python3.10/site-packages/my_moveit2-0.0.0-py3.10.egg-info' (and everything under it)
[0.728s] Copying ../../build/my_moveit2/my_moveit2.egg-info to /home/wyq/docker/moveit2/ros_ws/install/my_moveit2/lib/python3.10/site-packages/my_moveit2-0.0.0-py3.10.egg-info
[0.728s] running install_scripts
[0.742s] Installing demo_moveit_node script to /home/wyq/docker/moveit2/ros_ws/install/my_moveit2/lib/my_moveit2
[0.742s] writing list of installed files to '/home/wyq/docker/moveit2/ros_ws/build/my_moveit2/install.log'
[0.758s] Invoked command in '/home/wyq/docker/moveit2/ros_ws/src/my_moveit2' returned '0': PYTHONPATH=/home/wyq/docker/moveit2/ros_ws/build/my_moveit2/prefix_override:/usr/lib/python3/dist-packages/colcon_core/task/python/colcon_distutils_commands:/home/wyq/docker/moveit2/ros_ws/install/my_moveit2/lib/python3.10/site-packages:${PYTHONPATH} /usr/bin/python3 -W ignore:setup.py install is deprecated -W ignore:easy_install command is deprecated setup.py egg_info --egg-base ../../build/my_moveit2 build --build-base /home/wyq/docker/moveit2/ros_ws/build/my_moveit2/build install --record /home/wyq/docker/moveit2/ros_ws/build/my_moveit2/install.log --single-version-externally-managed install_data
