[0.506s] Invoking command in '/ros_ws/src/my_moveit2': PYTHONPATH=/ros_ws/build/my_moveit2/prefix_override:/usr/lib/python3/dist-packages/colcon_core/task/python/colcon_distutils_commands:/ros_ws/install/my_moveit2/lib/python3.10/site-packages: /usr/bin/python3 -W ignore:setup.py install is deprecated setup.py egg_info --egg-base ../../build/my_moveit2 build --build-base /ros_ws/build/my_moveit2/build install --record /ros_ws/build/my_moveit2/install.log --single-version-externally-managed install_data
[0.598s] running egg_info
[0.598s] writing ../../build/my_moveit2/my_moveit2.egg-info/PKG-INFO
[0.599s] writing dependency_links to ../../build/my_moveit2/my_moveit2.egg-info/dependency_links.txt
[0.599s] writing entry points to ../../build/my_moveit2/my_moveit2.egg-info/entry_points.txt
[0.599s] writing requirements to ../../build/my_moveit2/my_moveit2.egg-info/requires.txt
[0.599s] writing top-level names to ../../build/my_moveit2/my_moveit2.egg-info/top_level.txt
[0.600s] reading manifest file '../../build/my_moveit2/my_moveit2.egg-info/SOURCES.txt'
[0.601s] adding license file 'LICENSE'
[0.601s] writing manifest file '../../build/my_moveit2/my_moveit2.egg-info/SOURCES.txt'
[0.601s] running build
[0.601s] running build_py
[0.602s] running install
[0.602s] running install_lib
[0.604s] running install_data
[0.605s] running install_egg_info
[0.607s] removing '/ros_ws/install/my_moveit2/lib/python3.10/site-packages/my_moveit2-0.0.0-py3.10.egg-info' (and everything under it)
[0.607s] Copying ../../build/my_moveit2/my_moveit2.egg-info to /ros_ws/install/my_moveit2/lib/python3.10/site-packages/my_moveit2-0.0.0-py3.10.egg-info
[0.607s] running install_scripts
[0.619s] Installing demo_moveit_node script to /ros_ws/install/my_moveit2/lib/my_moveit2
[0.620s] writing list of installed files to '/ros_ws/build/my_moveit2/install.log'
[0.632s] Invoked command in '/ros_ws/src/my_moveit2' returned '0': PYTHONPATH=/ros_ws/build/my_moveit2/prefix_override:/usr/lib/python3/dist-packages/colcon_core/task/python/colcon_distutils_commands:/ros_ws/install/my_moveit2/lib/python3.10/site-packages: /usr/bin/python3 -W ignore:setup.py install is deprecated setup.py egg_info --egg-base ../../build/my_moveit2 build --build-base /ros_ws/build/my_moveit2/build install --record /ros_ws/build/my_moveit2/install.log --single-version-externally-managed install_data
